2024-04-17 20:13:46,835 - INFO - [MainThread] - Using device: cuda
2024-04-17 20:13:47,000 - INFO - [MainThread] - starClass
G    5000
F    5000
B    5000
A    5000
M    4000
K    4000
O    2896
Name: count, dtype: int64
2024-04-17 20:13:47,015 - INFO - [MainThread] - Starting fold 1
2024-04-17 20:13:47,026 - INFO - [MainThread] - Train class counts for fold 1: {'B': 4027, 'G': 4022, 'A': 4001, 'F': 3983, 'M': 3197, 'K': 3169, 'O': 2317}
2024-04-17 20:13:47,026 - INFO - [MainThread] - Validation class counts for fold 1: {'F': 1017, 'A': 999, 'G': 978, 'B': 973, 'K': 831, 'M': 803, 'O': 579}
2024-04-17 20:16:02,477 - INFO - [MainThread] - Epoch 1, Training Loss: 1.1020, Training Accuracy: 59.99%
2024-04-17 20:16:26,044 - INFO - [MainThread] - Testing Loss: 0.7838, Testing Accuracy: 71.68%
2024-04-17 20:16:26,057 - INFO - [MainThread] - Testing Classification Report:
              precision    recall  f1-score   support

           O       0.88      0.71      0.78       579
           B       0.51      0.88      0.64       973
           A       0.81      0.60      0.69       999
           F       0.80      0.43      0.56      1017
           G       0.65      0.66      0.65       978
           K       0.80      0.86      0.83       831
           M       0.90      0.97      0.93       803

    accuracy                           0.72      6180
   macro avg       0.76      0.73      0.73      6180
weighted avg       0.75      0.72      0.71      6180

2024-04-17 20:16:26,304 - INFO - [MainThread] - Epoch 1, Current Learning Rate: 0.01
2024-04-17 20:16:26,387 - INFO - [MainThread] - Best model saved at models/star_model_2024-04-17_20-13-46/best_fold_model_epoch_1.pt for this fold
2024-04-17 20:18:55,384 - INFO - [MainThread] - Epoch 2, Training Loss: 0.9218, Training Accuracy: 66.97%
2024-04-17 20:19:18,121 - INFO - [MainThread] - Testing Loss: 0.7038, Testing Accuracy: 72.65%
2024-04-17 20:19:18,133 - INFO - [MainThread] - Testing Classification Report:
              precision    recall  f1-score   support

           O       0.89      0.75      0.82       579
           B       0.62      0.79      0.69       973
           A       0.86      0.60      0.71       999
           F       0.59      0.78      0.67      1017
           G       0.64      0.65      0.64       978
           K       0.84      0.65      0.73       831
           M       0.92      0.91      0.92       803

    accuracy                           0.73      6180
   macro avg       0.77      0.73      0.74      6180
weighted avg       0.75      0.73      0.73      6180

2024-04-17 20:19:18,367 - INFO - [MainThread] - Epoch 2, Current Learning Rate: 0.01
2024-04-17 20:19:18,447 - INFO - [MainThread] - Best model saved at models/star_model_2024-04-17_20-13-46/best_fold_model_epoch_2.pt for this fold
2024-04-17 20:21:24,827 - INFO - [MainThread] - Epoch 3, Training Loss: 0.8603, Training Accuracy: 69.25%
2024-04-17 20:21:46,020 - INFO - [MainThread] - Testing Loss: 0.7062, Testing Accuracy: 73.19%
2024-04-17 20:21:46,032 - INFO - [MainThread] - Testing Classification Report:
              precision    recall  f1-score   support

           O       0.80      0.79      0.79       579
           B       0.60      0.83      0.69       973
           A       0.89      0.63      0.73       999
           F       0.85      0.34      0.48      1017
           G       0.57      0.88      0.69       978
           K       0.88      0.79      0.83       831
           M       0.89      0.96      0.92       803

    accuracy                           0.73      6180
   macro avg       0.78      0.74      0.74      6180
weighted avg       0.77      0.73      0.72      6180

2024-04-17 20:21:46,178 - INFO - [MainThread] - Epoch 3, Current Learning Rate: 0.01
2024-04-17 20:24:02,360 - INFO - [MainThread] - Epoch 4, Training Loss: 0.8245, Training Accuracy: 70.40%
2024-04-17 20:24:21,586 - INFO - [MainThread] - Testing Loss: 0.6372, Testing Accuracy: 75.58%
2024-04-17 20:24:21,598 - INFO - [MainThread] - Testing Classification Report:
              precision    recall  f1-score   support

           O       0.71      0.83      0.77       579
           B       0.72      0.65      0.69       973
           A       0.68      0.74      0.71       999
           F       0.83      0.58      0.68      1017
           G       0.65      0.81      0.72       978
           K       0.88      0.81      0.84       831
           M       0.90      0.95      0.92       803

    accuracy                           0.76      6180
   macro avg       0.77      0.77      0.76      6180
weighted avg       0.77      0.76      0.75      6180

2024-04-17 20:24:21,742 - INFO - [MainThread] - Epoch 4, Current Learning Rate: 0.01
2024-04-17 20:24:21,821 - INFO - [MainThread] - Best model saved at models/star_model_2024-04-17_20-13-46/best_fold_model_epoch_4.pt for this fold
2024-04-17 20:26:45,138 - INFO - [MainThread] - Epoch 5, Training Loss: 0.7978, Training Accuracy: 71.20%
2024-04-17 20:27:05,459 - INFO - [MainThread] - Testing Loss: 0.6638, Testing Accuracy: 74.56%
2024-04-17 20:27:05,470 - INFO - [MainThread] - Testing Classification Report:
              precision    recall  f1-score   support

           O       0.86      0.79      0.82       579
           B       0.74      0.52      0.61       973
           A       0.58      0.87      0.70       999
           F       0.85      0.56      0.68      1017
           G       0.63      0.87      0.73       978
           K       0.93      0.72      0.81       831
           M       0.93      0.94      0.94       803

    accuracy                           0.75      6180
   macro avg       0.79      0.75      0.76      6180
weighted avg       0.78      0.75      0.74      6180

2024-04-17 20:27:05,629 - INFO - [MainThread] - Epoch 5, Current Learning Rate: 0.01
2024-04-17 20:29:26,891 - INFO - [MainThread] - Epoch 6, Training Loss: 0.7724, Training Accuracy: 72.04%
2024-04-17 20:29:47,101 - INFO - [MainThread] - Testing Loss: 0.6014, Testing Accuracy: 78.69%
2024-04-17 20:29:47,113 - INFO - [MainThread] - Testing Classification Report:
              precision    recall  f1-score   support

           O       0.82      0.80      0.81       579
           B       0.59      0.89      0.71       973
           A       0.88      0.63      0.74       999
           F       0.84      0.65      0.73      1017
           G       0.74      0.83      0.78       978
           K       0.87      0.83      0.85       831
           M       0.97      0.93      0.95       803

    accuracy                           0.79      6180
   macro avg       0.82      0.79      0.80      6180
weighted avg       0.81      0.79      0.79      6180

2024-04-17 20:29:47,261 - INFO - [MainThread] - Epoch 6, Current Learning Rate: 0.01
2024-04-17 20:29:47,346 - INFO - [MainThread] - Best model saved at models/star_model_2024-04-17_20-13-46/best_fold_model_epoch_6.pt for this fold
2024-04-17 20:32:06,042 - INFO - [MainThread] - Epoch 7, Training Loss: 0.7562, Training Accuracy: 72.51%
2024-04-17 20:32:27,074 - INFO - [MainThread] - Testing Loss: 0.5963, Testing Accuracy: 78.19%
2024-04-17 20:32:27,085 - INFO - [MainThread] - Testing Classification Report:
              precision    recall  f1-score   support

           O       0.89      0.78      0.83       579
           B       0.65      0.84      0.74       973
           A       0.83      0.65      0.73       999
           F       0.81      0.65      0.72      1017
           G       0.64      0.89      0.75       978
           K       0.96      0.73      0.83       831
           M       0.93      0.96      0.95       803

    accuracy                           0.78      6180
   macro avg       0.82      0.79      0.79      6180
weighted avg       0.81      0.78      0.78      6180

2024-04-17 20:32:27,227 - INFO - [MainThread] - Epoch 7, Current Learning Rate: 0.01
2024-04-17 20:32:27,349 - INFO - [MainThread] - Best model saved at models/star_model_2024-04-17_20-13-46/best_fold_model_epoch_7.pt for this fold
2024-04-17 20:34:52,444 - INFO - [MainThread] - Epoch 8, Training Loss: 0.7363, Training Accuracy: 73.08%
2024-04-17 20:35:14,673 - INFO - [MainThread] - Testing Loss: 0.5687, Testing Accuracy: 77.62%
2024-04-17 20:35:14,685 - INFO - [MainThread] - Testing Classification Report:
              precision    recall  f1-score   support

           O       0.85      0.79      0.82       579
           B       0.67      0.77      0.72       973
           A       0.71      0.73      0.72       999
           F       0.78      0.73      0.75      1017
           G       0.85      0.63      0.72       978
           K       0.80      0.85      0.83       831
           M       0.86      0.98      0.91       803

    accuracy                           0.78      6180
   macro avg       0.79      0.78      0.78      6180
weighted avg       0.78      0.78      0.77      6180

2024-04-17 20:35:14,825 - INFO - [MainThread] - Epoch 8, Current Learning Rate: 0.01
2024-04-17 20:35:14,904 - INFO - [MainThread] - Best model saved at models/star_model_2024-04-17_20-13-46/best_fold_model_epoch_8.pt for this fold
2024-04-17 20:37:44,422 - INFO - [MainThread] - Epoch 9, Training Loss: 0.7316, Training Accuracy: 73.39%
2024-04-17 20:38:03,400 - INFO - [MainThread] - Testing Loss: 0.5790, Testing Accuracy: 78.98%
2024-04-17 20:38:03,411 - INFO - [MainThread] - Testing Classification Report:
              precision    recall  f1-score   support

           O       0.86      0.79      0.82       579
           B       0.60      0.93      0.73       973
           A       0.84      0.64      0.73       999
           F       0.88      0.59      0.70      1017
           G       0.77      0.79      0.78       978
           K       0.86      0.86      0.86       831
           M       0.92      0.98      0.95       803

    accuracy                           0.79      6180
   macro avg       0.82      0.80      0.80      6180
weighted avg       0.81      0.79      0.79      6180

2024-04-17 20:38:03,544 - INFO - [MainThread] - Epoch 9, Current Learning Rate: 0.01
2024-04-17 20:40:27,269 - INFO - [MainThread] - Epoch 10, Training Loss: 0.7114, Training Accuracy: 74.34%
2024-04-17 20:40:47,742 - INFO - [MainThread] - Testing Loss: 0.6005, Testing Accuracy: 78.24%
2024-04-17 20:40:47,753 - INFO - [MainThread] - Testing Classification Report:
              precision    recall  f1-score   support

           O       0.86      0.80      0.83       579
           B       0.69      0.75      0.72       973
           A       0.69      0.78      0.73       999
           F       0.95      0.52      0.67      1017
           G       0.65      0.90      0.76       978
           K       0.93      0.80      0.86       831
           M       0.94      0.98      0.96       803

    accuracy                           0.78      6180
   macro avg       0.82      0.79      0.79      6180
weighted avg       0.81      0.78      0.78      6180

2024-04-17 20:40:47,902 - INFO - [MainThread] - Epoch 10, Current Learning Rate: 0.01
2024-04-17 20:43:13,177 - INFO - [MainThread] - Epoch 11, Training Loss: 0.7030, Training Accuracy: 74.41%
2024-04-17 20:43:34,388 - INFO - [MainThread] - Testing Loss: 0.5836, Testing Accuracy: 78.80%
2024-04-17 20:43:34,400 - INFO - [MainThread] - Testing Classification Report:
              precision    recall  f1-score   support

           O       0.90      0.81      0.85       579
           B       0.66      0.84      0.74       973
           A       0.82      0.68      0.75       999
           F       0.90      0.60      0.72      1017
           G       0.72      0.85      0.78       978
           K       0.90      0.80      0.85       831
           M       0.79      0.99      0.88       803

    accuracy                           0.79      6180
   macro avg       0.81      0.80      0.79      6180
weighted avg       0.81      0.79      0.79      6180

2024-04-17 20:43:34,544 - INFO - [MainThread] - Epoch 11, Current Learning Rate: 0.01
2024-04-17 20:46:03,840 - INFO - [MainThread] - Epoch 12, Training Loss: 0.6916, Training Accuracy: 74.89%
2024-04-17 20:46:23,166 - INFO - [MainThread] - Testing Loss: 0.5762, Testing Accuracy: 78.50%
2024-04-17 20:46:23,177 - INFO - [MainThread] - Testing Classification Report:
              precision    recall  f1-score   support

           O       0.85      0.85      0.85       579
           B       0.75      0.69      0.72       973
           A       0.64      0.80      0.72       999
           F       0.86      0.62      0.72      1017
           G       0.74      0.83      0.79       978
           K       0.94      0.79      0.85       831
           M       0.84      0.98      0.90       803

    accuracy                           0.78      6180
   macro avg       0.80      0.79      0.79      6180
weighted avg       0.80      0.78      0.78      6180

2024-04-17 20:46:23,471 - INFO - [MainThread] - Epoch 12, Current Learning Rate: 0.01
