2024-04-18 01:21:24,542 - INFO - [MainThread] - Using device: cuda
2024-04-18 01:21:25,166 - INFO - [MainThread] - starClass
G    3500
F    3500
K    3500
B    3500
A    3500
M    3500
O    2896
Name: count, dtype: int64
2024-04-18 01:21:25,176 - INFO - [MainThread] - Starting fold 1
2024-04-18 01:21:25,315 - INFO - [MainThread] - Train class counts for fold 1: {'K': 2826, 'F': 2818, 'M': 2801, 'A': 2788, 'B': 2784, 'G': 2778, 'O': 2321}
2024-04-18 01:21:25,315 - INFO - [MainThread] - Validation class counts for fold 1: {'G': 722, 'B': 716, 'A': 712, 'M': 699, 'F': 682, 'K': 674, 'O': 575}
2024-04-18 01:23:35,276 - INFO - [MainThread] - Epoch 1, Training Loss: 1.0203, Training Accuracy: 62.87%
2024-04-18 01:23:50,563 - INFO - [MainThread] - Testing Loss: 0.7106, Testing Accuracy: 72.03%
2024-04-18 01:23:50,572 - INFO - [MainThread] - Testing Classification Report:
              precision    recall  f1-score   support

           O       0.84      0.74      0.79       575
           B       0.55      0.83      0.67       716
           A       0.87      0.57      0.69       712
           F       0.56      0.76      0.64       682
           G       0.83      0.43      0.57       722
           K       0.85      0.74      0.79       674
           M       0.82      0.98      0.89       699

    accuracy                           0.72      4780
   macro avg       0.76      0.72      0.72      4780
weighted avg       0.76      0.72      0.72      4780

2024-04-18 01:23:50,897 - INFO - [MainThread] - Epoch 1, Current Learning Rate: 0.001
2024-04-18 01:23:51,058 - INFO - [MainThread] - Best model saved at models/star_model_2024-04-18_01-21-24/best_fold_model_epoch_1.pt for this fold
2024-04-18 01:26:11,775 - INFO - [MainThread] - Epoch 2, Training Loss: 0.8785, Training Accuracy: 67.95%
2024-04-18 01:26:27,099 - INFO - [MainThread] - Testing Loss: 0.6924, Testing Accuracy: 72.36%
2024-04-18 01:26:27,109 - INFO - [MainThread] - Testing Classification Report:
              precision    recall  f1-score   support

           O       0.83      0.72      0.77       575
           B       0.56      0.83      0.67       716
           A       0.92      0.51      0.66       712
           F       0.55      0.76      0.64       682
           G       0.78      0.46      0.58       722
           K       0.87      0.80      0.83       674
           M       0.84      0.99      0.91       699

    accuracy                           0.72      4780
   macro avg       0.76      0.73      0.72      4780
weighted avg       0.76      0.72      0.72      4780

2024-04-18 01:26:27,260 - INFO - [MainThread] - Epoch 2, Current Learning Rate: 0.001
2024-04-18 01:26:27,433 - INFO - [MainThread] - Best model saved at models/star_model_2024-04-18_01-21-24/best_fold_model_epoch_2.pt for this fold
2024-04-18 01:28:48,690 - INFO - [MainThread] - Epoch 3, Training Loss: 0.8069, Training Accuracy: 70.60%
2024-04-18 01:29:02,967 - INFO - [MainThread] - Testing Loss: 0.6010, Testing Accuracy: 77.34%
2024-04-18 01:29:02,976 - INFO - [MainThread] - Testing Classification Report:
              precision    recall  f1-score   support

           O       0.89      0.75      0.81       575
           B       0.62      0.87      0.72       716
           A       0.86      0.68      0.76       712
           F       0.69      0.65      0.67       682
           G       0.69      0.75      0.72       722
           K       0.92      0.73      0.81       674
           M       0.88      0.99      0.93       699

    accuracy                           0.77      4780
   macro avg       0.79      0.77      0.78      4780
weighted avg       0.79      0.77      0.77      4780

2024-04-18 01:29:03,117 - INFO - [MainThread] - Epoch 3, Current Learning Rate: 0.001
2024-04-18 01:29:03,295 - INFO - [MainThread] - Best model saved at models/star_model_2024-04-18_01-21-24/best_fold_model_epoch_3.pt for this fold
2024-04-18 01:31:18,791 - INFO - [MainThread] - Epoch 4, Training Loss: 0.7606, Training Accuracy: 72.36%
2024-04-18 01:31:33,110 - INFO - [MainThread] - Testing Loss: 0.5914, Testing Accuracy: 78.14%
2024-04-18 01:31:33,119 - INFO - [MainThread] - Testing Classification Report:
              precision    recall  f1-score   support

           O       0.88      0.74      0.81       575
           B       0.62      0.85      0.72       716
           A       0.84      0.66      0.74       712
           F       0.71      0.67      0.69       682
           G       0.73      0.75      0.74       722
           K       0.90      0.81      0.85       674
           M       0.89      0.98      0.93       699

    accuracy                           0.78      4780
   macro avg       0.80      0.78      0.78      4780
weighted avg       0.79      0.78      0.78      4780

2024-04-18 01:31:33,260 - INFO - [MainThread] - Epoch 4, Current Learning Rate: 0.001
2024-04-18 01:31:33,437 - INFO - [MainThread] - Best model saved at models/star_model_2024-04-18_01-21-24/best_fold_model_epoch_4.pt for this fold
2024-04-18 01:33:53,515 - INFO - [MainThread] - Epoch 5, Training Loss: 0.7395, Training Accuracy: 73.30%
2024-04-18 01:34:07,801 - INFO - [MainThread] - Testing Loss: 0.5870, Testing Accuracy: 76.30%
2024-04-18 01:34:07,809 - INFO - [MainThread] - Testing Classification Report:
              precision    recall  f1-score   support

           O       0.93      0.71      0.81       575
           B       0.57      0.90      0.70       716
           A       0.81      0.71      0.76       712
           F       0.67      0.65      0.66       682
           G       0.80      0.56      0.66       722
           K       0.80      0.87      0.83       674
           M       0.96      0.93      0.94       699

    accuracy                           0.76      4780
   macro avg       0.79      0.76      0.77      4780
weighted avg       0.79      0.76      0.76      4780

2024-04-18 01:34:07,967 - INFO - [MainThread] - Epoch 5, Current Learning Rate: 0.001
2024-04-18 01:34:08,137 - INFO - [MainThread] - Best model saved at models/star_model_2024-04-18_01-21-24/best_fold_model_epoch_5.pt for this fold
2024-04-18 01:36:27,815 - INFO - [MainThread] - Epoch 6, Training Loss: 0.7010, Training Accuracy: 74.29%
2024-04-18 01:36:42,130 - INFO - [MainThread] - Testing Loss: 0.5771, Testing Accuracy: 77.72%
2024-04-18 01:36:42,140 - INFO - [MainThread] - Testing Classification Report:
              precision    recall  f1-score   support

           O       0.86      0.75      0.80       575
           B       0.62      0.82      0.71       716
           A       0.83      0.71      0.77       712
           F       0.80      0.55      0.65       682
           G       0.70      0.78      0.74       722
           K       0.88      0.84      0.86       674
           M       0.85      0.97      0.91       699

    accuracy                           0.78      4780
   macro avg       0.79      0.78      0.78      4780
weighted avg       0.79      0.78      0.78      4780

2024-04-18 01:36:42,279 - INFO - [MainThread] - Epoch 6, Current Learning Rate: 0.001
2024-04-18 01:36:42,448 - INFO - [MainThread] - Best model saved at models/star_model_2024-04-18_01-21-24/best_fold_model_epoch_6.pt for this fold
2024-04-18 01:38:58,093 - INFO - [MainThread] - Epoch 7, Training Loss: 0.6765, Training Accuracy: 75.47%
2024-04-18 01:39:12,246 - INFO - [MainThread] - Testing Loss: 0.5405, Testing Accuracy: 79.62%
2024-04-18 01:39:12,255 - INFO - [MainThread] - Testing Classification Report:
              precision    recall  f1-score   support

           O       0.85      0.80      0.82       575
           B       0.65      0.82      0.73       716
           A       0.85      0.69      0.76       712
           F       0.70      0.77      0.73       682
           G       0.74      0.73      0.74       722
           K       0.93      0.79      0.85       674
           M       0.94      0.98      0.96       699

    accuracy                           0.80      4780
   macro avg       0.81      0.80      0.80      4780
weighted avg       0.81      0.80      0.80      4780

2024-04-18 01:39:12,395 - INFO - [MainThread] - Epoch 7, Current Learning Rate: 0.001
2024-04-18 01:39:12,538 - INFO - [MainThread] - Best model saved at models/star_model_2024-04-18_01-21-24/best_fold_model_epoch_7.pt for this fold
2024-04-18 01:41:30,257 - INFO - [MainThread] - Epoch 8, Training Loss: 0.6633, Training Accuracy: 75.63%
2024-04-18 01:41:44,085 - INFO - [MainThread] - Testing Loss: 0.5386, Testing Accuracy: 79.94%
2024-04-18 01:41:44,094 - INFO - [MainThread] - Testing Classification Report:
              precision    recall  f1-score   support

           O       0.91      0.76      0.83       575
           B       0.60      0.91      0.72       716
           A       0.88      0.68      0.76       712
           F       0.77      0.67      0.72       682
           G       0.78      0.74      0.76       722
           K       0.89      0.84      0.87       674
           M       0.92      0.98      0.95       699

    accuracy                           0.80      4780
   macro avg       0.82      0.80      0.80      4780
weighted avg       0.82      0.80      0.80      4780

2024-04-18 01:41:44,250 - INFO - [MainThread] - Epoch 8, Current Learning Rate: 0.001
2024-04-18 01:41:44,392 - INFO - [MainThread] - Best model saved at models/star_model_2024-04-18_01-21-24/best_fold_model_epoch_8.pt for this fold
2024-04-18 01:44:03,562 - INFO - [MainThread] - Epoch 9, Training Loss: 0.6492, Training Accuracy: 76.35%
2024-04-18 01:44:18,133 - INFO - [MainThread] - Testing Loss: 0.5483, Testing Accuracy: 78.87%
2024-04-18 01:44:18,142 - INFO - [MainThread] - Testing Classification Report:
              precision    recall  f1-score   support

           O       0.82      0.80      0.81       575
           B       0.69      0.75      0.72       716
           A       0.71      0.79      0.75       712
           F       0.78      0.61      0.69       682
           G       0.70      0.81      0.75       722
           K       0.92      0.79      0.85       674
           M       0.95      0.96      0.96       699

    accuracy                           0.79      4780
   macro avg       0.80      0.79      0.79      4780
weighted avg       0.80      0.79      0.79      4780

2024-04-18 01:44:18,283 - INFO - [MainThread] - Epoch 9, Current Learning Rate: 0.001
2024-04-18 01:46:34,191 - INFO - [MainThread] - Epoch 10, Training Loss: 0.6447, Training Accuracy: 76.45%
2024-04-18 01:46:48,687 - INFO - [MainThread] - Testing Loss: 0.5269, Testing Accuracy: 79.67%
2024-04-18 01:46:48,696 - INFO - [MainThread] - Testing Classification Report:
              precision    recall  f1-score   support

           O       0.91      0.78      0.84       575
           B       0.66      0.84      0.74       716
           A       0.88      0.64      0.74       712
           F       0.66      0.80      0.72       682
           G       0.82      0.68      0.74       722
           K       0.91      0.83      0.87       674
           M       0.87      0.99      0.93       699

    accuracy                           0.80      4780
   macro avg       0.81      0.80      0.80      4780
weighted avg       0.81      0.80      0.80      4780

2024-04-18 01:46:48,837 - INFO - [MainThread] - Epoch 10, Current Learning Rate: 0.001
2024-04-18 01:46:48,978 - INFO - [MainThread] - Best model saved at models/star_model_2024-04-18_01-21-24/best_fold_model_epoch_10.pt for this fold
2024-04-18 01:49:08,313 - INFO - [MainThread] - Epoch 11, Training Loss: 0.6352, Training Accuracy: 76.84%
2024-04-18 01:49:22,958 - INFO - [MainThread] - Testing Loss: 0.5583, Testing Accuracy: 79.06%
2024-04-18 01:49:22,967 - INFO - [MainThread] - Testing Classification Report:
              precision    recall  f1-score   support

           O       0.87      0.80      0.84       575
           B       0.68      0.79      0.73       716
           A       0.74      0.77      0.75       712
           F       0.79      0.65      0.71       682
           G       0.73      0.81      0.77       722
           K       0.88      0.77      0.82       674
           M       0.91      0.93      0.92       699

    accuracy                           0.79      4780
   macro avg       0.80      0.79      0.79      4780
weighted avg       0.80      0.79      0.79      4780

2024-04-18 01:49:23,236 - INFO - [MainThread] - Epoch 11, Current Learning Rate: 0.001
2024-04-18 01:51:53,162 - INFO - [MainThread] - Epoch 12, Training Loss: 0.6189, Training Accuracy: 77.40%
2024-04-18 01:52:13,169 - INFO - [MainThread] - Testing Loss: 0.5262, Testing Accuracy: 80.08%
2024-04-18 01:52:13,177 - INFO - [MainThread] - Testing Classification Report:
              precision    recall  f1-score   support

           O       0.82      0.81      0.82       575
           B       0.62      0.86      0.72       716
           A       0.86      0.71      0.78       712
           F       0.78      0.70      0.74       682
           G       0.77      0.76      0.76       722
           K       0.93      0.80      0.86       674
           M       0.93      0.97      0.95       699

    accuracy                           0.80      4780
   macro avg       0.82      0.80      0.80      4780
weighted avg       0.81      0.80      0.80      4780

2024-04-18 01:52:13,313 - INFO - [MainThread] - Epoch 12, Current Learning Rate: 0.001
2024-04-18 01:52:13,458 - INFO - [MainThread] - Best model saved at models/star_model_2024-04-18_01-21-24/best_fold_model_epoch_12.pt for this fold
2024-04-18 01:54:40,390 - INFO - [MainThread] - Epoch 13, Training Loss: 0.6169, Training Accuracy: 77.19%
2024-04-18 01:55:00,460 - INFO - [MainThread] - Testing Loss: 0.5231, Testing Accuracy: 80.31%
2024-04-18 01:55:00,468 - INFO - [MainThread] - Testing Classification Report:
              precision    recall  f1-score   support

           O       0.74      0.86      0.79       575
           B       0.73      0.71      0.72       716
           A       0.79      0.77      0.78       712
           F       0.76      0.73      0.75       682
           G       0.76      0.80      0.78       722
           K       0.93      0.79      0.86       674
           M       0.93      0.97      0.95       699

    accuracy                           0.80      4780
   macro avg       0.81      0.80      0.80      4780
weighted avg       0.81      0.80      0.80      4780

2024-04-18 01:55:00,606 - INFO - [MainThread] - Epoch 13, Current Learning Rate: 0.001
2024-04-18 01:55:00,749 - INFO - [MainThread] - Best model saved at models/star_model_2024-04-18_01-21-24/best_fold_model_epoch_13.pt for this fold
2024-04-18 01:57:26,649 - INFO - [MainThread] - Epoch 14, Training Loss: 0.6048, Training Accuracy: 78.07%
2024-04-18 01:57:46,602 - INFO - [MainThread] - Testing Loss: 0.5377, Testing Accuracy: 78.93%
2024-04-18 01:57:46,610 - INFO - [MainThread] - Testing Classification Report:
              precision    recall  f1-score   support

           O       0.89      0.74      0.81       575
           B       0.62      0.86      0.72       716
           A       0.83      0.69      0.75       712
           F       0.78      0.69      0.73       682
           G       0.75      0.78      0.76       722
           K       0.92      0.78      0.84       674
           M       0.86      0.99      0.92       699

    accuracy                           0.79      4780
   macro avg       0.81      0.79      0.79      4780
weighted avg       0.80      0.79      0.79      4780

2024-04-18 01:57:46,747 - INFO - [MainThread] - Epoch 14, Current Learning Rate: 0.001
2024-04-18 02:00:12,322 - INFO - [MainThread] - Epoch 15, Training Loss: 0.5854, Training Accuracy: 78.16%
2024-04-18 02:00:32,235 - INFO - [MainThread] - Testing Loss: 0.5047, Testing Accuracy: 80.21%
2024-04-18 02:00:32,244 - INFO - [MainThread] - Testing Classification Report:
              precision    recall  f1-score   support

           O       0.87      0.80      0.83       575
           B       0.70      0.74      0.72       716
           A       0.71      0.79      0.75       712
           F       0.77      0.71      0.74       682
           G       0.77      0.79      0.78       722
           K       0.91      0.81      0.86       674
           M       0.92      0.98      0.95       699

    accuracy                           0.80      4780
   macro avg       0.81      0.80      0.80      4780
weighted avg       0.81      0.80      0.80      4780

2024-04-18 02:00:32,382 - INFO - [MainThread] - Epoch 15, Current Learning Rate: 0.001
2024-04-18 02:00:32,527 - INFO - [MainThread] - Best model saved at models/star_model_2024-04-18_01-21-24/best_fold_model_epoch_15.pt for this fold
2024-04-18 02:02:57,360 - INFO - [MainThread] - Epoch 16, Training Loss: 0.5860, Training Accuracy: 78.42%
2024-04-18 02:03:16,878 - INFO - [MainThread] - Testing Loss: 0.5258, Testing Accuracy: 79.35%
2024-04-18 02:03:16,887 - INFO - [MainThread] - Testing Classification Report:
              precision    recall  f1-score   support

           O       0.81      0.79      0.80       575
           B       0.64      0.80      0.71       716
           A       0.80      0.74      0.77       712
           F       0.73      0.72      0.72       682
           G       0.79      0.73      0.75       722
           K       0.89      0.83      0.86       674
           M       0.95      0.95      0.95       699

    accuracy                           0.79      4780
   macro avg       0.80      0.79      0.80      4780
weighted avg       0.80      0.79      0.80      4780

2024-04-18 02:03:17,022 - INFO - [MainThread] - Epoch 16, Current Learning Rate: 0.001
2024-04-18 02:05:31,841 - INFO - [MainThread] - Epoch 17, Training Loss: 0.5796, Training Accuracy: 78.74%
2024-04-18 02:05:50,115 - INFO - [MainThread] - Testing Loss: 0.5084, Testing Accuracy: 79.62%
2024-04-18 02:05:50,124 - INFO - [MainThread] - Testing Classification Report:
              precision    recall  f1-score   support

           O       0.79      0.82      0.80       575
           B       0.68      0.80      0.74       716
           A       0.81      0.73      0.77       712
           F       0.73      0.71      0.72       682
           G       0.77      0.74      0.76       722
           K       0.91      0.80      0.85       674
           M       0.91      0.98      0.94       699

    accuracy                           0.80      4780
   macro avg       0.80      0.80      0.80      4780
weighted avg       0.80      0.80      0.80      4780

2024-04-18 02:05:50,271 - INFO - [MainThread] - Epoch 17, Current Learning Rate: 0.001
2024-04-18 02:08:08,076 - INFO - [MainThread] - Epoch 18, Training Loss: 0.5747, Training Accuracy: 78.98%
2024-04-18 02:08:21,955 - INFO - [MainThread] - Testing Loss: 0.5037, Testing Accuracy: 80.23%
2024-04-18 02:08:21,964 - INFO - [MainThread] - Testing Classification Report:
              precision    recall  f1-score   support

           O       0.92      0.77      0.84       575
           B       0.67      0.83      0.74       716
           A       0.76      0.78      0.77       712
           F       0.74      0.71      0.72       682
           G       0.78      0.76      0.77       722
           K       0.90      0.79      0.84       674
           M       0.92      0.97      0.94       699

    accuracy                           0.80      4780
   macro avg       0.81      0.80      0.80      4780
weighted avg       0.81      0.80      0.80      4780

2024-04-18 02:08:22,102 - INFO - [MainThread] - Epoch 18, Current Learning Rate: 0.001
2024-04-18 02:08:22,257 - INFO - [MainThread] - Best model saved at models/star_model_2024-04-18_01-21-24/best_fold_model_epoch_18.pt for this fold
2024-04-18 02:10:27,153 - INFO - [MainThread] - Epoch 19, Training Loss: 0.5751, Training Accuracy: 79.16%
2024-04-18 02:10:41,861 - INFO - [MainThread] - Testing Loss: 0.5123, Testing Accuracy: 79.79%
2024-04-18 02:10:41,870 - INFO - [MainThread] - Testing Classification Report:
              precision    recall  f1-score   support

           O       0.81      0.83      0.82       575
           B       0.74      0.69      0.72       716
           A       0.71      0.81      0.76       712
           F       0.74      0.70      0.72       682
           G       0.76      0.80      0.78       722
           K       0.91      0.79      0.84       674
           M       0.93      0.97      0.95       699

    accuracy                           0.80      4780
   macro avg       0.80      0.80      0.80      4780
weighted avg       0.80      0.80      0.80      4780

2024-04-18 02:10:42,009 - INFO - [MainThread] - Epoch 19, Current Learning Rate: 0.001
2024-04-18 02:13:00,609 - INFO - [MainThread] - Epoch 20, Training Loss: 0.5714, Training Accuracy: 79.22%
2024-04-18 02:13:15,474 - INFO - [MainThread] - Testing Loss: 0.5206, Testing Accuracy: 80.33%
2024-04-18 02:13:15,483 - INFO - [MainThread] - Testing Classification Report:
              precision    recall  f1-score   support

           O       0.84      0.81      0.83       575
           B       0.74      0.73      0.73       716
           A       0.85      0.69      0.76       712
           F       0.66      0.76      0.71       682
           G       0.74      0.82      0.78       722
           K       0.92      0.83      0.87       674
           M       0.93      0.98      0.95       699

    accuracy                           0.80      4780
   macro avg       0.81      0.80      0.80      4780
weighted avg       0.81      0.80      0.80      4780

2024-04-18 02:13:15,627 - INFO - [MainThread] - Epoch 20, Current Learning Rate: 0.001
2024-04-18 02:15:31,914 - INFO - [MainThread] - Epoch 21, Training Loss: 0.5589, Training Accuracy: 79.51%
2024-04-18 02:15:45,767 - INFO - [MainThread] - Testing Loss: 0.5075, Testing Accuracy: 80.40%
2024-04-18 02:15:45,776 - INFO - [MainThread] - Testing Classification Report:
              precision    recall  f1-score   support

           O       0.88      0.82      0.85       575
           B       0.70      0.83      0.75       716
           A       0.85      0.72      0.78       712
           F       0.67      0.80      0.73       682
           G       0.78      0.76      0.77       722
           K       0.97      0.72      0.82       674
           M       0.89      0.99      0.94       699

    accuracy                           0.80      4780
   macro avg       0.82      0.80      0.81      4780
weighted avg       0.82      0.80      0.80      4780

2024-04-18 02:15:46,040 - INFO - [MainThread] - Epoch 21, Current Learning Rate: 0.001
2024-04-18 02:18:07,534 - INFO - [MainThread] - Epoch 22, Training Loss: 0.5469, Training Accuracy: 79.91%
2024-04-18 02:18:26,439 - INFO - [MainThread] - Testing Loss: 0.5053, Testing Accuracy: 80.44%
2024-04-18 02:18:26,448 - INFO - [MainThread] - Testing Classification Report:
              precision    recall  f1-score   support

           O       0.83      0.75      0.79       575
           B       0.63      0.84      0.72       716
           A       0.82      0.74      0.77       712
           F       0.80      0.71      0.75       682
           G       0.76      0.79      0.78       722
           K       0.90      0.84      0.86       674
           M       0.97      0.96      0.97       699

    accuracy                           0.80      4780
   macro avg       0.82      0.80      0.81      4780
weighted avg       0.81      0.80      0.81      4780

2024-04-18 02:18:26,595 - INFO - [MainThread] - Epoch 22, Current Learning Rate: 0.001
2024-04-18 02:20:47,942 - INFO - [MainThread] - Epoch 23, Training Loss: 0.5601, Training Accuracy: 79.68%
2024-04-18 02:21:06,575 - INFO - [MainThread] - Testing Loss: 0.5156, Testing Accuracy: 79.12%
2024-04-18 02:21:06,584 - INFO - [MainThread] - Testing Classification Report:
              precision    recall  f1-score   support

           O       0.92      0.76      0.83       575
           B       0.64      0.87      0.74       716
           A       0.88      0.69      0.77       712
           F       0.68      0.80      0.74       682
           G       0.76      0.73      0.75       722
           K       0.92      0.71      0.80       674
           M       0.88      0.98      0.93       699

    accuracy                           0.79      4780
   macro avg       0.81      0.79      0.79      4780
weighted avg       0.81      0.79      0.79      4780

2024-04-18 02:21:06,721 - INFO - [MainThread] - Epoch 23, Current Learning Rate: 0.001
2024-04-18 02:23:28,961 - INFO - [MainThread] - Epoch 24, Training Loss: 0.5379, Training Accuracy: 80.10%
2024-04-18 02:23:48,197 - INFO - [MainThread] - Testing Loss: 0.5209, Testing Accuracy: 79.62%
2024-04-18 02:23:48,206 - INFO - [MainThread] - Testing Classification Report:
              precision    recall  f1-score   support

           O       0.78      0.79      0.78       575
           B       0.65      0.79      0.72       716
           A       0.80      0.73      0.76       712
           F       0.77      0.72      0.74       682
           G       0.78      0.75      0.76       722
           K       0.90      0.85      0.87       674
           M       0.92      0.96      0.94       699

    accuracy                           0.80      4780
   macro avg       0.80      0.80      0.80      4780
weighted avg       0.80      0.80      0.80      4780

2024-04-18 02:23:48,344 - INFO - [MainThread] - Epoch 24, Current Learning Rate: 0.0001
2024-04-18 02:23:48,346 - INFO - [MainThread] - Early stopping triggered after 24 epochs
2024-04-18 02:23:48,676 - INFO - [MainThread] - Starting fold 2
2024-04-18 02:23:48,681 - INFO - [MainThread] - Train class counts for fold 2: {'B': 2845, 'F': 2801, 'G': 2798, 'M': 2787, 'A': 2781, 'K': 2765, 'O': 2340}
2024-04-18 02:23:48,681 - INFO - [MainThread] - Validation class counts for fold 2: {'K': 735, 'A': 719, 'M': 713, 'G': 702, 'F': 699, 'B': 655, 'O': 556}
