2024-04-18 12:11:56,474 - INFO - [MainThread] - Using device: cuda
2024-04-18 12:11:57,059 - INFO - [MainThread] - Starting fold 1
2024-04-18 12:11:57,065 - INFO - [MainThread] - Train class counts for fold 1: {'F': 4025, 'A': 3612, 'B': 3599, 'G': 3198, 'M': 3187, 'K': 3164, 'O': 2331}
2024-04-18 12:11:57,065 - INFO - [MainThread] - Validation class counts for fold 1: {'F': 975, 'B': 901, 'A': 888, 'K': 836, 'M': 813, 'G': 802, 'O': 565}
2024-04-18 12:13:59,940 - INFO - [MainThread] - Epoch 1, Training Loss: 0.8504, Training Accuracy: 68.63%
2024-04-18 12:14:24,652 - INFO - [MainThread] - Testing Loss: 0.7900, Testing Accuracy: 74.79%
2024-04-18 12:14:24,663 - INFO - [MainThread] - Testing Classification Report:
              precision    recall  f1-score   support

           O       0.91      0.73      0.81       565
           B       0.56      0.92      0.69       901
           A       0.80      0.64      0.71       888
           F       0.80      0.49      0.61       975
           G       0.75      0.67      0.70       802
           K       0.81      0.85      0.83       836
           M       0.85      0.98      0.91       813

    accuracy                           0.75      5780
   macro avg       0.78      0.75      0.75      5780
weighted avg       0.77      0.75      0.74      5780

2024-04-18 12:14:24,903 - INFO - [MainThread] - Epoch 1, Current Learning Rate: 0.001
2024-04-18 12:14:25,088 - INFO - [MainThread] - Best model saved at models/star_model_2024-04-18_12-11-56/best_fold_model_epoch_1.pt for this fold
2024-04-18 12:16:34,917 - INFO - [MainThread] - Epoch 2, Training Loss: 0.7036, Training Accuracy: 73.67%
2024-04-18 12:16:58,417 - INFO - [MainThread] - Testing Loss: 0.7486, Testing Accuracy: 73.86%
2024-04-18 12:16:58,428 - INFO - [MainThread] - Testing Classification Report:
              precision    recall  f1-score   support

           O       0.89      0.76      0.82       565
           B       0.63      0.78      0.70       901
           A       0.85      0.65      0.74       888
           F       0.78      0.59      0.67       975
           G       0.71      0.56      0.63       802
           K       0.71      0.88      0.79       836
           M       0.73      0.98      0.84       813

    accuracy                           0.74      5780
   macro avg       0.76      0.74      0.74      5780
weighted avg       0.75      0.74      0.73      5780

2024-04-18 12:16:58,664 - INFO - [MainThread] - Epoch 2, Current Learning Rate: 0.001
2024-04-18 12:16:58,815 - INFO - [MainThread] - Best model saved at models/star_model_2024-04-18_12-11-56/best_fold_model_epoch_2.pt for this fold
2024-04-18 12:19:02,122 - INFO - [MainThread] - Epoch 3, Training Loss: 0.6537, Training Accuracy: 75.14%
2024-04-18 12:19:25,343 - INFO - [MainThread] - Testing Loss: 0.6768, Testing Accuracy: 75.93%
2024-04-18 12:19:25,353 - INFO - [MainThread] - Testing Classification Report:
              precision    recall  f1-score   support

           O       0.89      0.75      0.81       565
           B       0.60      0.89      0.72       901
           A       0.81      0.65      0.72       888
           F       0.93      0.44      0.60       975
           G       0.66      0.78      0.71       802
           K       0.78      0.91      0.84       836
           M       0.89      0.96      0.92       813

    accuracy                           0.76      5780
   macro avg       0.79      0.77      0.76      5780
weighted avg       0.79      0.76      0.75      5780

2024-04-18 12:19:25,499 - INFO - [MainThread] - Epoch 3, Current Learning Rate: 0.001
2024-04-18 12:19:25,658 - INFO - [MainThread] - Best model saved at models/star_model_2024-04-18_12-11-56/best_fold_model_epoch_3.pt for this fold
2024-04-18 12:21:32,256 - INFO - [MainThread] - Epoch 4, Training Loss: 0.6213, Training Accuracy: 76.48%
2024-04-18 12:21:55,081 - INFO - [MainThread] - Testing Loss: 0.6775, Testing Accuracy: 76.06%
2024-04-18 12:21:55,092 - INFO - [MainThread] - Testing Classification Report:
              precision    recall  f1-score   support

           O       0.83      0.78      0.80       565
           B       0.59      0.88      0.71       901
           A       0.89      0.61      0.73       888
           F       0.91      0.54      0.68       975
           G       0.70      0.71      0.71       802
           K       0.75      0.89      0.82       836
           M       0.85      0.95      0.90       813

    accuracy                           0.76      5780
   macro avg       0.79      0.77      0.76      5780
weighted avg       0.79      0.76      0.76      5780

2024-04-18 12:21:55,259 - INFO - [MainThread] - Epoch 4, Current Learning Rate: 0.001
2024-04-18 12:23:58,623 - INFO - [MainThread] - Epoch 5, Training Loss: 0.5911, Training Accuracy: 77.48%
2024-04-18 12:24:22,989 - INFO - [MainThread] - Testing Loss: 0.6515, Testing Accuracy: 75.85%
2024-04-18 12:24:23,000 - INFO - [MainThread] - Testing Classification Report:
              precision    recall  f1-score   support

           O       0.87      0.77      0.82       565
           B       0.59      0.91      0.72       901
           A       0.81      0.67      0.74       888
           F       0.89      0.49      0.63       975
           G       0.73      0.70      0.72       802
           K       0.77      0.86      0.81       836
           M       0.83      0.95      0.89       813

    accuracy                           0.76      5780
   macro avg       0.79      0.76      0.76      5780
weighted avg       0.78      0.76      0.75      5780

2024-04-18 12:24:23,151 - INFO - [MainThread] - Epoch 5, Current Learning Rate: 0.001
2024-04-18 12:24:23,314 - INFO - [MainThread] - Best model saved at models/star_model_2024-04-18_12-11-56/best_fold_model_epoch_5.pt for this fold
