2024-04-15 22:27:22,911 - INFO - [MainThread] - Using device: cuda
2024-04-15 22:27:23,099 - INFO - [MainThread] - Starting fold 1
2024-04-15 22:27:23,107 - INFO - [MainThread] - Train class counts for fold 1: {'G': 3220, 'B': 3215, 'A': 3206, 'M': 3202, 'F': 3200, 'K': 3179, 'O': 2294}
2024-04-15 22:27:23,107 - INFO - [MainThread] - Validation class counts for fold 1: {'K': 821, 'F': 800, 'M': 798, 'A': 793, 'B': 785, 'G': 780, 'O': 602}
2024-04-15 22:29:56,663 - INFO - [MainThread] - Epoch 1, Training Loss: 1.0248, Training Accuracy: 63.55%
2024-04-15 22:30:15,111 - INFO - [MainThread] - Testing Loss: 0.8028, Testing Accuracy: 71.43%
2024-04-15 22:30:15,122 - INFO - [MainThread] - Testing Classification Report:
              precision    recall  f1-score   support

           O       0.85      0.75      0.80       602
           B       0.56      0.85      0.68       785
           A       0.81      0.68      0.74       793
           F       0.52      0.71      0.60       800
           G       0.71      0.39      0.50       780
           K       0.90      0.69      0.78       821
           M       0.90      0.92      0.91       798

    accuracy                           0.71      5379
   macro avg       0.75      0.71      0.72      5379
weighted avg       0.75      0.71      0.71      5379

2024-04-15 22:30:15,377 - INFO - [MainThread] - Epoch 1, Current Learning Rate: 0.001
2024-04-15 22:30:15,523 - INFO - [MainThread] - Best model saved at models/star_model_2024-04-15_22-27-21/best_fold_model_epoch_1.pt for this fold
2024-04-15 22:32:54,196 - INFO - [MainThread] - Epoch 2, Training Loss: 0.8791, Training Accuracy: 68.65%
2024-04-15 22:33:14,412 - INFO - [MainThread] - Testing Loss: 0.9168, Testing Accuracy: 74.18%
2024-04-15 22:33:14,422 - INFO - [MainThread] - Testing Classification Report:
              precision    recall  f1-score   support

           O       0.89      0.72      0.80       602
           B       0.65      0.77      0.70       785
           A       0.86      0.67      0.76       793
           F       0.57      0.76      0.65       800
           G       0.68      0.58      0.62       780
           K       0.91      0.70      0.79       821
           M       0.80      0.98      0.89       798

    accuracy                           0.74      5379
   macro avg       0.77      0.74      0.74      5379
weighted avg       0.76      0.74      0.74      5379

2024-04-15 22:33:14,667 - INFO - [MainThread] - Epoch 2, Current Learning Rate: 0.001
2024-04-15 22:35:47,139 - INFO - [MainThread] - Epoch 3, Training Loss: 0.8170, Training Accuracy: 70.84%
2024-04-15 22:36:07,032 - INFO - [MainThread] - Testing Loss: 0.9045, Testing Accuracy: 76.67%
2024-04-15 22:36:07,043 - INFO - [MainThread] - Testing Classification Report:
              precision    recall  f1-score   support

           O       0.87      0.73      0.79       602
           B       0.64      0.79      0.71       785
           A       0.93      0.63      0.75       793
           F       0.59      0.81      0.68       800
           G       0.73      0.59      0.65       780
           K       0.89      0.84      0.86       821
           M       0.88      0.97      0.93       798

    accuracy                           0.77      5379
   macro avg       0.79      0.76      0.77      5379
weighted avg       0.79      0.77      0.77      5379

2024-04-15 22:36:07,190 - INFO - [MainThread] - Epoch 3, Current Learning Rate: 0.001
2024-04-15 22:38:42,781 - INFO - [MainThread] - Epoch 4, Training Loss: 0.7818, Training Accuracy: 72.32%
2024-04-15 22:39:03,094 - INFO - [MainThread] - Testing Loss: 4.1625, Testing Accuracy: 77.36%
2024-04-15 22:39:03,105 - INFO - [MainThread] - Testing Classification Report:
              precision    recall  f1-score   support

           O       0.81      0.76      0.79       602
           B       0.65      0.76      0.70       785
           A       0.88      0.69      0.77       793
           F       0.75      0.59      0.66       800
           G       0.67      0.80      0.73       780
           K       0.87      0.82      0.84       821
           M       0.84      0.98      0.90       798

    accuracy                           0.77      5379
   macro avg       0.78      0.77      0.77      5379
weighted avg       0.78      0.77      0.77      5379

2024-04-15 22:39:03,254 - INFO - [MainThread] - Epoch 4, Current Learning Rate: 0.001
2024-04-15 22:41:33,168 - INFO - [MainThread] - Epoch 5, Training Loss: 0.7476, Training Accuracy: 73.35%
2024-04-15 22:41:52,258 - INFO - [MainThread] - Testing Loss: 32.0192, Testing Accuracy: 79.07%
2024-04-15 22:41:52,269 - INFO - [MainThread] - Testing Classification Report:
              precision    recall  f1-score   support

           O       0.86      0.75      0.80       602
           B       0.65      0.81      0.72       785
           A       0.88      0.69      0.77       793
           F       0.73      0.71      0.72       800
           G       0.77      0.70      0.73       780
           K       0.85      0.88      0.86       821
           M       0.86      0.98      0.91       798

    accuracy                           0.79      5379
   macro avg       0.80      0.79      0.79      5379
weighted avg       0.80      0.79      0.79      5379

2024-04-15 22:41:52,432 - INFO - [MainThread] - Epoch 5, Current Learning Rate: 0.001
2024-04-15 22:44:29,202 - INFO - [MainThread] - Epoch 6, Training Loss: 0.7281, Training Accuracy: 73.94%
2024-04-15 22:44:48,288 - INFO - [MainThread] - Testing Loss: 77.6232, Testing Accuracy: 75.46%
2024-04-15 22:44:48,299 - INFO - [MainThread] - Testing Classification Report:
              precision    recall  f1-score   support

           O       0.91      0.73      0.81       602
           B       0.64      0.80      0.71       785
           A       0.74      0.65      0.69       793
           F       0.76      0.63      0.69       800
           G       0.68      0.69      0.68       780
           K       0.86      0.83      0.84       821
           M       0.78      0.95      0.86       798

    accuracy                           0.75      5379
   macro avg       0.77      0.75      0.75      5379
weighted avg       0.76      0.75      0.75      5379

2024-04-15 22:44:48,441 - INFO - [MainThread] - Epoch 6, Current Learning Rate: 0.001
2024-04-15 22:47:18,928 - INFO - [MainThread] - Epoch 7, Training Loss: 0.7051, Training Accuracy: 74.87%
2024-04-15 22:47:37,345 - INFO - [MainThread] - Testing Loss: 734.5296, Testing Accuracy: 77.00%
2024-04-15 22:47:37,356 - INFO - [MainThread] - Testing Classification Report:
              precision    recall  f1-score   support

           O       0.92      0.71      0.80       602
           B       0.64      0.77      0.70       785
           A       0.84      0.71      0.77       793
           F       0.68      0.68      0.68       800
           G       0.69      0.76      0.72       780
           K       0.85      0.82      0.84       821
           M       0.87      0.93      0.90       798

    accuracy                           0.77      5379
   macro avg       0.78      0.77      0.77      5379
weighted avg       0.78      0.77      0.77      5379

2024-04-15 22:47:37,497 - INFO - [MainThread] - Epoch 7, Current Learning Rate: 0.0001
2024-04-15 22:47:37,499 - INFO - [MainThread] - Early stopping triggered after 7 epochs
2024-04-15 22:47:37,837 - INFO - [MainThread] - Starting fold 2
2024-04-15 22:47:37,842 - INFO - [MainThread] - Train class counts for fold 2: {'B': 3224, 'K': 3205, 'F': 3205, 'G': 3200, 'M': 3183, 'A': 3168, 'O': 2331}
2024-04-15 22:47:37,842 - INFO - [MainThread] - Validation class counts for fold 2: {'A': 831, 'M': 817, 'G': 800, 'F': 795, 'K': 795, 'B': 776, 'O': 565}
2024-04-15 22:50:07,112 - INFO - [MainThread] - Epoch 1, Training Loss: 1.0180, Training Accuracy: 63.39%
2024-04-15 22:50:25,223 - INFO - [MainThread] - Testing Loss: 0.7471, Testing Accuracy: 74.01%
2024-04-15 22:50:25,234 - INFO - [MainThread] - Testing Classification Report:
              precision    recall  f1-score   support

           O       0.85      0.72      0.78       565
           B       0.55      0.83      0.66       776
           A       0.91      0.62      0.74       831
           F       0.69      0.48      0.56       795
           G       0.64      0.76      0.69       800
           K       0.81      0.82      0.81       795
           M       0.90      0.95      0.92       817

    accuracy                           0.74      5379
   macro avg       0.76      0.74      0.74      5379
weighted avg       0.76      0.74      0.74      5379

2024-04-15 22:50:25,378 - INFO - [MainThread] - Epoch 1, Current Learning Rate: 0.001
2024-04-15 22:50:25,732 - INFO - [MainThread] - Best model saved at models/star_model_2024-04-15_22-27-21/best_fold_model_epoch_1.pt for this fold
2024-04-15 22:52:55,546 - INFO - [MainThread] - Epoch 2, Training Loss: 0.8646, Training Accuracy: 69.25%
2024-04-15 22:53:13,888 - INFO - [MainThread] - Testing Loss: 0.8010, Testing Accuracy: 73.58%
2024-04-15 22:53:13,899 - INFO - [MainThread] - Testing Classification Report:
              precision    recall  f1-score   support

           O       0.89      0.68      0.77       565
           B       0.56      0.85      0.68       776
           A       0.91      0.62      0.74       831
           F       0.60      0.73      0.66       795
           G       0.78      0.47      0.59       800
           K       0.84      0.81      0.82       795
           M       0.80      0.97      0.88       817

    accuracy                           0.74      5379
   macro avg       0.77      0.73      0.73      5379
weighted avg       0.77      0.74      0.73      5379

2024-04-15 22:53:14,041 - INFO - [MainThread] - Epoch 2, Current Learning Rate: 0.001
2024-04-15 22:55:43,393 - INFO - [MainThread] - Epoch 3, Training Loss: 0.8089, Training Accuracy: 71.01%
2024-04-15 22:56:02,252 - INFO - [MainThread] - Testing Loss: 0.6565, Testing Accuracy: 76.61%
2024-04-15 22:56:02,263 - INFO - [MainThread] - Testing Classification Report:
              precision    recall  f1-score   support

           O       0.89      0.73      0.80       565
           B       0.64      0.83      0.72       776
           A       0.86      0.70      0.77       831
           F       0.78      0.53      0.63       795
           G       0.67      0.77      0.72       800
           K       0.76      0.89      0.82       795
           M       0.88      0.90      0.89       817

    accuracy                           0.77      5379
   macro avg       0.78      0.76      0.76      5379
weighted avg       0.78      0.77      0.76      5379

2024-04-15 22:56:02,535 - INFO - [MainThread] - Epoch 3, Current Learning Rate: 0.001
2024-04-15 22:56:02,679 - INFO - [MainThread] - Best model saved at models/star_model_2024-04-15_22-27-21/best_fold_model_epoch_3.pt for this fold
2024-04-15 22:58:53,015 - INFO - [MainThread] - Epoch 4, Training Loss: 0.7746, Training Accuracy: 72.09%
2024-04-15 22:59:16,809 - INFO - [MainThread] - Testing Loss: 1.9811, Testing Accuracy: 76.02%
2024-04-15 22:59:16,820 - INFO - [MainThread] - Testing Classification Report:
              precision    recall  f1-score   support

           O       0.76      0.80      0.78       565
           B       0.68      0.66      0.67       776
           A       0.91      0.67      0.77       831
           F       0.67      0.61      0.64       795
           G       0.60      0.82      0.70       800
           K       0.89      0.81      0.85       795
           M       0.89      0.96      0.92       817

    accuracy                           0.76      5379
   macro avg       0.77      0.76      0.76      5379
weighted avg       0.77      0.76      0.76      5379

2024-04-15 22:59:16,974 - INFO - [MainThread] - Epoch 4, Current Learning Rate: 0.001
2024-04-15 23:02:05,279 - INFO - [MainThread] - Epoch 5, Training Loss: 0.7335, Training Accuracy: 73.67%
2024-04-15 23:02:29,131 - INFO - [MainThread] - Testing Loss: 29.0056, Testing Accuracy: 77.82%
2024-04-15 23:02:29,142 - INFO - [MainThread] - Testing Classification Report:
              precision    recall  f1-score   support

           O       0.79      0.78      0.79       565
           B       0.65      0.79      0.71       776
           A       0.88      0.71      0.78       831
           F       0.70      0.67      0.69       795
           G       0.75      0.68      0.71       800
           K       0.87      0.85      0.86       795
           M       0.83      0.96      0.89       817

    accuracy                           0.78      5379
   macro avg       0.78      0.78      0.78      5379
weighted avg       0.78      0.78      0.78      5379

2024-04-15 23:02:29,283 - INFO - [MainThread] - Epoch 5, Current Learning Rate: 0.001
2024-04-15 23:05:20,902 - INFO - [MainThread] - Epoch 6, Training Loss: 0.7160, Training Accuracy: 74.36%
2024-04-15 23:05:44,834 - INFO - [MainThread] - Testing Loss: 65.8137, Testing Accuracy: 75.91%
2024-04-15 23:05:44,845 - INFO - [MainThread] - Testing Classification Report:
              precision    recall  f1-score   support

           O       0.88      0.74      0.80       565
           B       0.65      0.78      0.71       776
           A       0.92      0.65      0.76       831
           F       0.59      0.77      0.67       795
           G       0.70      0.58      0.63       800
           K       0.90      0.81      0.85       795
           M       0.83      0.98      0.90       817

    accuracy                           0.76      5379
   macro avg       0.78      0.76      0.76      5379
weighted avg       0.78      0.76      0.76      5379

2024-04-15 23:05:45,000 - INFO - [MainThread] - Epoch 6, Current Learning Rate: 0.001
2024-04-15 23:08:32,265 - INFO - [MainThread] - Epoch 7, Training Loss: 0.7033, Training Accuracy: 75.06%
2024-04-15 23:08:56,235 - INFO - [MainThread] - Testing Loss: 160.6258, Testing Accuracy: 77.67%
2024-04-15 23:08:56,246 - INFO - [MainThread] - Testing Classification Report:
              precision    recall  f1-score   support

           O       0.88      0.79      0.83       565
           B       0.64      0.82      0.72       776
           A       0.95      0.64      0.76       831
           F       0.68      0.70      0.69       795
           G       0.72      0.79      0.75       800
           K       0.88      0.78      0.82       795
           M       0.83      0.93      0.87       817

    accuracy                           0.78      5379
   macro avg       0.80      0.78      0.78      5379
weighted avg       0.79      0.78      0.78      5379

2024-04-15 23:08:56,389 - INFO - [MainThread] - Epoch 7, Current Learning Rate: 0.001
2024-04-15 23:11:41,467 - INFO - [MainThread] - Epoch 8, Training Loss: 0.6759, Training Accuracy: 75.66%
2024-04-15 23:12:05,125 - INFO - [MainThread] - Testing Loss: 42.7869, Testing Accuracy: 77.75%
2024-04-15 23:12:05,136 - INFO - [MainThread] - Testing Classification Report:
              precision    recall  f1-score   support

           O       0.84      0.78      0.81       565
           B       0.64      0.78      0.70       776
           A       0.84      0.72      0.77       831
           F       0.79      0.55      0.65       795
           G       0.69      0.79      0.74       800
           K       0.85      0.85      0.85       795
           M       0.85      0.97      0.91       817

    accuracy                           0.78      5379
   macro avg       0.79      0.78      0.78      5379
weighted avg       0.78      0.78      0.77      5379

2024-04-15 23:12:05,290 - INFO - [MainThread] - Epoch 8, Current Learning Rate: 0.001
2024-04-15 23:14:48,537 - INFO - [MainThread] - Epoch 9, Training Loss: 0.6689, Training Accuracy: 76.01%
2024-04-15 23:15:11,297 - INFO - [MainThread] - Testing Loss: 4.3181, Testing Accuracy: 78.84%
2024-04-15 23:15:11,307 - INFO - [MainThread] - Testing Classification Report:
              precision    recall  f1-score   support

           O       0.93      0.75      0.83       565
           B       0.66      0.81      0.73       776
           A       0.86      0.73      0.79       831
           F       0.68      0.74      0.70       795
           G       0.71      0.71      0.71       800
           K       0.86      0.83      0.84       795
           M       0.92      0.95      0.94       817

    accuracy                           0.79      5379
   macro avg       0.80      0.79      0.79      5379
weighted avg       0.80      0.79      0.79      5379

2024-04-15 23:15:11,449 - INFO - [MainThread] - Epoch 9, Current Learning Rate: 0.0001
2024-04-15 23:15:11,451 - INFO - [MainThread] - Early stopping triggered after 9 epochs
2024-04-15 23:15:11,788 - INFO - [MainThread] - Starting fold 3
2024-04-15 23:15:11,793 - INFO - [MainThread] - Train class counts for fold 3: {'F': 3239, 'G': 3235, 'M': 3201, 'B': 3193, 'A': 3176, 'K': 3154, 'O': 2318}
2024-04-15 23:15:11,793 - INFO - [MainThread] - Validation class counts for fold 3: {'K': 846, 'A': 823, 'B': 807, 'M': 799, 'G': 765, 'F': 761, 'O': 578}
2024-04-15 23:18:00,698 - INFO - [MainThread] - Epoch 1, Training Loss: 1.0136, Training Accuracy: 63.28%
2024-04-15 23:18:24,244 - INFO - [MainThread] - Testing Loss: 1.0329, Testing Accuracy: 71.39%
2024-04-15 23:18:24,254 - INFO - [MainThread] - Testing Classification Report:
              precision    recall  f1-score   support

           O       0.70      0.77      0.73       578
           B       0.66      0.56      0.61       807
           A       0.57      0.75      0.65       823
           F       0.65      0.51      0.57       761
           G       0.66      0.64      0.65       765
           K       0.89      0.80      0.84       846
           M       0.88      0.96      0.92       799

    accuracy                           0.71      5379
   macro avg       0.72      0.71      0.71      5379
weighted avg       0.72      0.71      0.71      5379

2024-04-15 23:18:24,411 - INFO - [MainThread] - Epoch 1, Current Learning Rate: 0.001
2024-04-15 23:18:24,729 - INFO - [MainThread] - Best model saved at models/star_model_2024-04-15_22-27-21/best_fold_model_epoch_1.pt for this fold
2024-04-15 23:20:57,326 - INFO - [MainThread] - Epoch 2, Training Loss: 0.8607, Training Accuracy: 69.14%
2024-04-15 23:21:16,680 - INFO - [MainThread] - Testing Loss: 0.8011, Testing Accuracy: 73.84%
2024-04-15 23:21:16,691 - INFO - [MainThread] - Testing Classification Report:
              precision    recall  f1-score   support

           O       0.84      0.72      0.77       578
           B       0.62      0.84      0.72       807
           A       0.88      0.68      0.77       823
           F       0.73      0.23      0.35       761
           G       0.54      0.86      0.66       765
           K       0.89      0.82      0.85       846
           M       0.87      0.98      0.92       799

    accuracy                           0.74      5379
   macro avg       0.77      0.73      0.72      5379
weighted avg       0.77      0.74      0.72      5379

2024-04-15 23:21:16,835 - INFO - [MainThread] - Epoch 2, Current Learning Rate: 0.001
2024-04-15 23:21:16,984 - INFO - [MainThread] - Best model saved at models/star_model_2024-04-15_22-27-21/best_fold_model_epoch_2.pt for this fold
2024-04-15 23:23:48,221 - INFO - [MainThread] - Epoch 3, Training Loss: 0.8167, Training Accuracy: 70.92%
2024-04-15 23:24:07,493 - INFO - [MainThread] - Testing Loss: 1.3801, Testing Accuracy: 74.40%
2024-04-15 23:24:07,504 - INFO - [MainThread] - Testing Classification Report:
              precision    recall  f1-score   support

           O       0.87      0.71      0.78       578
           B       0.63      0.81      0.71       807
           A       0.91      0.67      0.77       823
           F       0.56      0.42      0.48       761
           G       0.57      0.80      0.67       765
           K       0.93      0.80      0.86       846
           M       0.87      0.98      0.92       799

    accuracy                           0.74      5379
   macro avg       0.76      0.74      0.74      5379
weighted avg       0.76      0.74      0.74      5379

2024-04-15 23:24:07,809 - INFO - [MainThread] - Epoch 3, Current Learning Rate: 0.001
2024-04-15 23:26:45,863 - INFO - [MainThread] - Epoch 4, Training Loss: 0.7709, Training Accuracy: 72.27%
2024-04-15 23:27:06,468 - INFO - [MainThread] - Testing Loss: 2.5736, Testing Accuracy: 75.53%
2024-04-15 23:27:06,479 - INFO - [MainThread] - Testing Classification Report:
              precision    recall  f1-score   support

           O       0.84      0.72      0.78       578
           B       0.65      0.78      0.71       807
           A       0.77      0.73      0.75       823
           F       0.76      0.47      0.58       761
           G       0.68      0.68      0.68       765
           K       0.83      0.89      0.85       846
           M       0.79      0.98      0.88       799

    accuracy                           0.76      5379
   macro avg       0.76      0.75      0.75      5379
weighted avg       0.76      0.76      0.75      5379

2024-04-15 23:27:06,621 - INFO - [MainThread] - Epoch 4, Current Learning Rate: 0.001
2024-04-15 23:29:48,163 - INFO - [MainThread] - Epoch 5, Training Loss: 0.7469, Training Accuracy: 73.56%
2024-04-15 23:30:09,389 - INFO - [MainThread] - Testing Loss: 0.6328, Testing Accuracy: 78.10%
2024-04-15 23:30:09,400 - INFO - [MainThread] - Testing Classification Report:
              precision    recall  f1-score   support

           O       0.88      0.72      0.79       578
           B       0.63      0.86      0.73       807
           A       0.79      0.73      0.76       823
           F       0.75      0.54      0.63       761
           G       0.74      0.73      0.73       765
           K       0.86      0.86      0.86       846
           M       0.88      0.98      0.93       799

    accuracy                           0.78      5379
   macro avg       0.79      0.78      0.78      5379
weighted avg       0.79      0.78      0.78      5379

2024-04-15 23:30:09,542 - INFO - [MainThread] - Epoch 5, Current Learning Rate: 0.001
2024-04-15 23:30:09,685 - INFO - [MainThread] - Best model saved at models/star_model_2024-04-15_22-27-21/best_fold_model_epoch_5.pt for this fold
2024-04-15 23:32:50,004 - INFO - [MainThread] - Epoch 6, Training Loss: 0.7271, Training Accuracy: 73.94%
2024-04-15 23:33:11,083 - INFO - [MainThread] - Testing Loss: 6.3398, Testing Accuracy: 75.20%
2024-04-15 23:33:11,094 - INFO - [MainThread] - Testing Classification Report:
              precision    recall  f1-score   support

           O       0.81      0.77      0.79       578
           B       0.67      0.79      0.73       807
           A       0.84      0.71      0.77       823
           F       0.56      0.46      0.51       761
           G       0.64      0.66      0.65       765
           K       0.84      0.89      0.87       846
           M       0.87      0.96      0.91       799

    accuracy                           0.75      5379
   macro avg       0.75      0.75      0.75      5379
weighted avg       0.75      0.75      0.75      5379

2024-04-15 23:33:11,237 - INFO - [MainThread] - Epoch 6, Current Learning Rate: 0.001
2024-04-15 23:35:50,596 - INFO - [MainThread] - Epoch 7, Training Loss: 0.7136, Training Accuracy: 75.05%
2024-04-15 23:36:11,263 - INFO - [MainThread] - Testing Loss: 7.0482, Testing Accuracy: 78.43%
2024-04-15 23:36:11,273 - INFO - [MainThread] - Testing Classification Report:
              precision    recall  f1-score   support

           O       0.86      0.77      0.81       578
           B       0.69      0.80      0.74       807
           A       0.88      0.70      0.78       823
           F       0.68      0.66      0.67       761
           G       0.72      0.70      0.71       765
           K       0.85      0.87      0.86       846
           M       0.84      0.98      0.90       799

    accuracy                           0.78      5379
   macro avg       0.79      0.78      0.78      5379
weighted avg       0.79      0.78      0.78      5379

2024-04-15 23:36:11,415 - INFO - [MainThread] - Epoch 7, Current Learning Rate: 0.001
2024-04-15 23:38:49,994 - INFO - [MainThread] - Epoch 8, Training Loss: 0.6948, Training Accuracy: 75.29%
2024-04-15 23:39:10,669 - INFO - [MainThread] - Testing Loss: 28.6963, Testing Accuracy: 78.55%
2024-04-15 23:39:10,680 - INFO - [MainThread] - Testing Classification Report:
              precision    recall  f1-score   support

           O       0.83      0.74      0.78       578
           B       0.65      0.83      0.73       807
           A       0.84      0.72      0.78       823
           F       0.71      0.60      0.65       761
           G       0.71      0.74      0.72       765
           K       0.89      0.88      0.88       846
           M       0.90      0.97      0.93       799

    accuracy                           0.79      5379
   macro avg       0.79      0.78      0.78      5379
weighted avg       0.79      0.79      0.78      5379

2024-04-15 23:39:10,835 - INFO - [MainThread] - Epoch 8, Current Learning Rate: 0.001
2024-04-15 23:41:47,984 - INFO - [MainThread] - Epoch 9, Training Loss: 0.6751, Training Accuracy: 76.11%
2024-04-15 23:42:08,674 - INFO - [MainThread] - Testing Loss: 2.7566, Testing Accuracy: 77.34%
2024-04-15 23:42:08,685 - INFO - [MainThread] - Testing Classification Report:
              precision    recall  f1-score   support

           O       0.78      0.78      0.78       578
           B       0.71      0.78      0.74       807
           A       0.96      0.60      0.74       823
           F       0.65      0.63      0.64       761
           G       0.66      0.82      0.73       765
           K       0.88      0.82      0.85       846
           M       0.85      0.98      0.91       799

    accuracy                           0.77      5379
   macro avg       0.78      0.77      0.77      5379
weighted avg       0.79      0.77      0.77      5379

2024-04-15 23:42:08,823 - INFO - [MainThread] - Epoch 9, Current Learning Rate: 0.001
2024-04-15 23:44:49,418 - INFO - [MainThread] - Epoch 10, Training Loss: 0.6681, Training Accuracy: 76.42%
2024-04-15 23:45:07,964 - INFO - [MainThread] - Testing Loss: 8.5905, Testing Accuracy: 78.99%
2024-04-15 23:45:07,975 - INFO - [MainThread] - Testing Classification Report:
              precision    recall  f1-score   support

           O       0.79      0.79      0.79       578
           B       0.69      0.77      0.73       807
           A       0.78      0.76      0.77       823
           F       0.74      0.67      0.71       761
           G       0.77      0.72      0.74       765
           K       0.86      0.86      0.86       846
           M       0.88      0.95      0.92       799

    accuracy                           0.79      5379
   macro avg       0.79      0.79      0.79      5379
weighted avg       0.79      0.79      0.79      5379

2024-04-15 23:45:08,118 - INFO - [MainThread] - Epoch 10, Current Learning Rate: 0.001
2024-04-15 23:47:32,357 - INFO - [MainThread] - Epoch 11, Training Loss: 0.6582, Training Accuracy: 76.73%
2024-04-15 23:47:50,530 - INFO - [MainThread] - Testing Loss: 260.9141, Testing Accuracy: 76.43%
2024-04-15 23:47:50,541 - INFO - [MainThread] - Testing Classification Report:
              precision    recall  f1-score   support

           O       0.81      0.82      0.81       578
           B       0.72      0.69      0.70       807
           A       0.93      0.62      0.74       823
           F       0.54      0.81      0.65       761
           G       0.73      0.67      0.70       765
           K       0.90      0.80      0.85       846
           M       0.88      0.96      0.92       799

    accuracy                           0.76      5379
   macro avg       0.79      0.77      0.77      5379
weighted avg       0.79      0.76      0.77      5379

2024-04-15 23:47:50,683 - INFO - [MainThread] - Epoch 11, Current Learning Rate: 0.0001
2024-04-15 23:47:50,685 - INFO - [MainThread] - Early stopping triggered after 11 epochs
2024-04-15 23:47:51,162 - INFO - [MainThread] - Starting fold 4
2024-04-15 23:47:51,171 - INFO - [MainThread] - Train class counts for fold 4: {'M': 3231, 'A': 3217, 'G': 3206, 'K': 3198, 'B': 3180, 'F': 3152, 'O': 2332}
2024-04-15 23:47:51,171 - INFO - [MainThread] - Validation class counts for fold 4: {'F': 848, 'B': 820, 'K': 802, 'G': 794, 'A': 782, 'M': 769, 'O': 564}
2024-04-15 23:50:42,884 - INFO - [MainThread] - Epoch 1, Training Loss: 1.0161, Training Accuracy: 63.24%
2024-04-15 23:51:07,431 - INFO - [MainThread] - Testing Loss: 0.7490, Testing Accuracy: 72.13%
2024-04-15 23:51:07,442 - INFO - [MainThread] - Testing Classification Report:
              precision    recall  f1-score   support

           O       0.79      0.75      0.77       564
           B       0.60      0.75      0.66       820
           A       0.71      0.68      0.70       782
           F       0.63      0.58      0.61       848
           G       0.72      0.65      0.68       794
           K       0.86      0.69      0.77       802
           M       0.80      0.97      0.88       769

    accuracy                           0.72      5379
   macro avg       0.73      0.72      0.72      5379
weighted avg       0.73      0.72      0.72      5379

2024-04-15 23:51:07,608 - INFO - [MainThread] - Epoch 1, Current Learning Rate: 0.001
2024-04-15 23:51:07,952 - INFO - [MainThread] - Best model saved at models/star_model_2024-04-15_22-27-21/best_fold_model_epoch_1.pt for this fold
2024-04-15 23:53:58,302 - INFO - [MainThread] - Epoch 2, Training Loss: 0.8751, Training Accuracy: 68.21%
2024-04-15 23:54:22,171 - INFO - [MainThread] - Testing Loss: 0.7188, Testing Accuracy: 74.08%
2024-04-15 23:54:22,182 - INFO - [MainThread] - Testing Classification Report:
              precision    recall  f1-score   support

           O       0.82      0.74      0.78       564
           B       0.63      0.77      0.69       820
           A       0.78      0.68      0.73       782
           F       0.77      0.44      0.56       848
           G       0.62      0.81      0.70       794
           K       0.75      0.87      0.80       802
           M       0.93      0.90      0.92       769

    accuracy                           0.74      5379
   macro avg       0.76      0.74      0.74      5379
weighted avg       0.75      0.74      0.74      5379

2024-04-15 23:54:22,328 - INFO - [MainThread] - Epoch 2, Current Learning Rate: 0.001
2024-04-15 23:54:22,687 - INFO - [MainThread] - Best model saved at models/star_model_2024-04-15_22-27-21/best_fold_model_epoch_2.pt for this fold
2024-04-15 23:57:11,942 - INFO - [MainThread] - Epoch 3, Training Loss: 0.8119, Training Accuracy: 70.71%
2024-04-15 23:57:36,249 - INFO - [MainThread] - Testing Loss: 0.6778, Testing Accuracy: 76.11%
2024-04-15 23:57:36,260 - INFO - [MainThread] - Testing Classification Report:
              precision    recall  f1-score   support

           O       0.81      0.76      0.79       564
           B       0.67      0.82      0.74       820
           A       0.82      0.70      0.76       782
           F       0.78      0.50      0.61       848
           G       0.66      0.75      0.70       794
           K       0.76      0.87      0.81       802
           M       0.88      0.95      0.91       769

    accuracy                           0.76      5379
   macro avg       0.77      0.76      0.76      5379
weighted avg       0.77      0.76      0.76      5379

2024-04-15 23:57:36,405 - INFO - [MainThread] - Epoch 3, Current Learning Rate: 0.001
2024-04-15 23:57:36,740 - INFO - [MainThread] - Best model saved at models/star_model_2024-04-15_22-27-21/best_fold_model_epoch_3.pt for this fold
2024-04-16 00:00:24,262 - INFO - [MainThread] - Epoch 4, Training Loss: 0.7717, Training Accuracy: 72.38%
2024-04-16 00:00:48,116 - INFO - [MainThread] - Testing Loss: 0.7455, Testing Accuracy: 77.51%
2024-04-16 00:00:48,127 - INFO - [MainThread] - Testing Classification Report:
              precision    recall  f1-score   support

           O       0.87      0.73      0.79       564
           B       0.71      0.77      0.74       820
           A       0.78      0.73      0.75       782
           F       0.70      0.64      0.67       848
           G       0.75      0.71      0.73       794
           K       0.86      0.88      0.87       802
           M       0.79      0.97      0.87       769

    accuracy                           0.78      5379
   macro avg       0.78      0.77      0.78      5379
weighted avg       0.78      0.78      0.77      5379

2024-04-16 00:00:48,270 - INFO - [MainThread] - Epoch 4, Current Learning Rate: 0.001
2024-04-16 00:03:35,839 - INFO - [MainThread] - Epoch 5, Training Loss: 0.7542, Training Accuracy: 72.99%
2024-04-16 00:03:59,227 - INFO - [MainThread] - Testing Loss: 0.8664, Testing Accuracy: 77.69%
2024-04-16 00:03:59,238 - INFO - [MainThread] - Testing Classification Report:
              precision    recall  f1-score   support

           O       0.72      0.78      0.75       564
           B       0.70      0.72      0.71       820
           A       0.80      0.71      0.76       782
           F       0.76      0.64      0.69       848
           G       0.69      0.81      0.74       794
           K       0.91      0.82      0.86       802
           M       0.87      0.98      0.92       769

    accuracy                           0.78      5379
   macro avg       0.78      0.78      0.78      5379
weighted avg       0.78      0.78      0.78      5379

2024-04-16 00:03:59,379 - INFO - [MainThread] - Epoch 5, Current Learning Rate: 0.001
2024-04-16 00:06:27,476 - INFO - [MainThread] - Epoch 6, Training Loss: 0.7389, Training Accuracy: 73.44%
2024-04-16 00:06:47,122 - INFO - [MainThread] - Testing Loss: 3.0038, Testing Accuracy: 77.21%
2024-04-16 00:06:47,133 - INFO - [MainThread] - Testing Classification Report:
              precision    recall  f1-score   support

           O       0.85      0.78      0.81       564
           B       0.77      0.73      0.75       820
           A       0.75      0.79      0.77       782
           F       0.63      0.64      0.63       848
           G       0.73      0.63      0.68       794
           K       0.80      0.89      0.84       802
           M       0.90      0.97      0.93       769

    accuracy                           0.77      5379
   macro avg       0.78      0.77      0.77      5379
weighted avg       0.77      0.77      0.77      5379

2024-04-16 00:06:47,279 - INFO - [MainThread] - Epoch 6, Current Learning Rate: 0.001
2024-04-16 00:09:22,311 - INFO - [MainThread] - Epoch 7, Training Loss: 0.7237, Training Accuracy: 74.28%
2024-04-16 00:09:42,257 - INFO - [MainThread] - Testing Loss: 1.1915, Testing Accuracy: 78.29%
2024-04-16 00:09:42,268 - INFO - [MainThread] - Testing Classification Report:
              precision    recall  f1-score   support

           O       0.70      0.84      0.76       564
           B       0.75      0.71      0.73       820
           A       0.85      0.72      0.78       782
           F       0.69      0.67      0.68       848
           G       0.72      0.80      0.76       794
           K       0.90      0.80      0.85       802
           M       0.88      0.97      0.92       769

    accuracy                           0.78      5379
   macro avg       0.78      0.79      0.78      5379
weighted avg       0.79      0.78      0.78      5379

2024-04-16 00:09:42,424 - INFO - [MainThread] - Epoch 7, Current Learning Rate: 0.001
2024-04-16 00:12:11,819 - INFO - [MainThread] - Epoch 8, Training Loss: 0.6969, Training Accuracy: 74.94%
2024-04-16 00:12:31,228 - INFO - [MainThread] - Testing Loss: 0.8523, Testing Accuracy: 77.67%
2024-04-16 00:12:31,239 - INFO - [MainThread] - Testing Classification Report:
              precision    recall  f1-score   support

           O       0.76      0.81      0.78       564
           B       0.73      0.75      0.74       820
           A       0.87      0.68      0.76       782
           F       0.73      0.55      0.62       848
           G       0.66      0.87      0.75       794
           K       0.90      0.83      0.87       802
           M       0.83      0.98      0.90       769

    accuracy                           0.78      5379
   macro avg       0.78      0.78      0.78      5379
weighted avg       0.78      0.78      0.77      5379

2024-04-16 00:12:31,381 - INFO - [MainThread] - Epoch 8, Current Learning Rate: 0.001
2024-04-16 00:14:59,175 - INFO - [MainThread] - Epoch 9, Training Loss: 0.6811, Training Accuracy: 75.64%
2024-04-16 00:15:17,112 - INFO - [MainThread] - Testing Loss: 6.0417, Testing Accuracy: 75.44%
2024-04-16 00:15:17,123 - INFO - [MainThread] - Testing Classification Report:
              precision    recall  f1-score   support

           O       0.66      0.71      0.69       564
           B       0.68      0.85      0.76       820
           A       0.76      0.70      0.72       782
           F       0.77      0.55      0.64       848
           G       0.64      0.70      0.67       794
           K       0.90      0.80      0.85       802
           M       0.90      0.98      0.94       769

    accuracy                           0.75      5379
   macro avg       0.76      0.76      0.75      5379
weighted avg       0.76      0.75      0.75      5379

2024-04-16 00:15:17,267 - INFO - [MainThread] - Epoch 9, Current Learning Rate: 0.0001
2024-04-16 00:15:17,269 - INFO - [MainThread] - Early stopping triggered after 9 epochs
2024-04-16 00:15:17,771 - INFO - [MainThread] - Starting fold 5
2024-04-16 00:15:17,776 - INFO - [MainThread] - Train class counts for fold 5: {'K': 3264, 'A': 3229, 'F': 3204, 'B': 3188, 'M': 3183, 'G': 3139, 'O': 2309}
2024-04-16 00:15:17,776 - INFO - [MainThread] - Validation class counts for fold 5: {'G': 861, 'M': 817, 'B': 812, 'F': 796, 'A': 770, 'K': 736, 'O': 587}
2024-04-16 00:18:01,623 - INFO - [MainThread] - Epoch 1, Training Loss: 1.0069, Training Accuracy: 63.86%
2024-04-16 00:18:23,470 - INFO - [MainThread] - Testing Loss: 0.8956, Testing Accuracy: 71.28%
2024-04-16 00:18:23,481 - INFO - [MainThread] - Testing Classification Report:
              precision    recall  f1-score   support

           O       0.91      0.65      0.76       587
           B       0.58      0.79      0.67       812
           A       0.68      0.72      0.70       770
           F       0.80      0.28      0.41       796
           G       0.61      0.77      0.68       861
           K       0.82      0.78      0.80       736
           M       0.83      0.97      0.89       817

    accuracy                           0.71      5379
   macro avg       0.75      0.71      0.70      5379
weighted avg       0.74      0.71      0.70      5379

2024-04-16 00:18:23,624 - INFO - [MainThread] - Epoch 1, Current Learning Rate: 0.001
2024-04-16 00:18:23,973 - INFO - [MainThread] - Best model saved at models/star_model_2024-04-15_22-27-21/best_fold_model_epoch_1.pt for this fold
2024-04-16 00:21:04,797 - INFO - [MainThread] - Epoch 2, Training Loss: 0.8637, Training Accuracy: 68.97%
2024-04-16 00:21:26,563 - INFO - [MainThread] - Testing Loss: 0.7870, Testing Accuracy: 73.71%
2024-04-16 00:21:26,574 - INFO - [MainThread] - Testing Classification Report:
              precision    recall  f1-score   support

           O       0.78      0.77      0.78       587
           B       0.60      0.80      0.69       812
           A       0.76      0.67      0.72       770
           F       0.73      0.48      0.58       796
           G       0.68      0.70      0.69       861
           K       0.75      0.81      0.78       736
           M       0.92      0.93      0.92       817

    accuracy                           0.74      5379
   macro avg       0.75      0.74      0.74      5379
weighted avg       0.74      0.74      0.73      5379

2024-04-16 00:21:26,715 - INFO - [MainThread] - Epoch 2, Current Learning Rate: 0.001
2024-04-16 00:21:27,053 - INFO - [MainThread] - Best model saved at models/star_model_2024-04-15_22-27-21/best_fold_model_epoch_2.pt for this fold
2024-04-16 00:24:09,999 - INFO - [MainThread] - Epoch 3, Training Loss: 0.8136, Training Accuracy: 70.71%
2024-04-16 00:24:32,418 - INFO - [MainThread] - Testing Loss: 1.2545, Testing Accuracy: 75.03%
2024-04-16 00:24:32,430 - INFO - [MainThread] - Testing Classification Report:
              precision    recall  f1-score   support

           O       0.57      0.88      0.69       587
           B       0.66      0.71      0.68       812
           A       0.87      0.66      0.75       770
           F       0.80      0.48      0.60       796
           G       0.71      0.76      0.73       861
           K       0.81      0.84      0.82       736
           M       0.92      0.96      0.94       817

    accuracy                           0.75      5379
   macro avg       0.76      0.76      0.75      5379
weighted avg       0.77      0.75      0.75      5379

2024-04-16 00:24:32,577 - INFO - [MainThread] - Epoch 3, Current Learning Rate: 0.001
2024-04-16 00:27:13,893 - INFO - [MainThread] - Epoch 4, Training Loss: 0.7767, Training Accuracy: 72.25%
2024-04-16 00:27:35,640 - INFO - [MainThread] - Testing Loss: 0.8774, Testing Accuracy: 75.52%
2024-04-16 00:27:35,651 - INFO - [MainThread] - Testing Classification Report:
              precision    recall  f1-score   support

           O       0.70      0.81      0.75       587
           B       0.71      0.75      0.73       812
           A       0.74      0.74      0.74       770
           F       0.80      0.55      0.65       796
           G       0.77      0.63      0.69       861
           K       0.68      0.92      0.78       736
           M       0.91      0.93      0.92       817

    accuracy                           0.76      5379
   macro avg       0.76      0.76      0.75      5379
weighted avg       0.76      0.76      0.75      5379

2024-04-16 00:27:35,810 - INFO - [MainThread] - Epoch 4, Current Learning Rate: 0.001
2024-04-16 00:30:08,081 - INFO - [MainThread] - Epoch 5, Training Loss: 0.7487, Training Accuracy: 72.77%
2024-04-16 00:30:28,056 - INFO - [MainThread] - Testing Loss: 1.0305, Testing Accuracy: 76.06%
2024-04-16 00:30:28,067 - INFO - [MainThread] - Testing Classification Report:
              precision    recall  f1-score   support

           O       0.85      0.78      0.81       587
           B       0.61      0.79      0.69       812
           A       0.74      0.75      0.75       770
           F       0.72      0.52      0.60       796
           G       0.74      0.70      0.72       861
           K       0.78      0.86      0.82       736
           M       0.94      0.94      0.94       817

    accuracy                           0.76      5379
   macro avg       0.77      0.76      0.76      5379
weighted avg       0.77      0.76      0.76      5379

2024-04-16 00:30:28,220 - INFO - [MainThread] - Epoch 5, Current Learning Rate: 0.001
2024-04-16 00:33:04,960 - INFO - [MainThread] - Epoch 6, Training Loss: 0.7259, Training Accuracy: 74.03%
2024-04-16 00:33:24,910 - INFO - [MainThread] - Testing Loss: 8.5108, Testing Accuracy: 74.83%
2024-04-16 00:33:24,921 - INFO - [MainThread] - Testing Classification Report:
              precision    recall  f1-score   support

           O       0.88      0.78      0.82       587
           B       0.66      0.72      0.69       812
           A       0.69      0.77      0.73       770
           F       0.62      0.63      0.63       796
           G       0.76      0.51      0.61       861
           K       0.77      0.88      0.82       736
           M       0.90      0.98      0.94       817

    accuracy                           0.75      5379
   macro avg       0.75      0.75      0.75      5379
weighted avg       0.75      0.75      0.74      5379

2024-04-16 00:33:25,067 - INFO - [MainThread] - Epoch 6, Current Learning Rate: 0.001
2024-04-16 00:35:57,528 - INFO - [MainThread] - Epoch 7, Training Loss: 0.7074, Training Accuracy: 74.57%
2024-04-16 00:36:15,332 - INFO - [MainThread] - Testing Loss: 50.2363, Testing Accuracy: 77.17%
2024-04-16 00:36:15,343 - INFO - [MainThread] - Testing Classification Report:
              precision    recall  f1-score   support

           O       0.90      0.76      0.82       587
           B       0.70      0.68      0.69       812
           A       0.69      0.77      0.73       770
           F       0.73      0.62      0.67       796
           G       0.75      0.73      0.74       861
           K       0.81      0.85      0.83       736
           M       0.87      0.99      0.93       817

    accuracy                           0.77      5379
   macro avg       0.78      0.77      0.77      5379
weighted avg       0.77      0.77      0.77      5379

2024-04-16 00:36:15,486 - INFO - [MainThread] - Epoch 7, Current Learning Rate: 0.001
2024-04-16 00:38:43,048 - INFO - [MainThread] - Epoch 8, Training Loss: 0.6918, Training Accuracy: 75.17%
2024-04-16 00:39:01,861 - INFO - [MainThread] - Testing Loss: 8.3226, Testing Accuracy: 77.47%
2024-04-16 00:39:01,872 - INFO - [MainThread] - Testing Classification Report:
              precision    recall  f1-score   support

           O       0.83      0.80      0.81       587
           B       0.67      0.81      0.73       812
           A       0.83      0.69      0.75       770
           F       0.71      0.56      0.62       796
           G       0.74      0.76      0.75       861
           K       0.80      0.85      0.82       736
           M       0.88      0.97      0.92       817

    accuracy                           0.77      5379
   macro avg       0.78      0.78      0.77      5379
weighted avg       0.78      0.77      0.77      5379

2024-04-16 00:39:02,014 - INFO - [MainThread] - Epoch 8, Current Learning Rate: 0.0001
2024-04-16 00:39:02,016 - INFO - [MainThread] - Early stopping triggered after 8 epochs
