2024-04-18 08:09:00,830 - INFO - [MainThread] - Using device: cuda
2024-04-18 08:09:01,352 - INFO - [MainThread] - starClass
G    3500
F    3500
K    3500
B    3500
A    3500
M    3500
O    2896
Name: count, dtype: int64
2024-04-18 08:09:01,360 - INFO - [MainThread] - Starting fold 1
2024-04-18 08:09:01,365 - INFO - [MainThread] - Train class counts for fold 1: {'K': 2826, 'F': 2818, 'M': 2801, 'A': 2788, 'B': 2784, 'G': 2778, 'O': 2321}
2024-04-18 08:09:01,366 - INFO - [MainThread] - Validation class counts for fold 1: {'G': 722, 'B': 716, 'A': 712, 'M': 699, 'F': 682, 'K': 674, 'O': 575}
2024-04-18 08:10:16,360 - INFO - [MainThread] - Epoch 1, Training Loss: 1.0926, Training Accuracy: 60.60%
2024-04-18 08:10:29,026 - INFO - [MainThread] - Testing Loss: 0.7565, Testing Accuracy: 72.55%
2024-04-18 08:10:29,035 - INFO - [MainThread] - Testing Classification Report:
              precision    recall  f1-score   support

           O       0.77      0.78      0.78       575
           B       0.53      0.82      0.65       716
           A       0.84      0.67      0.74       712
           F       0.67      0.43      0.52       682
           G       0.65      0.62      0.64       722
           K       0.81      0.85      0.83       674
           M       0.92      0.93      0.93       699

    accuracy                           0.73      4780
   macro avg       0.74      0.73      0.72      4780
weighted avg       0.74      0.73      0.72      4780

2024-04-18 08:10:29,246 - INFO - [MainThread] - Epoch 1, Current Learning Rate: 0.001
2024-04-18 08:10:29,285 - INFO - [MainThread] - Best model saved at models/star_model_2024-04-18_08-09-00/best_fold_model_epoch_1.pt for this fold
2024-04-18 08:11:37,545 - INFO - [MainThread] - Epoch 2, Training Loss: 0.9462, Training Accuracy: 65.92%
2024-04-18 08:11:52,727 - INFO - [MainThread] - Testing Loss: 0.7319, Testing Accuracy: 73.58%
2024-04-18 08:11:52,736 - INFO - [MainThread] - Testing Classification Report:
              precision    recall  f1-score   support

           O       0.75      0.78      0.77       575
           B       0.54      0.82      0.65       716
           A       0.85      0.66      0.74       712
           F       0.71      0.44      0.54       682
           G       0.72      0.61      0.66       722
           K       0.78      0.89      0.83       674
           M       0.92      0.96      0.94       699

    accuracy                           0.74      4780
   macro avg       0.75      0.74      0.73      4780
weighted avg       0.75      0.74      0.73      4780

2024-04-18 08:11:52,872 - INFO - [MainThread] - Epoch 2, Current Learning Rate: 0.001
2024-04-18 08:11:52,911 - INFO - [MainThread] - Best model saved at models/star_model_2024-04-18_08-09-00/best_fold_model_epoch_2.pt for this fold
2024-04-18 08:12:56,635 - INFO - [MainThread] - Epoch 3, Training Loss: 0.8713, Training Accuracy: 68.56%
2024-04-18 08:13:08,856 - INFO - [MainThread] - Testing Loss: 0.6750, Testing Accuracy: 75.59%
2024-04-18 08:13:08,865 - INFO - [MainThread] - Testing Classification Report:
              precision    recall  f1-score   support

           O       0.75      0.80      0.77       575
           B       0.59      0.80      0.68       716
           A       0.92      0.60      0.73       712
           F       0.67      0.69      0.68       682
           G       0.77      0.63      0.69       722
           K       0.88      0.82      0.85       674
           M       0.85      0.96      0.90       699

    accuracy                           0.76      4780
   macro avg       0.77      0.76      0.76      4780
weighted avg       0.77      0.76      0.76      4780

2024-04-18 08:13:09,002 - INFO - [MainThread] - Epoch 3, Current Learning Rate: 0.001
2024-04-18 08:13:09,040 - INFO - [MainThread] - Best model saved at models/star_model_2024-04-18_08-09-00/best_fold_model_epoch_3.pt for this fold
2024-04-18 08:14:29,557 - INFO - [MainThread] - Epoch 4, Training Loss: 0.8450, Training Accuracy: 69.81%
2024-04-18 08:14:42,547 - INFO - [MainThread] - Testing Loss: 0.6299, Testing Accuracy: 76.86%
2024-04-18 08:14:42,555 - INFO - [MainThread] - Testing Classification Report:
              precision    recall  f1-score   support

           O       0.87      0.74      0.80       575
           B       0.63      0.83      0.71       716
           A       0.87      0.65      0.75       712
           F       0.72      0.61      0.66       682
           G       0.64      0.76      0.70       722
           K       0.88      0.80      0.83       674
           M       0.90      0.98      0.94       699

    accuracy                           0.77      4780
   macro avg       0.79      0.77      0.77      4780
weighted avg       0.78      0.77      0.77      4780

2024-04-18 08:14:42,691 - INFO - [MainThread] - Epoch 4, Current Learning Rate: 0.001
2024-04-18 08:14:42,729 - INFO - [MainThread] - Best model saved at models/star_model_2024-04-18_08-09-00/best_fold_model_epoch_4.pt for this fold
2024-04-18 08:16:03,855 - INFO - [MainThread] - Epoch 5, Training Loss: 0.8092, Training Accuracy: 70.94%
2024-04-18 08:16:15,086 - INFO - [MainThread] - Testing Loss: 0.6237, Testing Accuracy: 76.57%
2024-04-18 08:16:15,095 - INFO - [MainThread] - Testing Classification Report:
              precision    recall  f1-score   support

           O       0.85      0.77      0.81       575
           B       0.66      0.76      0.70       716
           A       0.75      0.73      0.74       712
           F       0.67      0.63      0.65       682
           G       0.69      0.70      0.69       722
           K       0.89      0.80      0.84       674
           M       0.89      0.97      0.93       699

    accuracy                           0.77      4780
   macro avg       0.77      0.77      0.77      4780
weighted avg       0.77      0.77      0.77      4780

2024-04-18 08:16:15,241 - INFO - [MainThread] - Epoch 5, Current Learning Rate: 0.001
2024-04-18 08:16:15,280 - INFO - [MainThread] - Best model saved at models/star_model_2024-04-18_08-09-00/best_fold_model_epoch_5.pt for this fold
2024-04-18 08:17:31,743 - INFO - [MainThread] - Epoch 6, Training Loss: 0.7755, Training Accuracy: 72.09%
2024-04-18 08:17:43,325 - INFO - [MainThread] - Testing Loss: 0.5895, Testing Accuracy: 78.37%
2024-04-18 08:17:43,334 - INFO - [MainThread] - Testing Classification Report:
              precision    recall  f1-score   support

           O       0.86      0.77      0.81       575
           B       0.62      0.84      0.72       716
           A       0.88      0.65      0.75       712
           F       0.74      0.60      0.66       682
           G       0.74      0.78      0.76       722
           K       0.84      0.87      0.85       674
           M       0.90      0.98      0.94       699

    accuracy                           0.78      4780
   macro avg       0.80      0.78      0.78      4780
weighted avg       0.79      0.78      0.78      4780

2024-04-18 08:17:43,473 - INFO - [MainThread] - Epoch 6, Current Learning Rate: 0.001
2024-04-18 08:17:43,511 - INFO - [MainThread] - Best model saved at models/star_model_2024-04-18_08-09-00/best_fold_model_epoch_6.pt for this fold
2024-04-18 08:19:04,402 - INFO - [MainThread] - Epoch 7, Training Loss: 0.7704, Training Accuracy: 72.50%
2024-04-18 08:19:15,742 - INFO - [MainThread] - Testing Loss: 0.6246, Testing Accuracy: 76.17%
2024-04-18 08:19:15,750 - INFO - [MainThread] - Testing Classification Report:
              precision    recall  f1-score   support

           O       0.84      0.78      0.81       575
           B       0.61      0.88      0.72       716
           A       0.89      0.65      0.75       712
           F       0.58      0.82      0.68       682
           G       0.81      0.45      0.58       722
           K       0.89      0.81      0.85       674
           M       0.94      0.97      0.95       699

    accuracy                           0.76      4780
   macro avg       0.79      0.76      0.76      4780
weighted avg       0.79      0.76      0.76      4780

2024-04-18 08:19:15,894 - INFO - [MainThread] - Epoch 7, Current Learning Rate: 0.001
2024-04-18 08:20:36,996 - INFO - [MainThread] - Epoch 8, Training Loss: 0.7573, Training Accuracy: 73.07%
2024-04-18 08:20:48,668 - INFO - [MainThread] - Testing Loss: 0.6104, Testing Accuracy: 77.70%
2024-04-18 08:20:48,677 - INFO - [MainThread] - Testing Classification Report:
              precision    recall  f1-score   support

           O       0.87      0.76      0.81       575
           B       0.59      0.89      0.71       716
           A       0.87      0.68      0.76       712
           F       0.69      0.72      0.70       682
           G       0.77      0.69      0.73       722
           K       0.93      0.73      0.82       674
           M       0.90      0.96      0.93       699

    accuracy                           0.78      4780
   macro avg       0.80      0.78      0.78      4780
weighted avg       0.80      0.78      0.78      4780

2024-04-18 08:20:48,820 - INFO - [MainThread] - Epoch 8, Current Learning Rate: 0.001
2024-04-18 08:22:06,463 - INFO - [MainThread] - Epoch 9, Training Loss: 0.7408, Training Accuracy: 73.42%
2024-04-18 08:22:18,783 - INFO - [MainThread] - Testing Loss: 0.5682, Testing Accuracy: 78.54%
2024-04-18 08:22:18,792 - INFO - [MainThread] - Testing Classification Report:
              precision    recall  f1-score   support

           O       0.89      0.72      0.80       575
           B       0.62      0.87      0.72       716
           A       0.81      0.71      0.75       712
           F       0.77      0.63      0.69       682
           G       0.79      0.72      0.75       722
           K       0.85      0.89      0.87       674
           M       0.87      0.95      0.91       699

    accuracy                           0.79      4780
   macro avg       0.80      0.78      0.79      4780
weighted avg       0.80      0.79      0.78      4780

2024-04-18 08:22:18,931 - INFO - [MainThread] - Epoch 9, Current Learning Rate: 0.001
2024-04-18 08:22:18,969 - INFO - [MainThread] - Best model saved at models/star_model_2024-04-18_08-09-00/best_fold_model_epoch_9.pt for this fold
2024-04-18 08:23:39,710 - INFO - [MainThread] - Epoch 10, Training Loss: 0.7310, Training Accuracy: 74.00%
2024-04-18 08:23:51,008 - INFO - [MainThread] - Testing Loss: 0.5547, Testing Accuracy: 79.41%
2024-04-18 08:23:51,016 - INFO - [MainThread] - Testing Classification Report:
              precision    recall  f1-score   support

           O       0.88      0.79      0.83       575
           B       0.65      0.84      0.74       716
           A       0.77      0.74      0.76       712
           F       0.79      0.61      0.69       682
           G       0.76      0.77      0.76       722
           K       0.82      0.85      0.83       674
           M       0.96      0.96      0.96       699

    accuracy                           0.79      4780
   macro avg       0.80      0.79      0.79      4780
weighted avg       0.80      0.79      0.79      4780

2024-04-18 08:23:51,152 - INFO - [MainThread] - Epoch 10, Current Learning Rate: 0.001
2024-04-18 08:23:51,189 - INFO - [MainThread] - Best model saved at models/star_model_2024-04-18_08-09-00/best_fold_model_epoch_10.pt for this fold
2024-04-18 08:25:12,174 - INFO - [MainThread] - Epoch 11, Training Loss: 0.7248, Training Accuracy: 74.01%
2024-04-18 08:25:23,429 - INFO - [MainThread] - Testing Loss: 0.5495, Testing Accuracy: 79.35%
2024-04-18 08:25:23,437 - INFO - [MainThread] - Testing Classification Report:
              precision    recall  f1-score   support

           O       0.89      0.77      0.83       575
           B       0.61      0.89      0.73       716
           A       0.84      0.69      0.76       712
           F       0.80      0.60      0.69       682
           G       0.73      0.80      0.76       722
           K       0.88      0.84      0.86       674
           M       0.94      0.97      0.95       699

    accuracy                           0.79      4780
   macro avg       0.81      0.79      0.79      4780
weighted avg       0.81      0.79      0.79      4780

2024-04-18 08:25:23,692 - INFO - [MainThread] - Epoch 11, Current Learning Rate: 0.001
2024-04-18 08:25:23,729 - INFO - [MainThread] - Best model saved at models/star_model_2024-04-18_08-09-00/best_fold_model_epoch_11.pt for this fold
2024-04-18 08:26:42,072 - INFO - [MainThread] - Epoch 12, Training Loss: 0.7067, Training Accuracy: 74.78%
2024-04-18 08:26:56,823 - INFO - [MainThread] - Testing Loss: 0.5363, Testing Accuracy: 79.75%
2024-04-18 08:26:56,831 - INFO - [MainThread] - Testing Classification Report:
              precision    recall  f1-score   support

           O       0.90      0.77      0.83       575
           B       0.63      0.87      0.73       716
           A       0.79      0.73      0.76       712
           F       0.75      0.67      0.71       682
           G       0.79      0.69      0.74       722
           K       0.87      0.86      0.87       674
           M       0.94      0.98      0.96       699

    accuracy                           0.80      4780
   macro avg       0.81      0.80      0.80      4780
weighted avg       0.81      0.80      0.80      4780

2024-04-18 08:26:56,965 - INFO - [MainThread] - Epoch 12, Current Learning Rate: 0.001
2024-04-18 08:26:57,002 - INFO - [MainThread] - Best model saved at models/star_model_2024-04-18_08-09-00/best_fold_model_epoch_12.pt for this fold
2024-04-18 08:28:15,580 - INFO - [MainThread] - Epoch 13, Training Loss: 0.7053, Training Accuracy: 74.47%
2024-04-18 08:28:30,617 - INFO - [MainThread] - Testing Loss: 0.5445, Testing Accuracy: 79.35%
2024-04-18 08:28:30,626 - INFO - [MainThread] - Testing Classification Report:
              precision    recall  f1-score   support

           O       0.87      0.78      0.82       575
           B       0.65      0.82      0.73       716
           A       0.74      0.75      0.75       712
           F       0.78      0.63      0.70       682
           G       0.77      0.75      0.76       722
           K       0.86      0.85      0.86       674
           M       0.93      0.97      0.95       699

    accuracy                           0.79      4780
   macro avg       0.80      0.79      0.79      4780
weighted avg       0.80      0.79      0.79      4780

2024-04-18 08:28:30,772 - INFO - [MainThread] - Epoch 13, Current Learning Rate: 0.001
2024-04-18 08:29:49,805 - INFO - [MainThread] - Epoch 14, Training Loss: 0.6936, Training Accuracy: 75.47%
2024-04-18 08:30:04,438 - INFO - [MainThread] - Testing Loss: 0.5353, Testing Accuracy: 79.98%
2024-04-18 08:30:04,447 - INFO - [MainThread] - Testing Classification Report:
              precision    recall  f1-score   support

           O       0.73      0.86      0.79       575
           B       0.67      0.75      0.71       716
           A       0.82      0.74      0.78       712
           F       0.78      0.68      0.73       682
           G       0.75      0.80      0.77       722
           K       0.92      0.82      0.87       674
           M       0.96      0.96      0.96       699

    accuracy                           0.80      4780
   macro avg       0.81      0.80      0.80      4780
weighted avg       0.81      0.80      0.80      4780

2024-04-18 08:30:04,591 - INFO - [MainThread] - Epoch 14, Current Learning Rate: 0.001
2024-04-18 08:30:04,628 - INFO - [MainThread] - Best model saved at models/star_model_2024-04-18_08-09-00/best_fold_model_epoch_14.pt for this fold
2024-04-18 08:31:24,460 - INFO - [MainThread] - Epoch 15, Training Loss: 0.6879, Training Accuracy: 75.44%
2024-04-18 08:31:39,211 - INFO - [MainThread] - Testing Loss: 0.5441, Testing Accuracy: 79.27%
2024-04-18 08:31:39,220 - INFO - [MainThread] - Testing Classification Report:
              precision    recall  f1-score   support

           O       0.88      0.79      0.83       575
           B       0.68      0.80      0.73       716
           A       0.77      0.74      0.76       712
           F       0.75      0.63      0.69       682
           G       0.73      0.73      0.73       722
           K       0.83      0.88      0.85       674
           M       0.95      0.97      0.96       699

    accuracy                           0.79      4780
   macro avg       0.80      0.79      0.79      4780
weighted avg       0.79      0.79      0.79      4780

2024-04-18 08:31:39,355 - INFO - [MainThread] - Epoch 15, Current Learning Rate: 0.001
2024-04-18 08:32:57,164 - INFO - [MainThread] - Epoch 16, Training Loss: 0.6841, Training Accuracy: 75.63%
2024-04-18 08:33:12,118 - INFO - [MainThread] - Testing Loss: 0.5170, Testing Accuracy: 80.67%
2024-04-18 08:33:12,127 - INFO - [MainThread] - Testing Classification Report:
              precision    recall  f1-score   support

           O       0.82      0.83      0.83       575
           B       0.71      0.80      0.75       716
           A       0.81      0.74      0.77       712
           F       0.75      0.70      0.72       682
           G       0.77      0.75      0.76       722
           K       0.87      0.88      0.87       674
           M       0.94      0.96      0.95       699

    accuracy                           0.81      4780
   macro avg       0.81      0.81      0.81      4780
weighted avg       0.81      0.81      0.81      4780

2024-04-18 08:33:12,263 - INFO - [MainThread] - Epoch 16, Current Learning Rate: 0.001
2024-04-18 08:33:12,300 - INFO - [MainThread] - Best model saved at models/star_model_2024-04-18_08-09-00/best_fold_model_epoch_16.pt for this fold
2024-04-18 08:34:20,719 - INFO - [MainThread] - Epoch 17, Training Loss: 0.6570, Training Accuracy: 76.52%
2024-04-18 08:34:33,364 - INFO - [MainThread] - Testing Loss: 0.5181, Testing Accuracy: 80.46%
2024-04-18 08:34:33,373 - INFO - [MainThread] - Testing Classification Report:
              precision    recall  f1-score   support

           O       0.88      0.78      0.83       575
           B       0.68      0.81      0.74       716
           A       0.76      0.77      0.76       712
           F       0.81      0.65      0.72       682
           G       0.77      0.79      0.78       722
           K       0.88      0.86      0.87       674
           M       0.91      0.97      0.94       699

    accuracy                           0.80      4780
   macro avg       0.81      0.80      0.81      4780
weighted avg       0.81      0.80      0.80      4780

2024-04-18 08:34:33,510 - INFO - [MainThread] - Epoch 17, Current Learning Rate: 0.001
2024-04-18 08:35:53,875 - INFO - [MainThread] - Epoch 18, Training Loss: 0.6592, Training Accuracy: 76.26%
2024-04-18 08:36:05,795 - INFO - [MainThread] - Testing Loss: 0.5388, Testing Accuracy: 79.23%
2024-04-18 08:36:05,803 - INFO - [MainThread] - Testing Classification Report:
              precision    recall  f1-score   support

           O       0.83      0.81      0.82       575
           B       0.66      0.82      0.73       716
           A       0.77      0.76      0.77       712
           F       0.88      0.51      0.65       682
           G       0.74      0.81      0.77       722
           K       0.85      0.87      0.86       674
           M       0.89      0.96      0.93       699

    accuracy                           0.79      4780
   macro avg       0.80      0.79      0.79      4780
weighted avg       0.80      0.79      0.79      4780

2024-04-18 08:36:05,939 - INFO - [MainThread] - Epoch 18, Current Learning Rate: 0.001
2024-04-18 08:37:32,681 - INFO - [MainThread] - Epoch 19, Training Loss: 0.6596, Training Accuracy: 76.53%
2024-04-18 08:37:44,455 - INFO - [MainThread] - Testing Loss: 0.5288, Testing Accuracy: 79.96%
2024-04-18 08:37:44,464 - INFO - [MainThread] - Testing Classification Report:
              precision    recall  f1-score   support

           O       0.86      0.79      0.82       575
           B       0.65      0.85      0.73       716
           A       0.81      0.74      0.77       712
           F       0.83      0.58      0.68       682
           G       0.73      0.82      0.77       722
           K       0.86      0.85      0.85       674
           M       0.96      0.97      0.96       699

    accuracy                           0.80      4780
   macro avg       0.81      0.80      0.80      4780
weighted avg       0.81      0.80      0.80      4780

2024-04-18 08:37:44,605 - INFO - [MainThread] - Epoch 19, Current Learning Rate: 0.001
2024-04-18 08:39:06,655 - INFO - [MainThread] - Epoch 20, Training Loss: 0.6397, Training Accuracy: 77.32%
2024-04-18 08:39:19,094 - INFO - [MainThread] - Testing Loss: 0.5218, Testing Accuracy: 80.27%
2024-04-18 08:39:19,104 - INFO - [MainThread] - Testing Classification Report:
              precision    recall  f1-score   support

           O       0.73      0.84      0.78       575
           B       0.67      0.80      0.73       716
           A       0.85      0.72      0.78       712
           F       0.76      0.72      0.74       682
           G       0.80      0.75      0.78       722
           K       0.92      0.82      0.87       674
           M       0.94      0.98      0.96       699

    accuracy                           0.80      4780
   macro avg       0.81      0.80      0.80      4780
weighted avg       0.81      0.80      0.80      4780

2024-04-18 08:39:19,260 - INFO - [MainThread] - Epoch 20, Current Learning Rate: 0.001
2024-04-18 08:40:47,722 - INFO - [MainThread] - Epoch 21, Training Loss: 0.6466, Training Accuracy: 76.44%
2024-04-18 08:40:59,612 - INFO - [MainThread] - Testing Loss: 0.5273, Testing Accuracy: 80.42%
2024-04-18 08:40:59,621 - INFO - [MainThread] - Testing Classification Report:
              precision    recall  f1-score   support

           O       0.91      0.73      0.81       575
           B       0.64      0.89      0.74       716
           A       0.86      0.70      0.77       712
           F       0.79      0.65      0.71       682
           G       0.76      0.80      0.78       722
           K       0.82      0.89      0.85       674
           M       0.95      0.96      0.96       699

    accuracy                           0.80      4780
   macro avg       0.82      0.80      0.80      4780
weighted avg       0.82      0.80      0.80      4780

2024-04-18 08:40:59,889 - INFO - [MainThread] - Epoch 21, Current Learning Rate: 0.001
2024-04-18 08:42:36,819 - INFO - [MainThread] - Epoch 22, Training Loss: 0.6246, Training Accuracy: 77.53%
2024-04-18 08:42:56,068 - INFO - [MainThread] - Testing Loss: 0.5285, Testing Accuracy: 80.69%
2024-04-18 08:42:56,077 - INFO - [MainThread] - Testing Classification Report:
              precision    recall  f1-score   support

           O       0.86      0.81      0.83       575
           B       0.64      0.87      0.74       716
           A       0.87      0.69      0.77       712
           F       0.72      0.75      0.74       682
           G       0.81      0.72      0.76       722
           K       0.90      0.84      0.87       674
           M       0.94      0.97      0.95       699

    accuracy                           0.81      4780
   macro avg       0.82      0.81      0.81      4780
weighted avg       0.82      0.81      0.81      4780

2024-04-18 08:42:56,213 - INFO - [MainThread] - Epoch 22, Current Learning Rate: 0.0001
2024-04-18 08:42:56,215 - INFO - [MainThread] - Early stopping triggered after 22 epochs
2024-04-18 08:42:56,553 - INFO - [MainThread] - Starting fold 2
2024-04-18 08:42:56,558 - INFO - [MainThread] - Train class counts for fold 2: {'B': 2845, 'F': 2801, 'G': 2798, 'M': 2787, 'A': 2781, 'K': 2765, 'O': 2340}
2024-04-18 08:42:56,558 - INFO - [MainThread] - Validation class counts for fold 2: {'K': 735, 'A': 719, 'M': 713, 'G': 702, 'F': 699, 'B': 655, 'O': 556}
