2024-04-18 01:00:26,875 - INFO - [MainThread] - Using device: cuda
2024-04-18 01:00:27,486 - INFO - [MainThread] - starClass
G    3500
F    3500
K    3500
B    3500
A    3500
M    3500
O    2896
Name: count, dtype: int64
2024-04-18 01:00:27,495 - INFO - [MainThread] - Starting fold 1
2024-04-18 01:00:27,621 - INFO - [MainThread] - Train class counts for fold 1: {'K': 2826, 'F': 2818, 'M': 2801, 'A': 2788, 'B': 2784, 'G': 2778, 'O': 2321}
2024-04-18 01:00:27,621 - INFO - [MainThread] - Validation class counts for fold 1: {'G': 722, 'B': 716, 'A': 712, 'M': 699, 'F': 682, 'K': 674, 'O': 575}
2024-04-18 01:02:41,892 - INFO - [MainThread] - Epoch 1, Training Loss: 0.9849, Training Accuracy: 63.00%
2024-04-18 01:02:59,052 - INFO - [MainThread] - Testing Loss: 0.7064, Testing Accuracy: 72.09%
2024-04-18 01:02:59,062 - INFO - [MainThread] - Testing Classification Report:
              precision    recall  f1-score   support

           O       0.87      0.71      0.79       575
           B       0.64      0.59      0.62       716
           A       0.77      0.62      0.69       712
           F       0.53      0.58      0.56       682
           G       0.60      0.73      0.66       722
           K       0.80      0.86      0.83       674
           M       0.92      0.96      0.94       699

    accuracy                           0.72      4780
   macro avg       0.73      0.72      0.72      4780
weighted avg       0.73      0.72      0.72      4780

2024-04-18 01:02:59,381 - INFO - [MainThread] - Epoch 1, Current Learning Rate: 0.001
2024-04-18 01:02:59,561 - INFO - [MainThread] - Best model saved at models/star_model_2024-04-18_01-00-26/best_fold_model_epoch_1.pt for this fold
2024-04-18 01:05:19,094 - INFO - [MainThread] - Epoch 2, Training Loss: 0.8423, Training Accuracy: 68.14%
2024-04-18 01:05:34,529 - INFO - [MainThread] - Testing Loss: 0.6189, Testing Accuracy: 75.23%
2024-04-18 01:05:34,538 - INFO - [MainThread] - Testing Classification Report:
              precision    recall  f1-score   support

           O       0.83      0.75      0.79       575
           B       0.63      0.75      0.69       716
           A       0.74      0.62      0.67       712
           F       0.62      0.68      0.65       682
           G       0.72      0.68      0.70       722
           K       0.86      0.82      0.84       674
           M       0.92      0.97      0.94       699

    accuracy                           0.75      4780
   macro avg       0.76      0.75      0.75      4780
weighted avg       0.76      0.75      0.75      4780

2024-04-18 01:05:34,690 - INFO - [MainThread] - Epoch 2, Current Learning Rate: 0.001
2024-04-18 01:05:34,865 - INFO - [MainThread] - Best model saved at models/star_model_2024-04-18_01-00-26/best_fold_model_epoch_2.pt for this fold
2024-04-18 01:07:57,636 - INFO - [MainThread] - Epoch 3, Training Loss: 0.7822, Training Accuracy: 70.72%
2024-04-18 01:08:12,388 - INFO - [MainThread] - Testing Loss: 0.5747, Testing Accuracy: 77.24%
2024-04-18 01:08:12,397 - INFO - [MainThread] - Testing Classification Report:
              precision    recall  f1-score   support

           O       0.81      0.77      0.79       575
           B       0.61      0.83      0.70       716
           A       0.86      0.67      0.75       712
           F       0.72      0.65      0.69       682
           G       0.72      0.72      0.72       722
           K       0.90      0.78      0.84       674
           M       0.88      0.97      0.92       699

    accuracy                           0.77      4780
   macro avg       0.79      0.77      0.77      4780
weighted avg       0.78      0.77      0.77      4780

2024-04-18 01:08:12,541 - INFO - [MainThread] - Epoch 3, Current Learning Rate: 0.001
2024-04-18 01:08:12,714 - INFO - [MainThread] - Best model saved at models/star_model_2024-04-18_01-00-26/best_fold_model_epoch_3.pt for this fold
2024-04-18 01:10:32,261 - INFO - [MainThread] - Epoch 4, Training Loss: 0.7406, Training Accuracy: 72.17%
2024-04-18 01:10:46,360 - INFO - [MainThread] - Testing Loss: 0.5672, Testing Accuracy: 76.95%
2024-04-18 01:10:46,369 - INFO - [MainThread] - Testing Classification Report:
              precision    recall  f1-score   support

           O       0.78      0.79      0.79       575
           B       0.76      0.64      0.69       716
           A       0.74      0.78      0.76       712
           F       0.83      0.52      0.64       682
           G       0.65      0.81      0.72       722
           K       0.85      0.86      0.85       674
           M       0.84      0.98      0.91       699

    accuracy                           0.77      4780
   macro avg       0.78      0.77      0.77      4780
weighted avg       0.78      0.77      0.76      4780

2024-04-18 01:10:46,507 - INFO - [MainThread] - Epoch 4, Current Learning Rate: 0.001
2024-04-18 01:10:46,679 - INFO - [MainThread] - Best model saved at models/star_model_2024-04-18_01-00-26/best_fold_model_epoch_4.pt for this fold
2024-04-18 01:13:01,577 - INFO - [MainThread] - Epoch 5, Training Loss: 0.7051, Training Accuracy: 73.15%
2024-04-18 01:13:15,891 - INFO - [MainThread] - Testing Loss: 0.5730, Testing Accuracy: 75.79%
2024-04-18 01:13:15,899 - INFO - [MainThread] - Testing Classification Report:
              precision    recall  f1-score   support

           O       0.78      0.78      0.78       575
           B       0.64      0.79      0.71       716
           A       0.88      0.65      0.75       712
           F       0.62      0.76      0.69       682
           G       0.75      0.57      0.64       722
           K       0.92      0.77      0.84       674
           M       0.82      0.99      0.90       699

    accuracy                           0.76      4780
   macro avg       0.77      0.76      0.76      4780
weighted avg       0.77      0.76      0.76      4780

2024-04-18 01:13:16,043 - INFO - [MainThread] - Epoch 5, Current Learning Rate: 0.001
2024-04-18 01:15:36,440 - INFO - [MainThread] - Epoch 6, Training Loss: 0.6867, Training Accuracy: 73.84%
2024-04-18 01:15:50,866 - INFO - [MainThread] - Testing Loss: 0.5661, Testing Accuracy: 77.13%
2024-04-18 01:15:50,875 - INFO - [MainThread] - Testing Classification Report:
              precision    recall  f1-score   support

           O       0.82      0.79      0.81       575
           B       0.58      0.81      0.68       716
           A       0.86      0.68      0.76       712
           F       0.69      0.73      0.71       682
           G       0.78      0.65      0.71       722
           K       0.91      0.76      0.83       674
           M       0.90      0.97      0.93       699

    accuracy                           0.77      4780
   macro avg       0.79      0.77      0.77      4780
weighted avg       0.79      0.77      0.77      4780

2024-04-18 01:15:51,025 - INFO - [MainThread] - Epoch 6, Current Learning Rate: 0.001
2024-04-18 01:15:51,184 - INFO - [MainThread] - Best model saved at models/star_model_2024-04-18_01-00-26/best_fold_model_epoch_6.pt for this fold
2024-04-18 01:18:10,546 - INFO - [MainThread] - Epoch 7, Training Loss: 0.6559, Training Accuracy: 75.49%
2024-04-18 01:18:24,615 - INFO - [MainThread] - Testing Loss: 0.5190, Testing Accuracy: 79.37%
2024-04-18 01:18:24,623 - INFO - [MainThread] - Testing Classification Report:
              precision    recall  f1-score   support

           O       0.87      0.80      0.83       575
           B       0.62      0.84      0.71       716
           A       0.82      0.71      0.76       712
           F       0.87      0.56      0.69       682
           G       0.69      0.84      0.76       722
           K       0.88      0.84      0.86       674
           M       0.94      0.97      0.95       699

    accuracy                           0.79      4780
   macro avg       0.81      0.79      0.79      4780
weighted avg       0.81      0.79      0.79      4780

2024-04-18 01:18:24,762 - INFO - [MainThread] - Epoch 7, Current Learning Rate: 0.001
2024-04-18 01:18:24,919 - INFO - [MainThread] - Best model saved at models/star_model_2024-04-18_01-00-26/best_fold_model_epoch_7.pt for this fold
2024-04-18 01:20:43,732 - INFO - [MainThread] - Epoch 8, Training Loss: 0.6487, Training Accuracy: 75.63%
2024-04-18 01:20:58,484 - INFO - [MainThread] - Testing Loss: 0.5229, Testing Accuracy: 78.97%
2024-04-18 01:20:58,493 - INFO - [MainThread] - Testing Classification Report:
              precision    recall  f1-score   support

           O       0.92      0.75      0.83       575
           B       0.67      0.80      0.73       716
           A       0.82      0.71      0.76       712
           F       0.68      0.79      0.73       682
           G       0.76      0.68      0.72       722
           K       0.88      0.83      0.86       674
           M       0.89      0.96      0.92       699

    accuracy                           0.79      4780
   macro avg       0.80      0.79      0.79      4780
weighted avg       0.80      0.79      0.79      4780

2024-04-18 01:20:58,637 - INFO - [MainThread] - Epoch 8, Current Learning Rate: 0.001
