2024-04-17 09:40:12,578 - INFO - [MainThread] - Using device: cuda
2024-04-17 09:40:12,756 - INFO - [MainThread] - Starting fold 1
2024-04-17 09:40:12,765 - INFO - [MainThread] - Train class counts for fold 1: {'G': 3220, 'B': 3215, 'A': 3206, 'M': 3202, 'F': 3200, 'K': 3179, 'O': 2294}
2024-04-17 09:40:12,765 - INFO - [MainThread] - Validation class counts for fold 1: {'K': 821, 'F': 800, 'M': 798, 'A': 793, 'B': 785, 'G': 780, 'O': 602}
2024-04-17 09:42:13,148 - INFO - [MainThread] - Epoch 1, Training Loss: 1.1107, Training Accuracy: 60.60%
2024-04-17 09:42:30,682 - INFO - [MainThread] - Testing Loss: 0.7046, Testing Accuracy: 74.60%
2024-04-17 09:42:30,693 - INFO - [MainThread] - Testing Classification Report:
              precision    recall  f1-score   support

           O       0.81      0.74      0.77       602
           B       0.55      0.83      0.66       785
           A       0.83      0.67      0.74       793
           F       0.77      0.49      0.60       800
           G       0.69      0.73      0.71       780
           K       0.81      0.81      0.81       821
           M       0.88      0.95      0.92       798

    accuracy                           0.75      5379
   macro avg       0.76      0.75      0.74      5379
weighted avg       0.76      0.75      0.74      5379

2024-04-17 09:42:30,918 - INFO - [MainThread] - Epoch 1, Current Learning Rate: 0.01
2024-04-17 09:42:31,088 - INFO - [MainThread] - Best model saved at models/star_model_2024-04-17_09-40-11/best_fold_model_epoch_1.pt for this fold
2024-04-17 09:44:34,877 - INFO - [MainThread] - Epoch 2, Training Loss: 0.9181, Training Accuracy: 67.35%
2024-04-17 09:44:55,408 - INFO - [MainThread] - Testing Loss: 0.6584, Testing Accuracy: 74.77%
2024-04-17 09:44:55,418 - INFO - [MainThread] - Testing Classification Report:
              precision    recall  f1-score   support

           O       0.81      0.74      0.77       602
           B       0.60      0.81      0.69       785
           A       0.88      0.62      0.73       793
           F       0.64      0.69      0.66       800
           G       0.73      0.54      0.62       780
           K       0.83      0.87      0.85       821
           M       0.84      0.96      0.89       798

    accuracy                           0.75      5379
   macro avg       0.76      0.75      0.75      5379
weighted avg       0.76      0.75      0.75      5379

2024-04-17 09:44:55,662 - INFO - [MainThread] - Epoch 2, Current Learning Rate: 0.01
2024-04-17 09:44:55,851 - INFO - [MainThread] - Best model saved at models/star_model_2024-04-17_09-40-11/best_fold_model_epoch_2.pt for this fold
2024-04-17 09:47:03,360 - INFO - [MainThread] - Epoch 3, Training Loss: 0.8683, Training Accuracy: 69.22%
2024-04-17 09:47:24,474 - INFO - [MainThread] - Testing Loss: 0.6423, Testing Accuracy: 75.07%
2024-04-17 09:47:24,484 - INFO - [MainThread] - Testing Classification Report:
              precision    recall  f1-score   support

           O       0.86      0.75      0.80       602
           B       0.57      0.85      0.68       785
           A       0.89      0.63      0.74       793
           F       0.62      0.73      0.67       800
           G       0.75      0.52      0.62       780
           K       0.85      0.84      0.84       821
           M       0.89      0.93      0.91       798

    accuracy                           0.75      5379
   macro avg       0.78      0.75      0.75      5379
weighted avg       0.77      0.75      0.75      5379

2024-04-17 09:47:24,632 - INFO - [MainThread] - Epoch 3, Current Learning Rate: 0.01
2024-04-17 09:47:24,823 - INFO - [MainThread] - Best model saved at models/star_model_2024-04-17_09-40-11/best_fold_model_epoch_3.pt for this fold
2024-04-17 09:49:30,766 - INFO - [MainThread] - Epoch 4, Training Loss: 0.8323, Training Accuracy: 69.93%
2024-04-17 09:49:48,064 - INFO - [MainThread] - Testing Loss: 0.6081, Testing Accuracy: 76.97%
2024-04-17 09:49:48,075 - INFO - [MainThread] - Testing Classification Report:
              precision    recall  f1-score   support

           O       0.82      0.77      0.79       602
           B       0.62      0.80      0.70       785
           A       0.80      0.67      0.73       793
           F       0.70      0.67      0.69       800
           G       0.72      0.71      0.71       780
           K       0.88      0.82      0.85       821
           M       0.89      0.95      0.92       798

    accuracy                           0.77      5379
   macro avg       0.78      0.77      0.77      5379
weighted avg       0.78      0.77      0.77      5379

2024-04-17 09:49:48,226 - INFO - [MainThread] - Epoch 4, Current Learning Rate: 0.01
2024-04-17 09:49:48,419 - INFO - [MainThread] - Best model saved at models/star_model_2024-04-17_09-40-11/best_fold_model_epoch_4.pt for this fold
2024-04-17 09:52:07,489 - INFO - [MainThread] - Epoch 5, Training Loss: 0.8120, Training Accuracy: 71.09%
2024-04-17 09:52:24,164 - INFO - [MainThread] - Testing Loss: 0.5851, Testing Accuracy: 77.60%
2024-04-17 09:52:24,174 - INFO - [MainThread] - Testing Classification Report:
              precision    recall  f1-score   support

           O       0.79      0.81      0.80       602
           B       0.66      0.77      0.71       785
           A       0.84      0.69      0.76       793
           F       0.77      0.60      0.68       800
           G       0.72      0.70      0.71       780
           K       0.76      0.91      0.83       821
           M       0.93      0.95      0.94       798

    accuracy                           0.78      5379
   macro avg       0.78      0.78      0.77      5379
weighted avg       0.78      0.78      0.77      5379

2024-04-17 09:52:24,324 - INFO - [MainThread] - Epoch 5, Current Learning Rate: 0.01
2024-04-17 09:52:24,474 - INFO - [MainThread] - Best model saved at models/star_model_2024-04-17_09-40-11/best_fold_model_epoch_5.pt for this fold
2024-04-17 09:54:14,051 - INFO - [MainThread] - Epoch 6, Training Loss: 0.7940, Training Accuracy: 71.67%
2024-04-17 09:54:31,045 - INFO - [MainThread] - Testing Loss: 0.5720, Testing Accuracy: 78.73%
2024-04-17 09:54:31,056 - INFO - [MainThread] - Testing Classification Report:
              precision    recall  f1-score   support

           O       0.94      0.75      0.83       602
           B       0.65      0.80      0.72       785
           A       0.78      0.73      0.76       793
           F       0.69      0.70      0.70       800
           G       0.72      0.69      0.70       780
           K       0.87      0.86      0.87       821
           M       0.93      0.96      0.95       798

    accuracy                           0.79      5379
   macro avg       0.80      0.79      0.79      5379
weighted avg       0.79      0.79      0.79      5379

2024-04-17 09:54:31,207 - INFO - [MainThread] - Epoch 6, Current Learning Rate: 0.01
2024-04-17 09:54:31,356 - INFO - [MainThread] - Best model saved at models/star_model_2024-04-17_09-40-11/best_fold_model_epoch_6.pt for this fold
2024-04-17 09:56:35,939 - INFO - [MainThread] - Epoch 7, Training Loss: 0.7792, Training Accuracy: 72.00%
2024-04-17 09:56:52,489 - INFO - [MainThread] - Testing Loss: 0.6548, Testing Accuracy: 75.27%
2024-04-17 09:56:52,500 - INFO - [MainThread] - Testing Classification Report:
              precision    recall  f1-score   support

           O       0.90      0.77      0.83       602
           B       0.68      0.79      0.73       785
           A       0.74      0.75      0.74       793
           F       0.60      0.72      0.66       800
           G       0.74      0.59      0.66       780
           K       0.94      0.66      0.77       821
           M       0.81      0.99      0.89       798

    accuracy                           0.75      5379
   macro avg       0.77      0.75      0.75      5379
weighted avg       0.77      0.75      0.75      5379

2024-04-17 09:56:52,645 - INFO - [MainThread] - Epoch 7, Current Learning Rate: 0.01
2024-04-17 09:59:01,906 - INFO - [MainThread] - Epoch 8, Training Loss: 0.7625, Training Accuracy: 72.37%
2024-04-17 09:59:18,751 - INFO - [MainThread] - Testing Loss: 0.6139, Testing Accuracy: 77.75%
2024-04-17 09:59:18,761 - INFO - [MainThread] - Testing Classification Report:
              precision    recall  f1-score   support

           O       0.75      0.78      0.77       602
           B       0.60      0.86      0.71       785
           A       0.89      0.67      0.77       793
           F       0.85      0.53      0.65       800
           G       0.71      0.79      0.75       780
           K       0.90      0.85      0.87       821
           M       0.87      0.95      0.91       798

    accuracy                           0.78      5379
   macro avg       0.80      0.78      0.77      5379
weighted avg       0.80      0.78      0.78      5379

2024-04-17 09:59:18,910 - INFO - [MainThread] - Epoch 8, Current Learning Rate: 0.01
2024-04-17 10:01:31,844 - INFO - [MainThread] - Epoch 9, Training Loss: 0.7511, Training Accuracy: 73.07%
2024-04-17 10:01:48,671 - INFO - [MainThread] - Testing Loss: 0.5802, Testing Accuracy: 78.55%
2024-04-17 10:01:48,682 - INFO - [MainThread] - Testing Classification Report:
              precision    recall  f1-score   support

           O       0.87      0.78      0.83       602
           B       0.70      0.80      0.74       785
           A       0.71      0.80      0.75       793
           F       0.70      0.67      0.68       800
           G       0.72      0.70      0.71       780
           K       0.94      0.78      0.85       821
           M       0.92      0.97      0.95       798

    accuracy                           0.79      5379
   macro avg       0.79      0.79      0.79      5379
weighted avg       0.79      0.79      0.79      5379

2024-04-17 10:01:48,830 - INFO - [MainThread] - Epoch 9, Current Learning Rate: 0.01
2024-04-17 10:03:54,938 - INFO - [MainThread] - Epoch 10, Training Loss: 0.7427, Training Accuracy: 73.35%
2024-04-17 10:04:11,442 - INFO - [MainThread] - Testing Loss: 0.5880, Testing Accuracy: 77.43%
2024-04-17 10:04:11,453 - INFO - [MainThread] - Testing Classification Report:
              precision    recall  f1-score   support

           O       0.77      0.83      0.80       602
           B       0.66      0.82      0.73       785
           A       0.86      0.67      0.75       793
           F       0.80      0.47      0.59       800
           G       0.62      0.86      0.72       780
           K       0.89      0.83      0.86       821
           M       0.94      0.96      0.95       798

    accuracy                           0.77      5379
   macro avg       0.79      0.78      0.77      5379
weighted avg       0.79      0.77      0.77      5379

2024-04-17 10:04:11,599 - INFO - [MainThread] - Epoch 10, Current Learning Rate: 0.01
2024-04-17 10:06:26,881 - INFO - [MainThread] - Epoch 11, Training Loss: 0.7277, Training Accuracy: 74.00%
2024-04-17 10:06:43,578 - INFO - [MainThread] - Testing Loss: 0.5678, Testing Accuracy: 80.00%
2024-04-17 10:06:43,588 - INFO - [MainThread] - Testing Classification Report:
              precision    recall  f1-score   support

           O       0.93      0.76      0.84       602
           B       0.58      0.92      0.71       785
           A       0.87      0.70      0.78       793
           F       0.88      0.58      0.70       800
           G       0.73      0.81      0.77       780
           K       0.91      0.86      0.88       821
           M       0.93      0.96      0.94       798

    accuracy                           0.80      5379
   macro avg       0.83      0.80      0.80      5379
weighted avg       0.83      0.80      0.80      5379

2024-04-17 10:06:43,733 - INFO - [MainThread] - Epoch 11, Current Learning Rate: 0.01
2024-04-17 10:06:43,880 - INFO - [MainThread] - Best model saved at models/star_model_2024-04-17_09-40-11/best_fold_model_epoch_11.pt for this fold
2024-04-17 10:08:53,721 - INFO - [MainThread] - Epoch 12, Training Loss: 0.7156, Training Accuracy: 74.34%
2024-04-17 10:09:10,657 - INFO - [MainThread] - Testing Loss: 0.5361, Testing Accuracy: 80.67%
2024-04-17 10:09:10,668 - INFO - [MainThread] - Testing Classification Report:
              precision    recall  f1-score   support

           O       0.91      0.78      0.84       602
           B       0.63      0.88      0.74       785
           A       0.90      0.68      0.77       793
           F       0.83      0.63      0.72       800
           G       0.72      0.85      0.78       780
           K       0.85      0.85      0.85       821
           M       0.95      0.96      0.96       798

    accuracy                           0.81      5379
   macro avg       0.83      0.81      0.81      5379
weighted avg       0.82      0.81      0.81      5379

2024-04-17 10:09:10,961 - INFO - [MainThread] - Epoch 12, Current Learning Rate: 0.01
2024-04-17 10:09:11,107 - INFO - [MainThread] - Best model saved at models/star_model_2024-04-17_09-40-11/best_fold_model_epoch_12.pt for this fold
2024-04-17 10:11:27,838 - INFO - [MainThread] - Epoch 13, Training Loss: 0.7008, Training Accuracy: 75.04%
2024-04-17 10:11:51,570 - INFO - [MainThread] - Testing Loss: 0.5387, Testing Accuracy: 79.59%
2024-04-17 10:11:51,580 - INFO - [MainThread] - Testing Classification Report:
              precision    recall  f1-score   support

           O       0.92      0.76      0.83       602
           B       0.70      0.80      0.75       785
           A       0.86      0.71      0.78       793
           F       0.67      0.75      0.71       800
           G       0.77      0.72      0.74       780
           K       0.90      0.85      0.87       821
           M       0.83      0.98      0.90       798

    accuracy                           0.80      5379
   macro avg       0.81      0.79      0.80      5379
weighted avg       0.80      0.80      0.80      5379

2024-04-17 10:11:51,722 - INFO - [MainThread] - Epoch 13, Current Learning Rate: 0.01
2024-04-17 10:14:08,704 - INFO - [MainThread] - Epoch 14, Training Loss: 0.7102, Training Accuracy: 74.53%
2024-04-17 10:14:31,902 - INFO - [MainThread] - Testing Loss: 0.5520, Testing Accuracy: 79.51%
2024-04-17 10:14:31,912 - INFO - [MainThread] - Testing Classification Report:
              precision    recall  f1-score   support

           O       0.81      0.82      0.81       602
           B       0.67      0.80      0.73       785
           A       0.89      0.69      0.78       793
           F       0.83      0.53      0.65       800
           G       0.66      0.86      0.75       780
           K       0.86      0.90      0.88       821
           M       0.94      0.97      0.95       798

    accuracy                           0.80      5379
   macro avg       0.81      0.80      0.79      5379
weighted avg       0.81      0.80      0.79      5379

2024-04-17 10:14:32,056 - INFO - [MainThread] - Epoch 14, Current Learning Rate: 0.01
2024-04-17 10:16:49,161 - INFO - [MainThread] - Epoch 15, Training Loss: 0.7010, Training Accuracy: 74.85%
2024-04-17 10:17:12,712 - INFO - [MainThread] - Testing Loss: 0.5414, Testing Accuracy: 79.51%
2024-04-17 10:17:12,723 - INFO - [MainThread] - Testing Classification Report:
              precision    recall  f1-score   support

           O       0.86      0.79      0.83       602
           B       0.67      0.83      0.74       785
           A       0.86      0.70      0.77       793
           F       0.85      0.60      0.70       800
           G       0.72      0.76      0.74       780
           K       0.75      0.91      0.83       821
           M       0.93      0.96      0.95       798

    accuracy                           0.80      5379
   macro avg       0.81      0.79      0.79      5379
weighted avg       0.81      0.80      0.79      5379

2024-04-17 10:17:12,873 - INFO - [MainThread] - Epoch 15, Current Learning Rate: 0.01
2024-04-17 10:19:29,720 - INFO - [MainThread] - Epoch 16, Training Loss: 0.6838, Training Accuracy: 75.57%
2024-04-17 10:19:52,419 - INFO - [MainThread] - Testing Loss: 0.5572, Testing Accuracy: 79.35%
2024-04-17 10:19:52,430 - INFO - [MainThread] - Testing Classification Report:
              precision    recall  f1-score   support

           O       0.91      0.77      0.83       602
           B       0.68      0.85      0.76       785
           A       0.86      0.73      0.79       793
           F       0.85      0.50      0.63       800
           G       0.65      0.86      0.74       780
           K       0.79      0.90      0.84       821
           M       0.95      0.94      0.95       798

    accuracy                           0.79      5379
   macro avg       0.81      0.79      0.79      5379
weighted avg       0.81      0.79      0.79      5379

2024-04-17 10:19:52,571 - INFO - [MainThread] - Epoch 16, Current Learning Rate: 0.01
2024-04-17 10:21:52,694 - INFO - [MainThread] - Epoch 17, Training Loss: 0.6823, Training Accuracy: 75.89%
2024-04-17 10:22:12,419 - INFO - [MainThread] - Testing Loss: 0.5366, Testing Accuracy: 78.97%
2024-04-17 10:22:12,430 - INFO - [MainThread] - Testing Classification Report:
              precision    recall  f1-score   support

           O       0.92      0.77      0.84       602
           B       0.71      0.69      0.70       785
           A       0.73      0.78      0.75       793
           F       0.75      0.69      0.72       800
           G       0.70      0.81      0.75       780
           K       0.92      0.81      0.86       821
           M       0.86      0.97      0.91       798

    accuracy                           0.79      5379
   macro avg       0.80      0.79      0.79      5379
weighted avg       0.79      0.79      0.79      5379

2024-04-17 10:22:12,595 - INFO - [MainThread] - Epoch 17, Current Learning Rate: 0.01
2024-04-17 10:24:21,701 - INFO - [MainThread] - Epoch 18, Training Loss: 0.6711, Training Accuracy: 76.06%
2024-04-17 10:24:38,415 - INFO - [MainThread] - Testing Loss: 0.5320, Testing Accuracy: 80.11%
2024-04-17 10:24:38,425 - INFO - [MainThread] - Testing Classification Report:
              precision    recall  f1-score   support

           O       0.84      0.83      0.83       602
           B       0.67      0.79      0.73       785
           A       0.75      0.78      0.76       793
           F       0.86      0.58      0.70       800
           G       0.74      0.82      0.78       780
           K       0.88      0.85      0.86       821
           M       0.92      0.97      0.94       798

    accuracy                           0.80      5379
   macro avg       0.81      0.80      0.80      5379
weighted avg       0.81      0.80      0.80      5379

2024-04-17 10:24:38,572 - INFO - [MainThread] - Epoch 18, Current Learning Rate: 0.01
2024-04-17 10:24:38,715 - INFO - [MainThread] - Best model saved at models/star_model_2024-04-17_09-40-11/best_fold_model_epoch_18.pt for this fold
2024-04-17 10:26:42,348 - INFO - [MainThread] - Epoch 19, Training Loss: 0.6688, Training Accuracy: 75.84%
2024-04-17 10:26:59,717 - INFO - [MainThread] - Testing Loss: 0.5770, Testing Accuracy: 79.68%
2024-04-17 10:26:59,728 - INFO - [MainThread] - Testing Classification Report:
              precision    recall  f1-score   support

           O       0.92      0.77      0.84       602
           B       0.62      0.87      0.72       785
           A       0.76      0.75      0.76       793
           F       0.80      0.62      0.70       800
           G       0.75      0.77      0.76       780
           K       0.94      0.82      0.87       821
           M       0.91      0.97      0.94       798

    accuracy                           0.80      5379
   macro avg       0.81      0.80      0.80      5379
weighted avg       0.81      0.80      0.80      5379

2024-04-17 10:26:59,879 - INFO - [MainThread] - Epoch 19, Current Learning Rate: 0.01
2024-04-17 10:29:10,305 - INFO - [MainThread] - Epoch 20, Training Loss: 0.6534, Training Accuracy: 76.41%
2024-04-17 10:29:27,082 - INFO - [MainThread] - Testing Loss: 0.5192, Testing Accuracy: 80.85%
2024-04-17 10:29:27,092 - INFO - [MainThread] - Testing Classification Report:
              precision    recall  f1-score   support

           O       0.85      0.81      0.83       602
           B       0.70      0.81      0.75       785
           A       0.85      0.74      0.79       793
           F       0.86      0.60      0.71       800
           G       0.64      0.90      0.75       780
           K       0.90      0.86      0.88       821
           M       0.97      0.95      0.96       798

    accuracy                           0.81      5379
   macro avg       0.82      0.81      0.81      5379
weighted avg       0.82      0.81      0.81      5379

2024-04-17 10:29:27,246 - INFO - [MainThread] - Epoch 20, Current Learning Rate: 0.01
2024-04-17 10:29:27,392 - INFO - [MainThread] - Best model saved at models/star_model_2024-04-17_09-40-11/best_fold_model_epoch_20.pt for this fold
2024-04-17 10:31:30,227 - INFO - [MainThread] - Epoch 21, Training Loss: 0.6601, Training Accuracy: 76.42%
2024-04-17 10:31:46,492 - INFO - [MainThread] - Testing Loss: 0.5585, Testing Accuracy: 79.96%
2024-04-17 10:31:46,502 - INFO - [MainThread] - Testing Classification Report:
              precision    recall  f1-score   support

           O       0.93      0.76      0.83       602
           B       0.64      0.91      0.75       785
           A       0.92      0.68      0.78       793
           F       0.76      0.69      0.72       800
           G       0.70      0.87      0.78       780
           K       0.92      0.71      0.80       821
           M       0.90      0.97      0.93       798

    accuracy                           0.80      5379
   macro avg       0.82      0.80      0.80      5379
weighted avg       0.82      0.80      0.80      5379

2024-04-17 10:31:46,769 - INFO - [MainThread] - Epoch 21, Current Learning Rate: 0.01
2024-04-17 10:33:51,752 - INFO - [MainThread] - Epoch 22, Training Loss: 0.6562, Training Accuracy: 76.29%
2024-04-17 10:34:12,490 - INFO - [MainThread] - Testing Loss: 0.5438, Testing Accuracy: 79.83%
2024-04-17 10:34:12,500 - INFO - [MainThread] - Testing Classification Report:
              precision    recall  f1-score   support

           O       0.79      0.84      0.81       602
           B       0.68      0.80      0.73       785
           A       0.89      0.71      0.79       793
           F       0.72      0.76      0.74       800
           G       0.76      0.68      0.72       780
           K       0.89      0.84      0.86       821
           M       0.91      0.97      0.94       798

    accuracy                           0.80      5379
   macro avg       0.80      0.80      0.80      5379
weighted avg       0.80      0.80      0.80      5379

2024-04-17 10:34:12,643 - INFO - [MainThread] - Epoch 22, Current Learning Rate: 0.01
2024-04-17 10:36:17,717 - INFO - [MainThread] - Epoch 23, Training Loss: 0.6435, Training Accuracy: 76.42%
2024-04-17 10:36:38,445 - INFO - [MainThread] - Testing Loss: 0.5488, Testing Accuracy: 78.79%
2024-04-17 10:36:38,455 - INFO - [MainThread] - Testing Classification Report:
              precision    recall  f1-score   support

           O       0.74      0.83      0.78       602
           B       0.73      0.72      0.72       785
           A       0.84      0.74      0.79       793
           F       0.78      0.60      0.68       800
           G       0.64      0.89      0.75       780
           K       0.91      0.78      0.84       821
           M       0.93      0.97      0.95       798

    accuracy                           0.79      5379
   macro avg       0.80      0.79      0.79      5379
weighted avg       0.80      0.79      0.79      5379

2024-04-17 10:36:38,607 - INFO - [MainThread] - Epoch 23, Current Learning Rate: 0.01
2024-04-17 10:38:43,227 - INFO - [MainThread] - Epoch 24, Training Loss: 0.6452, Training Accuracy: 76.84%
2024-04-17 10:39:03,349 - INFO - [MainThread] - Testing Loss: 0.5545, Testing Accuracy: 80.01%
2024-04-17 10:39:03,359 - INFO - [MainThread] - Testing Classification Report:
              precision    recall  f1-score   support

           O       0.92      0.79      0.85       602
           B       0.71      0.80      0.75       785
           A       0.79      0.77      0.78       793
           F       0.90      0.51      0.65       800
           G       0.66      0.85      0.74       780
           K       0.85      0.92      0.88       821
           M       0.90      0.97      0.93       798

    accuracy                           0.80      5379
   macro avg       0.82      0.80      0.80      5379
weighted avg       0.81      0.80      0.80      5379

2024-04-17 10:39:03,502 - INFO - [MainThread] - Epoch 24, Current Learning Rate: 0.01
2024-04-17 10:41:09,599 - INFO - [MainThread] - Epoch 25, Training Loss: 0.6393, Training Accuracy: 76.79%
2024-04-17 10:41:30,045 - INFO - [MainThread] - Testing Loss: 0.4900, Testing Accuracy: 81.58%
2024-04-17 10:41:30,056 - INFO - [MainThread] - Testing Classification Report:
              precision    recall  f1-score   support

           O       0.85      0.79      0.82       602
           B       0.68      0.81      0.74       785
           A       0.82      0.75      0.78       793
           F       0.81      0.70      0.75       800
           G       0.76      0.81      0.78       780
           K       0.91      0.88      0.89       821
           M       0.92      0.96      0.94       798

    accuracy                           0.82      5379
   macro avg       0.82      0.81      0.82      5379
weighted avg       0.82      0.82      0.82      5379

2024-04-17 10:41:30,196 - INFO - [MainThread] - Epoch 25, Current Learning Rate: 0.01
2024-04-17 10:41:30,340 - INFO - [MainThread] - Best model saved at models/star_model_2024-04-17_09-40-11/best_fold_model_epoch_25.pt for this fold
2024-04-17 10:43:35,686 - INFO - [MainThread] - Epoch 26, Training Loss: 0.6339, Training Accuracy: 77.20%
2024-04-17 10:43:56,307 - INFO - [MainThread] - Testing Loss: 0.5586, Testing Accuracy: 79.87%
2024-04-17 10:43:56,317 - INFO - [MainThread] - Testing Classification Report:
              precision    recall  f1-score   support

           O       0.85      0.74      0.79       602
           B       0.66      0.84      0.74       785
           A       0.89      0.71      0.79       793
           F       0.78      0.70      0.74       800
           G       0.72      0.83      0.77       780
           K       0.89      0.82      0.85       821
           M       0.87      0.94      0.91       798

    accuracy                           0.80      5379
   macro avg       0.81      0.80      0.80      5379
weighted avg       0.81      0.80      0.80      5379

2024-04-17 10:43:56,462 - INFO - [MainThread] - Epoch 26, Current Learning Rate: 0.01
2024-04-17 10:45:49,319 - INFO - [MainThread] - Epoch 27, Training Loss: 0.6323, Training Accuracy: 77.04%
2024-04-17 10:46:08,712 - INFO - [MainThread] - Testing Loss: 0.4971, Testing Accuracy: 81.00%
2024-04-17 10:46:08,722 - INFO - [MainThread] - Testing Classification Report:
              precision    recall  f1-score   support

           O       0.84      0.82      0.83       602
           B       0.72      0.74      0.73       785
           A       0.80      0.77      0.79       793
           F       0.80      0.66      0.72       800
           G       0.70      0.87      0.77       780
           K       0.92      0.84      0.88       821
           M       0.92      0.97      0.94       798

    accuracy                           0.81      5379
   macro avg       0.81      0.81      0.81      5379
weighted avg       0.82      0.81      0.81      5379

2024-04-17 10:46:08,871 - INFO - [MainThread] - Epoch 27, Current Learning Rate: 0.01
2024-04-17 10:48:08,336 - INFO - [MainThread] - Epoch 28, Training Loss: 0.6266, Training Accuracy: 77.38%
2024-04-17 10:48:26,163 - INFO - [MainThread] - Testing Loss: 0.5380, Testing Accuracy: 80.28%
2024-04-17 10:48:26,174 - INFO - [MainThread] - Testing Classification Report:
              precision    recall  f1-score   support

           O       0.80      0.85      0.82       602
           B       0.63      0.85      0.73       785
           A       0.91      0.69      0.79       793
           F       0.80      0.71      0.75       800
           G       0.81      0.68      0.74       780
           K       0.78      0.91      0.84       821
           M       0.98      0.93      0.95       798

    accuracy                           0.80      5379
   macro avg       0.82      0.80      0.80      5379
weighted avg       0.82      0.80      0.80      5379

2024-04-17 10:48:26,331 - INFO - [MainThread] - Epoch 28, Current Learning Rate: 0.01
2024-04-17 10:50:20,791 - INFO - [MainThread] - Epoch 29, Training Loss: 0.6206, Training Accuracy: 77.82%
2024-04-17 10:50:38,798 - INFO - [MainThread] - Testing Loss: 0.5145, Testing Accuracy: 81.33%
2024-04-17 10:50:38,809 - INFO - [MainThread] - Testing Classification Report:
              precision    recall  f1-score   support

           O       0.88      0.80      0.84       602
           B       0.65      0.89      0.75       785
           A       0.89      0.72      0.79       793
           F       0.85      0.64      0.73       800
           G       0.71      0.85      0.78       780
           K       0.84      0.89      0.86       821
           M       0.99      0.91      0.95       798

    accuracy                           0.81      5379
   macro avg       0.83      0.81      0.81      5379
weighted avg       0.83      0.81      0.81      5379

2024-04-17 10:50:38,961 - INFO - [MainThread] - Epoch 29, Current Learning Rate: 0.01
2024-04-17 10:52:29,667 - INFO - [MainThread] - Epoch 30, Training Loss: 0.6155, Training Accuracy: 77.74%
2024-04-17 10:52:47,715 - INFO - [MainThread] - Testing Loss: 0.5111, Testing Accuracy: 80.54%
2024-04-17 10:52:47,726 - INFO - [MainThread] - Testing Classification Report:
              precision    recall  f1-score   support

           O       0.87      0.78      0.83       602
           B       0.65      0.87      0.74       785
           A       0.87      0.70      0.78       793
           F       0.82      0.65      0.73       800
           G       0.68      0.87      0.76       780
           K       0.91      0.81      0.85       821
           M       0.96      0.95      0.96       798

    accuracy                           0.81      5379
   macro avg       0.82      0.80      0.81      5379
weighted avg       0.82      0.81      0.81      5379

2024-04-17 10:52:47,874 - INFO - [MainThread] - Epoch 30, Current Learning Rate: 0.01
2024-04-17 10:54:46,902 - INFO - [MainThread] - Epoch 31, Training Loss: 0.6143, Training Accuracy: 77.66%
2024-04-17 10:55:05,356 - INFO - [MainThread] - Testing Loss: 0.5455, Testing Accuracy: 80.03%
2024-04-17 10:55:05,367 - INFO - [MainThread] - Testing Classification Report:
              precision    recall  f1-score   support

           O       0.92      0.73      0.81       602
           B       0.69      0.79      0.74       785
           A       0.83      0.76      0.80       793
           F       0.78      0.68      0.73       800
           G       0.75      0.78      0.76       780
           K       0.77      0.90      0.83       821
           M       0.93      0.95      0.94       798

    accuracy                           0.80      5379
   macro avg       0.81      0.80      0.80      5379
weighted avg       0.81      0.80      0.80      5379

2024-04-17 10:55:05,645 - INFO - [MainThread] - Epoch 31, Current Learning Rate: 0.001
2024-04-17 10:55:05,648 - INFO - [MainThread] - Early stopping triggered after 31 epochs
2024-04-17 10:55:06,002 - INFO - [MainThread] - Starting fold 2
2024-04-17 10:55:06,008 - INFO - [MainThread] - Train class counts for fold 2: {'B': 3224, 'K': 3205, 'F': 3205, 'G': 3200, 'M': 3183, 'A': 3168, 'O': 2331}
2024-04-17 10:55:06,008 - INFO - [MainThread] - Validation class counts for fold 2: {'A': 831, 'M': 817, 'G': 800, 'F': 795, 'K': 795, 'B': 776, 'O': 565}
2024-04-17 10:57:06,678 - INFO - [MainThread] - Epoch 1, Training Loss: 1.0921, Training Accuracy: 61.14%
2024-04-17 10:57:25,982 - INFO - [MainThread] - Testing Loss: 0.7566, Testing Accuracy: 72.80%
2024-04-17 10:57:25,993 - INFO - [MainThread] - Testing Classification Report:
              precision    recall  f1-score   support

           O       0.59      0.82      0.68       565
           B       0.54      0.79      0.64       776
           A       0.91      0.62      0.74       831
           F       0.76      0.52      0.62       795
           G       0.67      0.68      0.68       800
           K       0.86      0.76      0.81       795
           M       0.92      0.93      0.93       817

    accuracy                           0.73      5379
   macro avg       0.75      0.73      0.73      5379
weighted avg       0.76      0.73      0.73      5379

2024-04-17 10:57:26,136 - INFO - [MainThread] - Epoch 1, Current Learning Rate: 0.01
2024-04-17 10:57:26,474 - INFO - [MainThread] - Best model saved at models/star_model_2024-04-17_09-40-11/best_fold_model_epoch_1.pt for this fold
2024-04-17 10:59:25,036 - INFO - [MainThread] - Epoch 2, Training Loss: 0.9104, Training Accuracy: 67.44%
2024-04-17 10:59:43,941 - INFO - [MainThread] - Testing Loss: 0.7048, Testing Accuracy: 74.33%
2024-04-17 10:59:43,952 - INFO - [MainThread] - Testing Classification Report:
              precision    recall  f1-score   support

           O       0.85      0.74      0.79       565
           B       0.57      0.81      0.67       776
           A       0.90      0.67      0.77       831
           F       0.64      0.49      0.55       795
           G       0.67      0.71      0.69       800
           K       0.78      0.88      0.83       795
           M       0.92      0.89      0.90       817

    accuracy                           0.74      5379
   macro avg       0.76      0.74      0.74      5379
weighted avg       0.76      0.74      0.74      5379

2024-04-17 10:59:44,096 - INFO - [MainThread] - Epoch 2, Current Learning Rate: 0.01
2024-04-17 10:59:44,434 - INFO - [MainThread] - Best model saved at models/star_model_2024-04-17_09-40-11/best_fold_model_epoch_2.pt for this fold
2024-04-17 11:02:02,636 - INFO - [MainThread] - Epoch 3, Training Loss: 0.8595, Training Accuracy: 69.46%
2024-04-17 11:02:25,905 - INFO - [MainThread] - Testing Loss: 0.6714, Testing Accuracy: 75.83%
2024-04-17 11:02:25,915 - INFO - [MainThread] - Testing Classification Report:
              precision    recall  f1-score   support

           O       0.68      0.80      0.73       565
           B       0.57      0.81      0.67       776
           A       0.85      0.71      0.77       831
           F       0.72      0.61      0.66       795
           G       0.75      0.65      0.70       800
           K       0.88      0.79      0.83       795
           M       0.94      0.93      0.94       817

    accuracy                           0.76      5379
   macro avg       0.77      0.76      0.76      5379
weighted avg       0.78      0.76      0.76      5379

2024-04-17 11:02:26,065 - INFO - [MainThread] - Epoch 3, Current Learning Rate: 0.01
2024-04-17 11:02:26,409 - INFO - [MainThread] - Best model saved at models/star_model_2024-04-17_09-40-11/best_fold_model_epoch_3.pt for this fold
2024-04-17 11:04:26,159 - INFO - [MainThread] - Epoch 4, Training Loss: 0.8242, Training Accuracy: 70.64%
2024-04-17 11:04:45,524 - INFO - [MainThread] - Testing Loss: 0.6368, Testing Accuracy: 76.54%
2024-04-17 11:04:45,535 - INFO - [MainThread] - Testing Classification Report:
              precision    recall  f1-score   support

           O       0.76      0.79      0.77       565
           B       0.59      0.83      0.69       776
           A       0.86      0.70      0.77       831
           F       0.73      0.65      0.69       795
           G       0.74      0.65      0.69       800
           K       0.82      0.84      0.83       795
           M       0.93      0.91      0.92       817

    accuracy                           0.77      5379
   macro avg       0.77      0.77      0.77      5379
weighted avg       0.78      0.77      0.77      5379

2024-04-17 11:04:45,680 - INFO - [MainThread] - Epoch 4, Current Learning Rate: 0.01
2024-04-17 11:04:46,013 - INFO - [MainThread] - Best model saved at models/star_model_2024-04-17_09-40-11/best_fold_model_epoch_4.pt for this fold
2024-04-17 11:06:40,927 - INFO - [MainThread] - Epoch 5, Training Loss: 0.7971, Training Accuracy: 71.54%
2024-04-17 11:06:59,536 - INFO - [MainThread] - Testing Loss: 0.6347, Testing Accuracy: 75.89%
2024-04-17 11:06:59,546 - INFO - [MainThread] - Testing Classification Report:
              precision    recall  f1-score   support

           O       0.91      0.73      0.81       565
           B       0.58      0.88      0.70       776
           A       0.93      0.57      0.71       831
           F       0.70      0.51      0.59       795
           G       0.68      0.81      0.74       800
           K       0.85      0.86      0.85       795
           M       0.86      0.96      0.90       817

    accuracy                           0.76      5379
   macro avg       0.79      0.76      0.76      5379
weighted avg       0.78      0.76      0.76      5379

2024-04-17 11:06:59,693 - INFO - [MainThread] - Epoch 5, Current Learning Rate: 0.01
2024-04-17 11:07:00,031 - INFO - [MainThread] - Best model saved at models/star_model_2024-04-17_09-40-11/best_fold_model_epoch_5.pt for this fold
2024-04-17 11:08:54,150 - INFO - [MainThread] - Epoch 6, Training Loss: 0.7762, Training Accuracy: 72.05%
2024-04-17 11:09:13,124 - INFO - [MainThread] - Testing Loss: 0.6173, Testing Accuracy: 76.30%
2024-04-17 11:09:13,134 - INFO - [MainThread] - Testing Classification Report:
              precision    recall  f1-score   support

           O       0.93      0.73      0.82       565
           B       0.60      0.88      0.72       776
           A       0.86      0.68      0.76       831
           F       0.77      0.47      0.58       795
           G       0.72      0.77      0.74       800
           K       0.71      0.90      0.79       795
           M       0.94      0.90      0.92       817

    accuracy                           0.76      5379
   macro avg       0.79      0.76      0.76      5379
weighted avg       0.78      0.76      0.76      5379

2024-04-17 11:09:13,280 - INFO - [MainThread] - Epoch 6, Current Learning Rate: 0.01
2024-04-17 11:09:13,625 - INFO - [MainThread] - Best model saved at models/star_model_2024-04-17_09-40-11/best_fold_model_epoch_6.pt for this fold
2024-04-17 11:11:12,414 - INFO - [MainThread] - Epoch 7, Training Loss: 0.7597, Training Accuracy: 72.40%
2024-04-17 11:11:30,738 - INFO - [MainThread] - Testing Loss: 0.6042, Testing Accuracy: 76.98%
2024-04-17 11:11:30,749 - INFO - [MainThread] - Testing Classification Report:
              precision    recall  f1-score   support

           O       0.87      0.77      0.82       565
           B       0.68      0.79      0.73       776
           A       0.89      0.57      0.69       831
           F       0.63      0.68      0.65       795
           G       0.70      0.76      0.73       800
           K       0.82      0.86      0.84       795
           M       0.89      0.96      0.93       817

    accuracy                           0.77      5379
   macro avg       0.78      0.77      0.77      5379
weighted avg       0.78      0.77      0.77      5379

2024-04-17 11:11:30,924 - INFO - [MainThread] - Epoch 7, Current Learning Rate: 0.01
2024-04-17 11:11:31,071 - INFO - [MainThread] - Best model saved at models/star_model_2024-04-17_09-40-11/best_fold_model_epoch_7.pt for this fold
2024-04-17 11:13:23,641 - INFO - [MainThread] - Epoch 8, Training Loss: 0.7445, Training Accuracy: 73.44%
2024-04-17 11:13:40,987 - INFO - [MainThread] - Testing Loss: 0.5837, Testing Accuracy: 78.16%
2024-04-17 11:13:40,998 - INFO - [MainThread] - Testing Classification Report:
              precision    recall  f1-score   support

           O       0.96      0.59      0.73       565
           B       0.61      0.82      0.70       776
           A       0.75      0.77      0.76       831
           F       0.78      0.65      0.71       795
           G       0.73      0.78      0.76       800
           K       0.89      0.84      0.87       795
           M       0.92      0.95      0.93       817

    accuracy                           0.78      5379
   macro avg       0.80      0.77      0.78      5379
weighted avg       0.80      0.78      0.78      5379

2024-04-17 11:13:41,279 - INFO - [MainThread] - Epoch 8, Current Learning Rate: 0.01
2024-04-17 11:13:41,429 - INFO - [MainThread] - Best model saved at models/star_model_2024-04-17_09-40-11/best_fold_model_epoch_8.pt for this fold
2024-04-17 11:15:33,064 - INFO - [MainThread] - Epoch 9, Training Loss: 0.7240, Training Accuracy: 74.29%
2024-04-17 11:15:49,677 - INFO - [MainThread] - Testing Loss: 0.6039, Testing Accuracy: 77.99%
2024-04-17 11:15:49,687 - INFO - [MainThread] - Testing Classification Report:
              precision    recall  f1-score   support

           O       0.92      0.73      0.82       565
           B       0.62      0.85      0.72       776
           A       0.76      0.75      0.76       831
           F       0.85      0.51      0.64       795
           G       0.69      0.81      0.74       800
           K       0.91      0.81      0.86       795
           M       0.87      0.98      0.92       817

    accuracy                           0.78      5379
   macro avg       0.80      0.78      0.78      5379
weighted avg       0.80      0.78      0.78      5379

2024-04-17 11:15:49,827 - INFO - [MainThread] - Epoch 9, Current Learning Rate: 0.01
2024-04-17 11:17:41,042 - INFO - [MainThread] - Epoch 10, Training Loss: 0.7147, Training Accuracy: 74.31%
2024-04-17 11:17:58,076 - INFO - [MainThread] - Testing Loss: 0.6455, Testing Accuracy: 75.05%
2024-04-17 11:17:58,087 - INFO - [MainThread] - Testing Classification Report:
              precision    recall  f1-score   support

           O       0.77      0.82      0.79       565
           B       0.69      0.67      0.68       776
           A       0.71      0.71      0.71       831
           F       0.81      0.47      0.60       795
           G       0.69      0.76      0.72       800
           K       0.76      0.91      0.83       795
           M       0.85      0.93      0.89       817

    accuracy                           0.75      5379
   macro avg       0.75      0.75      0.75      5379
weighted avg       0.75      0.75      0.74      5379

2024-04-17 11:17:58,233 - INFO - [MainThread] - Epoch 10, Current Learning Rate: 0.01
2024-04-17 11:19:49,225 - INFO - [MainThread] - Epoch 11, Training Loss: 0.7052, Training Accuracy: 75.12%
2024-04-17 11:20:05,876 - INFO - [MainThread] - Testing Loss: 0.5684, Testing Accuracy: 78.30%
2024-04-17 11:20:05,886 - INFO - [MainThread] - Testing Classification Report:
              precision    recall  f1-score   support

           O       0.79      0.81      0.80       565
           B       0.66      0.77      0.71       776
           A       0.90      0.71      0.79       831
           F       0.70      0.57      0.63       795
           G       0.72      0.79      0.75       800
           K       0.80      0.89      0.84       795
           M       0.93      0.96      0.94       817

    accuracy                           0.78      5379
   macro avg       0.79      0.78      0.78      5379
weighted avg       0.79      0.78      0.78      5379

2024-04-17 11:20:06,028 - INFO - [MainThread] - Epoch 11, Current Learning Rate: 0.01
2024-04-17 11:20:06,364 - INFO - [MainThread] - Best model saved at models/star_model_2024-04-17_09-40-11/best_fold_model_epoch_11.pt for this fold
2024-04-17 11:21:57,746 - INFO - [MainThread] - Epoch 12, Training Loss: 0.6926, Training Accuracy: 75.31%
2024-04-17 11:22:14,901 - INFO - [MainThread] - Testing Loss: 0.5841, Testing Accuracy: 77.88%
2024-04-17 11:22:14,911 - INFO - [MainThread] - Testing Classification Report:
              precision    recall  f1-score   support

           O       0.92      0.69      0.79       565
           B       0.69      0.76      0.72       776
           A       0.82      0.74      0.78       831
           F       0.75      0.62      0.68       795
           G       0.68      0.80      0.74       800
           K       0.81      0.87      0.84       795
           M       0.87      0.94      0.91       817

    accuracy                           0.78      5379
   macro avg       0.79      0.77      0.78      5379
weighted avg       0.78      0.78      0.78      5379

2024-04-17 11:22:15,059 - INFO - [MainThread] - Epoch 12, Current Learning Rate: 0.01
2024-04-17 11:24:06,016 - INFO - [MainThread] - Epoch 13, Training Loss: 0.6877, Training Accuracy: 75.79%
2024-04-17 11:24:23,428 - INFO - [MainThread] - Testing Loss: 0.5698, Testing Accuracy: 78.53%
2024-04-17 11:24:23,439 - INFO - [MainThread] - Testing Classification Report:
              precision    recall  f1-score   support

           O       0.84      0.80      0.82       565
           B       0.63      0.84      0.72       776
           A       0.91      0.65      0.76       831
           F       0.68      0.67      0.67       795
           G       0.69      0.79      0.74       800
           K       0.92      0.78      0.85       795
           M       0.94      0.97      0.95       817

    accuracy                           0.79      5379
   macro avg       0.80      0.79      0.79      5379
weighted avg       0.80      0.79      0.79      5379

2024-04-17 11:24:23,591 - INFO - [MainThread] - Epoch 13, Current Learning Rate: 0.01
2024-04-17 11:26:20,368 - INFO - [MainThread] - Epoch 14, Training Loss: 0.6754, Training Accuracy: 75.75%
2024-04-17 11:26:38,625 - INFO - [MainThread] - Testing Loss: 0.5565, Testing Accuracy: 79.55%
2024-04-17 11:26:38,635 - INFO - [MainThread] - Testing Classification Report:
              precision    recall  f1-score   support

           O       0.91      0.77      0.83       565
           B       0.60      0.91      0.72       776
           A       0.89      0.72      0.80       831
           F       0.73      0.70      0.72       795
           G       0.76      0.68      0.72       800
           K       0.87      0.83      0.85       795
           M       0.96      0.95      0.95       817

    accuracy                           0.80      5379
   macro avg       0.82      0.79      0.80      5379
weighted avg       0.81      0.80      0.80      5379

2024-04-17 11:26:38,780 - INFO - [MainThread] - Epoch 14, Current Learning Rate: 0.01
2024-04-17 11:26:38,930 - INFO - [MainThread] - Best model saved at models/star_model_2024-04-17_09-40-11/best_fold_model_epoch_14.pt for this fold
2024-04-17 11:28:55,595 - INFO - [MainThread] - Epoch 15, Training Loss: 0.6682, Training Accuracy: 76.26%
2024-04-17 11:29:12,809 - INFO - [MainThread] - Testing Loss: 0.5563, Testing Accuracy: 79.20%
2024-04-17 11:29:12,820 - INFO - [MainThread] - Testing Classification Report:
              precision    recall  f1-score   support

           O       0.90      0.72      0.80       565
           B       0.59      0.90      0.71       776
           A       0.92      0.69      0.78       831
           F       0.77      0.67      0.72       795
           G       0.72      0.77      0.74       800
           K       0.93      0.81      0.86       795
           M       0.91      0.97      0.94       817

    accuracy                           0.79      5379
   macro avg       0.82      0.79      0.79      5379
weighted avg       0.82      0.79      0.79      5379

2024-04-17 11:29:12,965 - INFO - [MainThread] - Epoch 15, Current Learning Rate: 0.01
2024-04-17 11:29:13,113 - INFO - [MainThread] - Best model saved at models/star_model_2024-04-17_09-40-11/best_fold_model_epoch_15.pt for this fold
2024-04-17 11:31:10,688 - INFO - [MainThread] - Epoch 16, Training Loss: 0.6555, Training Accuracy: 76.48%
2024-04-17 11:31:29,333 - INFO - [MainThread] - Testing Loss: 0.5556, Testing Accuracy: 79.59%
2024-04-17 11:31:29,344 - INFO - [MainThread] - Testing Classification Report:
              precision    recall  f1-score   support

           O       0.80      0.84      0.82       565
           B       0.68      0.81      0.73       776
           A       0.81      0.76      0.78       831
           F       0.84      0.56      0.67       795
           G       0.70      0.81      0.75       800
           K       0.89      0.86      0.87       795
           M       0.91      0.96      0.93       817

    accuracy                           0.80      5379
   macro avg       0.80      0.80      0.79      5379
weighted avg       0.80      0.80      0.79      5379

2024-04-17 11:31:29,506 - INFO - [MainThread] - Epoch 16, Current Learning Rate: 0.01
2024-04-17 11:31:29,653 - INFO - [MainThread] - Best model saved at models/star_model_2024-04-17_09-40-11/best_fold_model_epoch_16.pt for this fold
2024-04-17 11:33:38,196 - INFO - [MainThread] - Epoch 17, Training Loss: 0.6475, Training Accuracy: 76.87%
2024-04-17 11:33:54,732 - INFO - [MainThread] - Testing Loss: 0.5448, Testing Accuracy: 78.88%
2024-04-17 11:33:54,743 - INFO - [MainThread] - Testing Classification Report:
              precision    recall  f1-score   support

           O       0.89      0.78      0.83       565
           B       0.69      0.80      0.74       776
           A       0.90      0.69      0.78       831
           F       0.61      0.79      0.69       795
           G       0.73      0.72      0.72       800
           K       0.94      0.77      0.85       795
           M       0.90      0.97      0.94       817

    accuracy                           0.79      5379
   macro avg       0.81      0.79      0.79      5379
weighted avg       0.81      0.79      0.79      5379

2024-04-17 11:33:54,887 - INFO - [MainThread] - Epoch 17, Current Learning Rate: 0.01
2024-04-17 11:33:55,032 - INFO - [MainThread] - Best model saved at models/star_model_2024-04-17_09-40-11/best_fold_model_epoch_17.pt for this fold
2024-04-17 11:35:45,345 - INFO - [MainThread] - Epoch 18, Training Loss: 0.6395, Training Accuracy: 77.33%
2024-04-17 11:36:03,198 - INFO - [MainThread] - Testing Loss: 0.5425, Testing Accuracy: 80.26%
2024-04-17 11:36:03,208 - INFO - [MainThread] - Testing Classification Report:
              precision    recall  f1-score   support

           O       0.89      0.73      0.81       565
           B       0.62      0.89      0.73       776
           A       0.92      0.69      0.79       831
           F       0.78      0.67      0.72       795
           G       0.71      0.80      0.75       800
           K       0.88      0.87      0.87       795
           M       0.96      0.95      0.96       817

    accuracy                           0.80      5379
   macro avg       0.82      0.80      0.80      5379
weighted avg       0.82      0.80      0.80      5379

2024-04-17 11:36:03,490 - INFO - [MainThread] - Epoch 18, Current Learning Rate: 0.01
2024-04-17 11:36:06,041 - INFO - [MainThread] - Best model saved at models/star_model_2024-04-17_09-40-11/best_fold_model_epoch_18.pt for this fold
2024-04-17 11:38:06,135 - INFO - [MainThread] - Epoch 19, Training Loss: 0.6256, Training Accuracy: 77.55%
2024-04-17 11:38:25,372 - INFO - [MainThread] - Testing Loss: 0.5352, Testing Accuracy: 79.77%
2024-04-17 11:38:25,383 - INFO - [MainThread] - Testing Classification Report:
              precision    recall  f1-score   support

           O       0.90      0.77      0.83       565
           B       0.69      0.77      0.73       776
           A       0.79      0.78      0.78       831
           F       0.76      0.66      0.71       795
           G       0.74      0.78      0.76       800
           K       0.89      0.85      0.87       795
           M       0.87      0.96      0.92       817

    accuracy                           0.80      5379
   macro avg       0.80      0.80      0.80      5379
weighted avg       0.80      0.80      0.80      5379

2024-04-17 11:38:25,531 - INFO - [MainThread] - Epoch 19, Current Learning Rate: 0.01
2024-04-17 11:38:25,686 - INFO - [MainThread] - Best model saved at models/star_model_2024-04-17_09-40-11/best_fold_model_epoch_19.pt for this fold
2024-04-17 11:40:25,510 - INFO - [MainThread] - Epoch 20, Training Loss: 0.6352, Training Accuracy: 77.49%
2024-04-17 11:40:44,747 - INFO - [MainThread] - Testing Loss: 0.5539, Testing Accuracy: 80.20%
2024-04-17 11:40:44,758 - INFO - [MainThread] - Testing Classification Report:
              precision    recall  f1-score   support

           O       0.94      0.76      0.84       565
           B       0.60      0.91      0.73       776
           A       0.85      0.75      0.80       831
           F       0.82      0.60      0.69       795
           G       0.70      0.82      0.75       800
           K       0.93      0.81      0.87       795
           M       0.97      0.95      0.96       817

    accuracy                           0.80      5379
   macro avg       0.83      0.80      0.80      5379
weighted avg       0.83      0.80      0.80      5379

2024-04-17 11:40:44,905 - INFO - [MainThread] - Epoch 20, Current Learning Rate: 0.01
2024-04-17 11:42:45,479 - INFO - [MainThread] - Epoch 21, Training Loss: 0.6184, Training Accuracy: 77.84%
2024-04-17 11:43:04,683 - INFO - [MainThread] - Testing Loss: 0.5727, Testing Accuracy: 79.98%
2024-04-17 11:43:04,694 - INFO - [MainThread] - Testing Classification Report:
              precision    recall  f1-score   support

           O       0.92      0.75      0.82       565
           B       0.62      0.90      0.73       776
           A       0.90      0.71      0.79       831
           F       0.85      0.61      0.71       795
           G       0.71      0.82      0.76       800
           K       0.89      0.85      0.87       795
           M       0.88      0.97      0.92       817

    accuracy                           0.80      5379
   macro avg       0.82      0.80      0.80      5379
weighted avg       0.82      0.80      0.80      5379

2024-04-17 11:43:04,858 - INFO - [MainThread] - Epoch 21, Current Learning Rate: 0.01
2024-04-17 11:44:55,363 - INFO - [MainThread] - Epoch 22, Training Loss: 0.6126, Training Accuracy: 78.06%
2024-04-17 11:45:12,328 - INFO - [MainThread] - Testing Loss: 0.5082, Testing Accuracy: 80.94%
2024-04-17 11:45:12,339 - INFO - [MainThread] - Testing Classification Report:
              precision    recall  f1-score   support

           O       0.91      0.77      0.83       565
           B       0.75      0.74      0.74       776
           A       0.74      0.81      0.77       831
           F       0.76      0.73      0.75       795
           G       0.75      0.77      0.76       800
           K       0.86      0.88      0.87       795
           M       0.94      0.96      0.95       817

    accuracy                           0.81      5379
   macro avg       0.82      0.81      0.81      5379
weighted avg       0.81      0.81      0.81      5379

2024-04-17 11:45:12,487 - INFO - [MainThread] - Epoch 22, Current Learning Rate: 0.01
2024-04-17 11:45:12,636 - INFO - [MainThread] - Best model saved at models/star_model_2024-04-17_09-40-11/best_fold_model_epoch_22.pt for this fold
2024-04-17 11:47:21,058 - INFO - [MainThread] - Epoch 23, Training Loss: 0.6194, Training Accuracy: 78.03%
2024-04-17 11:47:37,556 - INFO - [MainThread] - Testing Loss: 0.5327, Testing Accuracy: 79.90%
2024-04-17 11:47:37,567 - INFO - [MainThread] - Testing Classification Report:
              precision    recall  f1-score   support

           O       0.84      0.80      0.82       565
           B       0.65      0.82      0.73       776
           A       0.78      0.80      0.79       831
           F       0.85      0.58      0.69       795
           G       0.77      0.75      0.76       800
           K       0.82      0.89      0.86       795
           M       0.93      0.96      0.94       817

    accuracy                           0.80      5379
   macro avg       0.81      0.80      0.80      5379
weighted avg       0.81      0.80      0.80      5379

2024-04-17 11:47:37,712 - INFO - [MainThread] - Epoch 23, Current Learning Rate: 0.01
2024-04-17 11:49:30,018 - INFO - [MainThread] - Epoch 24, Training Loss: 0.6035, Training Accuracy: 78.17%
2024-04-17 11:49:47,297 - INFO - [MainThread] - Testing Loss: 0.5274, Testing Accuracy: 80.59%
2024-04-17 11:49:47,308 - INFO - [MainThread] - Testing Classification Report:
              precision    recall  f1-score   support

           O       0.87      0.81      0.84       565
           B       0.72      0.74      0.73       776
           A       0.75      0.81      0.78       831
           F       0.76      0.71      0.73       795
           G       0.71      0.82      0.76       800
           K       0.94      0.79      0.86       795
           M       0.95      0.96      0.96       817

    accuracy                           0.81      5379
   macro avg       0.81      0.81      0.81      5379
weighted avg       0.81      0.81      0.81      5379

2024-04-17 11:49:47,452 - INFO - [MainThread] - Epoch 24, Current Learning Rate: 0.01
2024-04-17 11:51:45,688 - INFO - [MainThread] - Epoch 25, Training Loss: 0.6105, Training Accuracy: 78.14%
2024-04-17 11:52:03,317 - INFO - [MainThread] - Testing Loss: 0.5540, Testing Accuracy: 79.77%
2024-04-17 11:52:03,328 - INFO - [MainThread] - Testing Classification Report:
              precision    recall  f1-score   support

           O       0.88      0.81      0.84       565
           B       0.72      0.76      0.74       776
           A       0.76      0.78      0.77       831
           F       0.81      0.65      0.72       795
           G       0.68      0.83      0.75       800
           K       0.83      0.84      0.84       795
           M       0.97      0.90      0.94       817

    accuracy                           0.80      5379
   macro avg       0.81      0.80      0.80      5379
weighted avg       0.81      0.80      0.80      5379

2024-04-17 11:52:03,476 - INFO - [MainThread] - Epoch 25, Current Learning Rate: 0.01
2024-04-17 11:53:55,969 - INFO - [MainThread] - Epoch 26, Training Loss: 0.5929, Training Accuracy: 78.52%
2024-04-17 11:54:12,497 - INFO - [MainThread] - Testing Loss: 0.5215, Testing Accuracy: 81.22%
2024-04-17 11:54:12,508 - INFO - [MainThread] - Testing Classification Report:
              precision    recall  f1-score   support

           O       0.88      0.78      0.83       565
           B       0.70      0.80      0.75       776
           A       0.85      0.75      0.80       831
           F       0.73      0.70      0.71       795
           G       0.70      0.85      0.77       800
           K       0.92      0.84      0.88       795
           M       0.96      0.96      0.96       817

    accuracy                           0.81      5379
   macro avg       0.82      0.81      0.81      5379
weighted avg       0.82      0.81      0.81      5379

2024-04-17 11:54:12,653 - INFO - [MainThread] - Epoch 26, Current Learning Rate: 0.01
2024-04-17 11:56:06,095 - INFO - [MainThread] - Epoch 27, Training Loss: 0.5988, Training Accuracy: 78.49%
2024-04-17 11:56:25,930 - INFO - [MainThread] - Testing Loss: 0.5242, Testing Accuracy: 80.35%
2024-04-17 11:56:25,940 - INFO - [MainThread] - Testing Classification Report:
              precision    recall  f1-score   support

           O       0.85      0.82      0.83       565
           B       0.72      0.80      0.76       776
           A       0.87      0.72      0.79       831
           F       0.85      0.62      0.72       795
           G       0.63      0.90      0.74       800
           K       0.87      0.84      0.86       795
           M       0.96      0.93      0.95       817

    accuracy                           0.80      5379
   macro avg       0.82      0.80      0.81      5379
weighted avg       0.82      0.80      0.80      5379

2024-04-17 11:56:26,084 - INFO - [MainThread] - Epoch 27, Current Learning Rate: 0.01
2024-04-17 11:58:32,517 - INFO - [MainThread] - Epoch 28, Training Loss: 0.5898, Training Accuracy: 79.11%
2024-04-17 11:58:52,811 - INFO - [MainThread] - Testing Loss: 0.5195, Testing Accuracy: 80.67%
2024-04-17 11:58:52,821 - INFO - [MainThread] - Testing Classification Report:
              precision    recall  f1-score   support

           O       0.85      0.80      0.82       565
           B       0.65      0.84      0.73       776
           A       0.84      0.75      0.79       831
           F       0.85      0.62      0.72       795
           G       0.72      0.83      0.77       800
           K       0.88      0.85      0.87       795
           M       0.94      0.95      0.94       817

    accuracy                           0.81      5379
   macro avg       0.82      0.81      0.81      5379
weighted avg       0.82      0.81      0.81      5379

2024-04-17 11:58:52,961 - INFO - [MainThread] - Epoch 28, Current Learning Rate: 0.001
2024-04-17 11:58:52,964 - INFO - [MainThread] - Early stopping triggered after 28 epochs
2024-04-17 11:58:53,308 - INFO - [MainThread] - Starting fold 3
2024-04-17 11:58:53,312 - INFO - [MainThread] - Train class counts for fold 3: {'F': 3239, 'G': 3235, 'M': 3201, 'B': 3193, 'A': 3176, 'K': 3154, 'O': 2318}
2024-04-17 11:58:53,312 - INFO - [MainThread] - Validation class counts for fold 3: {'K': 846, 'A': 823, 'B': 807, 'M': 799, 'G': 765, 'F': 761, 'O': 578}
