2024-04-12 14:08:48,493 - INFO - [MainThread] - Using device: cuda
2024-04-12 14:09:32,144 - INFO - [MainThread] - Epoch 1, Training Loss: 0.6521077156066895
2024-04-12 14:10:08,261 - INFO - [MainThread] - Training Loss: 1820.3958, Accuracy: 0.7558
2024-04-12 14:10:17,369 - INFO - [MainThread] - Testing Loss: 461.8822, Accuracy: 0.7538
2024-04-12 14:10:17,375 - INFO - [MainThread] - Testing Classification Report:
              precision    recall  f1-score   support

           A       0.70      0.83      0.76       597
           F       0.76      0.61      0.68       600
           G       0.77      0.77      0.77       655
           K       0.68      0.67      0.68       588
           M       0.90      0.91      0.90       464

    accuracy                           0.75      2904
   macro avg       0.76      0.76      0.76      2904
weighted avg       0.76      0.75      0.75      2904

2024-04-12 14:10:58,525 - INFO - [MainThread] - Epoch 2, Training Loss: 0.037702981382608414
2024-04-12 14:11:39,702 - INFO - [MainThread] - Training Loss: 1758.5681, Accuracy: 0.7717
2024-04-12 14:11:49,272 - INFO - [MainThread] - Testing Loss: 470.5106, Accuracy: 0.7493
2024-04-12 14:11:49,278 - INFO - [MainThread] - Testing Classification Report:
              precision    recall  f1-score   support

           A       0.75      0.78      0.76       597
           F       0.72      0.75      0.73       600
           G       0.86      0.61      0.71       655
           K       0.62      0.71      0.66       588
           M       0.86      0.96      0.91       464

    accuracy                           0.75      2904
   macro avg       0.76      0.76      0.76      2904
weighted avg       0.76      0.75      0.75      2904

2024-04-12 14:12:30,975 - INFO - [MainThread] - Epoch 3, Training Loss: 0.056494344025850296
2024-04-12 14:13:11,377 - INFO - [MainThread] - Training Loss: 1726.4378, Accuracy: 0.7712
2024-04-12 14:13:21,621 - INFO - [MainThread] - Testing Loss: 440.4284, Accuracy: 0.7600
2024-04-12 14:13:21,627 - INFO - [MainThread] - Testing Classification Report:
              precision    recall  f1-score   support

           A       0.75      0.79      0.77       597
           F       0.85      0.55      0.67       600
           G       0.70      0.84      0.76       655
           K       0.68      0.75      0.71       588
           M       0.92      0.90      0.91       464

    accuracy                           0.76      2904
   macro avg       0.78      0.76      0.76      2904
weighted avg       0.77      0.76      0.76      2904

2024-04-12 14:14:03,474 - INFO - [MainThread] - Epoch 4, Training Loss: 0.011719797737896442
2024-04-12 14:14:39,142 - INFO - [MainThread] - Training Loss: 1539.0386, Accuracy: 0.7994
2024-04-12 14:14:48,137 - INFO - [MainThread] - Testing Loss: 415.5779, Accuracy: 0.7810
2024-04-12 14:14:48,143 - INFO - [MainThread] - Testing Classification Report:
              precision    recall  f1-score   support

           A       0.76      0.78      0.77       597
           F       0.71      0.81      0.76       600
           G       0.86      0.72      0.79       655
           K       0.72      0.69      0.70       588
           M       0.88      0.94      0.91       464

    accuracy                           0.78      2904
   macro avg       0.79      0.79      0.79      2904
weighted avg       0.78      0.78      0.78      2904

2024-04-12 14:15:28,953 - INFO - [MainThread] - Epoch 5, Training Loss: 0.16936327517032623
2024-04-12 14:16:06,845 - INFO - [MainThread] - Training Loss: 1577.7211, Accuracy: 0.7914
2024-04-12 14:16:16,225 - INFO - [MainThread] - Testing Loss: 420.9841, Accuracy: 0.7734
2024-04-12 14:16:16,231 - INFO - [MainThread] - Testing Classification Report:
              precision    recall  f1-score   support

           A       0.76      0.75      0.75       597
           F       0.68      0.80      0.74       600
           G       0.79      0.78      0.78       655
           K       0.79      0.65      0.71       588
           M       0.89      0.93      0.91       464

    accuracy                           0.77      2904
   macro avg       0.78      0.78      0.78      2904
weighted avg       0.78      0.77      0.77      2904

2024-04-12 14:16:56,689 - INFO - [MainThread] - Epoch 6, Training Loss: 0.060424476861953735
2024-04-12 14:17:34,780 - INFO - [MainThread] - Training Loss: 1669.3245, Accuracy: 0.7730
2024-04-12 14:17:44,185 - INFO - [MainThread] - Testing Loss: 450.2542, Accuracy: 0.7610
2024-04-12 14:17:44,191 - INFO - [MainThread] - Testing Classification Report:
              precision    recall  f1-score   support

           A       0.72      0.80      0.75       597
           F       0.76      0.70      0.73       600
           G       0.70      0.82      0.76       655
           K       0.83      0.56      0.67       588
           M       0.85      0.95      0.90       464

    accuracy                           0.76      2904
   macro avg       0.77      0.77      0.76      2904
weighted avg       0.77      0.76      0.76      2904

2024-04-12 14:18:26,653 - INFO - [MainThread] - Epoch 7, Training Loss: 0.6495328545570374
2024-04-12 14:19:06,571 - INFO - [MainThread] - Training Loss: 1578.4704, Accuracy: 0.7890
2024-04-12 14:19:16,543 - INFO - [MainThread] - Testing Loss: 426.0705, Accuracy: 0.7662
2024-04-12 14:19:16,549 - INFO - [MainThread] - Testing Classification Report:
              precision    recall  f1-score   support

           A       0.69      0.83      0.76       597
           F       0.74      0.68      0.71       600
           G       0.80      0.78      0.79       655
           K       0.73      0.69      0.71       588
           M       0.93      0.87      0.90       464

    accuracy                           0.77      2904
   macro avg       0.78      0.77      0.77      2904
weighted avg       0.77      0.77      0.77      2904

2024-04-12 14:20:01,185 - INFO - [MainThread] - Epoch 8, Training Loss: 0.991436243057251
2024-04-12 14:20:40,983 - INFO - [MainThread] - Training Loss: 1553.0600, Accuracy: 0.7863
2024-04-12 14:20:51,598 - INFO - [MainThread] - Testing Loss: 436.0981, Accuracy: 0.7576
2024-04-12 14:20:51,605 - INFO - [MainThread] - Testing Classification Report:
              precision    recall  f1-score   support

           A       0.83      0.62      0.71       597
           F       0.67      0.77      0.72       600
           G       0.75      0.81      0.78       655
           K       0.72      0.70      0.71       588
           M       0.86      0.91      0.88       464

    accuracy                           0.76      2904
   macro avg       0.77      0.76      0.76      2904
weighted avg       0.76      0.76      0.76      2904

2024-04-12 14:21:37,225 - INFO - [MainThread] - Epoch 9, Training Loss: 0.14588944613933563
2024-04-12 14:22:18,843 - INFO - [MainThread] - Training Loss: 1621.4145, Accuracy: 0.7853
2024-04-12 14:22:28,555 - INFO - [MainThread] - Testing Loss: 456.6451, Accuracy: 0.7603
2024-04-12 14:22:28,561 - INFO - [MainThread] - Testing Classification Report:
              precision    recall  f1-score   support

           A       0.66      0.85      0.74       597
           F       0.71      0.76      0.74       600
           G       0.88      0.63      0.74       655
           K       0.73      0.66      0.70       588
           M       0.89      0.95      0.92       464

    accuracy                           0.76      2904
   macro avg       0.78      0.77      0.77      2904
weighted avg       0.77      0.76      0.76      2904

2024-04-12 14:23:10,842 - INFO - [MainThread] - Epoch 10, Training Loss: 0.8127752542495728
2024-04-12 14:23:52,607 - INFO - [MainThread] - Training Loss: 1384.6016, Accuracy: 0.8145
2024-04-12 14:24:02,678 - INFO - [MainThread] - Testing Loss: 389.5026, Accuracy: 0.7889
2024-04-12 14:24:02,684 - INFO - [MainThread] - Testing Classification Report:
              precision    recall  f1-score   support

           A       0.80      0.74      0.77       597
           F       0.75      0.76      0.76       600
           G       0.77      0.82      0.79       655
           K       0.74      0.72      0.73       588
           M       0.91      0.94      0.92       464

    accuracy                           0.79      2904
   macro avg       0.79      0.79      0.79      2904
weighted avg       0.79      0.79      0.79      2904

