2024-04-17 09:09:01,191 - INFO - [MainThread] - Using device: cuda
2024-04-17 09:09:01,365 - INFO - [MainThread] - Starting fold 1
2024-04-17 09:10:54,790 - INFO - [MainThread] - Epoch 1, Training Loss: 1.2735, Training Accuracy: 52.55%
2024-04-17 09:11:12,644 - INFO - [MainThread] - Testing Loss: 1.2931, Testing Accuracy: 61.16%
2024-04-17 09:11:12,654 - INFO - [MainThread] - Testing Classification Report:
              precision    recall  f1-score   support

           O       0.53      0.73      0.62       602
           B       0.51      0.53      0.52       785
           A       0.65      0.68      0.66       793
           F       0.11      0.03      0.04       800
           G       0.47      0.74      0.57       780
           K       0.83      0.74      0.78       821
           M       0.90      0.86      0.88       798

    accuracy                           0.61      5379
   macro avg       0.57      0.62      0.58      5379
weighted avg       0.57      0.61      0.58      5379

2024-04-17 09:11:12,870 - INFO - [MainThread] - Epoch 1, Current Learning Rate: 0.001
2024-04-17 09:11:12,891 - INFO - [MainThread] - Best model saved at models/star_model_2024-04-17_09-08-59/best_fold_model_epoch_1.pt for this fold
2024-04-17 09:13:06,447 - INFO - [MainThread] - Epoch 2, Training Loss: 1.0343, Training Accuracy: 61.56%
2024-04-17 09:13:25,198 - INFO - [MainThread] - Testing Loss: 1.1308, Testing Accuracy: 66.72%
2024-04-17 09:13:25,209 - INFO - [MainThread] - Testing Classification Report:
              precision    recall  f1-score   support

           O       0.70      0.72      0.71       602
           B       0.55      0.77      0.64       785
           A       0.74      0.68      0.71       793
           F       0.46      0.57      0.50       800
           G       0.65      0.34      0.45       780
           K       0.78      0.75      0.76       821
           M       0.92      0.84      0.88       798

    accuracy                           0.67      5379
   macro avg       0.68      0.67      0.67      5379
weighted avg       0.68      0.67      0.67      5379

2024-04-17 09:13:25,446 - INFO - [MainThread] - Epoch 2, Current Learning Rate: 0.001
2024-04-17 09:13:25,467 - INFO - [MainThread] - Best model saved at models/star_model_2024-04-17_09-08-59/best_fold_model_epoch_2.pt for this fold
2024-04-17 09:15:21,454 - INFO - [MainThread] - Epoch 3, Training Loss: 0.9294, Training Accuracy: 65.60%
2024-04-17 09:15:40,692 - INFO - [MainThread] - Testing Loss: 1.2265, Testing Accuracy: 66.69%
2024-04-17 09:15:40,703 - INFO - [MainThread] - Testing Classification Report:
              precision    recall  f1-score   support

           O       0.70      0.76      0.73       602
           B       0.60      0.71      0.65       785
           A       0.77      0.66      0.71       793
           F       0.53      0.46      0.49       800
           G       0.45      0.63      0.53       780
           K       0.88      0.61      0.72       821
           M       0.92      0.86      0.89       798

    accuracy                           0.67      5379
   macro avg       0.69      0.67      0.67      5379
weighted avg       0.69      0.67      0.67      5379

2024-04-17 09:15:40,844 - INFO - [MainThread] - Epoch 3, Current Learning Rate: 0.001
2024-04-17 09:17:32,592 - INFO - [MainThread] - Epoch 4, Training Loss: 0.8512, Training Accuracy: 68.43%
2024-04-17 09:17:51,020 - INFO - [MainThread] - Testing Loss: 1.0460, Testing Accuracy: 72.32%
2024-04-17 09:17:51,030 - INFO - [MainThread] - Testing Classification Report:
              precision    recall  f1-score   support

           O       0.76      0.75      0.76       602
           B       0.55      0.81      0.66       785
           A       0.92      0.59      0.72       793
           F       0.57      0.70      0.63       800
           G       0.75      0.52      0.62       780
           K       0.81      0.80      0.81       821
           M       0.89      0.89      0.89       798

    accuracy                           0.72      5379
   macro avg       0.75      0.72      0.73      5379
weighted avg       0.75      0.72      0.72      5379

2024-04-17 09:17:51,173 - INFO - [MainThread] - Epoch 4, Current Learning Rate: 0.001
2024-04-17 09:17:51,194 - INFO - [MainThread] - Best model saved at models/star_model_2024-04-17_09-08-59/best_fold_model_epoch_4.pt for this fold
2024-04-17 09:19:43,662 - INFO - [MainThread] - Epoch 5, Training Loss: 0.7890, Training Accuracy: 71.06%
2024-04-17 09:20:03,205 - INFO - [MainThread] - Testing Loss: 1.0222, Testing Accuracy: 69.21%
2024-04-17 09:20:03,216 - INFO - [MainThread] - Testing Classification Report:
              precision    recall  f1-score   support

           O       0.69      0.78      0.73       602
           B       0.69      0.41      0.52       785
           A       0.88      0.60      0.71       793
           F       0.56      0.54      0.55       800
           G       0.53      0.78      0.63       780
           K       0.72      0.87      0.79       821
           M       0.92      0.87      0.89       798

    accuracy                           0.69      5379
   macro avg       0.71      0.69      0.69      5379
weighted avg       0.71      0.69      0.69      5379

2024-04-17 09:20:03,360 - INFO - [MainThread] - Epoch 5, Current Learning Rate: 0.001
2024-04-17 09:20:03,380 - INFO - [MainThread] - Best model saved at models/star_model_2024-04-17_09-08-59/best_fold_model_epoch_5.pt for this fold
2024-04-17 09:22:01,076 - INFO - [MainThread] - Epoch 6, Training Loss: 0.7513, Training Accuracy: 72.53%
2024-04-17 09:22:20,074 - INFO - [MainThread] - Testing Loss: 1.1413, Testing Accuracy: 71.39%
2024-04-17 09:22:20,084 - INFO - [MainThread] - Testing Classification Report:
              precision    recall  f1-score   support

           O       0.72      0.76      0.74       602
           B       0.55      0.78      0.64       785
           A       0.94      0.61      0.74       793
           F       0.62      0.69      0.66       800
           G       0.72      0.41      0.52       780
           K       0.72      0.83      0.77       821
           M       0.87      0.92      0.89       798

    accuracy                           0.71      5379
   macro avg       0.74      0.71      0.71      5379
weighted avg       0.74      0.71      0.71      5379

2024-04-17 09:22:20,224 - INFO - [MainThread] - Epoch 6, Current Learning Rate: 0.001
2024-04-17 09:24:13,105 - INFO - [MainThread] - Epoch 7, Training Loss: 0.7203, Training Accuracy: 74.07%
2024-04-17 09:24:31,270 - INFO - [MainThread] - Testing Loss: 1.1718, Testing Accuracy: 73.82%
2024-04-17 09:24:31,281 - INFO - [MainThread] - Testing Classification Report:
              precision    recall  f1-score   support

           O       0.72      0.80      0.76       602
           B       0.60      0.69      0.64       785
           A       0.95      0.59      0.72       793
           F       0.65      0.69      0.67       800
           G       0.66      0.66      0.66       780
           K       0.77      0.85      0.81       821
           M       0.91      0.92      0.91       798

    accuracy                           0.74      5379
   macro avg       0.75      0.74      0.74      5379
weighted avg       0.75      0.74      0.74      5379

2024-04-17 09:24:31,422 - INFO - [MainThread] - Epoch 7, Current Learning Rate: 0.001
2024-04-17 09:26:27,174 - INFO - [MainThread] - Epoch 8, Training Loss: 0.6985, Training Accuracy: 74.67%
2024-04-17 09:26:46,417 - INFO - [MainThread] - Testing Loss: 1.0045, Testing Accuracy: 75.63%
2024-04-17 09:26:46,428 - INFO - [MainThread] - Testing Classification Report:
              precision    recall  f1-score   support

           O       0.79      0.77      0.78       602
           B       0.62      0.78      0.70       785
           A       0.89      0.71      0.79       793
           F       0.77      0.63      0.69       800
           G       0.68      0.76      0.72       780
           K       0.71      0.83      0.76       821
           M       0.94      0.81      0.87       798

    accuracy                           0.76      5379
   macro avg       0.77      0.76      0.76      5379
weighted avg       0.77      0.76      0.76      5379

2024-04-17 09:26:46,575 - INFO - [MainThread] - Epoch 8, Current Learning Rate: 0.001
2024-04-17 09:26:46,597 - INFO - [MainThread] - Best model saved at models/star_model_2024-04-17_09-08-59/best_fold_model_epoch_8.pt for this fold
2024-04-17 09:28:45,262 - INFO - [MainThread] - Epoch 9, Training Loss: 0.6760, Training Accuracy: 75.43%
2024-04-17 09:29:04,796 - INFO - [MainThread] - Testing Loss: 0.7657, Testing Accuracy: 75.44%
2024-04-17 09:29:04,806 - INFO - [MainThread] - Testing Classification Report:
              precision    recall  f1-score   support

           O       0.75      0.78      0.77       602
           B       0.61      0.70      0.65       785
           A       0.82      0.69      0.75       793
           F       0.69      0.73      0.71       800
           G       0.73      0.65      0.69       780
           K       0.79      0.85      0.82       821
           M       0.92      0.88      0.90       798

    accuracy                           0.75      5379
   macro avg       0.76      0.75      0.76      5379
weighted avg       0.76      0.75      0.76      5379

2024-04-17 09:29:04,958 - INFO - [MainThread] - Epoch 9, Current Learning Rate: 0.001
2024-04-17 09:29:04,978 - INFO - [MainThread] - Best model saved at models/star_model_2024-04-17_09-08-59/best_fold_model_epoch_9.pt for this fold
2024-04-17 09:30:57,677 - INFO - [MainThread] - Epoch 10, Training Loss: 0.6501, Training Accuracy: 76.19%
2024-04-17 09:31:15,819 - INFO - [MainThread] - Testing Loss: 0.7408, Testing Accuracy: 78.03%
2024-04-17 09:31:15,830 - INFO - [MainThread] - Testing Classification Report:
              precision    recall  f1-score   support

           O       0.89      0.76      0.82       602
           B       0.67      0.73      0.70       785
           A       0.87      0.71      0.78       793
           F       0.71      0.73      0.72       800
           G       0.67      0.78      0.72       780
           K       0.80      0.85      0.82       821
           M       0.93      0.90      0.91       798

    accuracy                           0.78      5379
   macro avg       0.79      0.78      0.78      5379
weighted avg       0.79      0.78      0.78      5379

2024-04-17 09:31:15,982 - INFO - [MainThread] - Epoch 10, Current Learning Rate: 0.001
2024-04-17 09:31:16,004 - INFO - [MainThread] - Best model saved at models/star_model_2024-04-17_09-08-59/best_fold_model_epoch_10.pt for this fold
2024-04-17 09:33:13,357 - INFO - [MainThread] - Epoch 11, Training Loss: 0.6298, Training Accuracy: 76.57%
2024-04-17 09:33:32,130 - INFO - [MainThread] - Testing Loss: 0.7451, Testing Accuracy: 77.47%
2024-04-17 09:33:32,141 - INFO - [MainThread] - Testing Classification Report:
              precision    recall  f1-score   support

           O       0.85      0.76      0.80       602
           B       0.64      0.80      0.71       785
           A       0.88      0.72      0.79       793
           F       0.71      0.71      0.71       800
           G       0.71      0.73      0.72       780
           K       0.90      0.74      0.81       821
           M       0.82      0.95      0.88       798

    accuracy                           0.77      5379
   macro avg       0.79      0.77      0.78      5379
weighted avg       0.79      0.77      0.78      5379

2024-04-17 09:33:32,406 - INFO - [MainThread] - Epoch 11, Current Learning Rate: 0.001
2024-04-17 09:35:43,592 - INFO - [MainThread] - Epoch 12, Training Loss: 0.6147, Training Accuracy: 77.10%
2024-04-17 09:36:07,109 - INFO - [MainThread] - Testing Loss: 0.7315, Testing Accuracy: 77.65%
2024-04-17 09:36:07,120 - INFO - [MainThread] - Testing Classification Report:
              precision    recall  f1-score   support

           O       0.75      0.80      0.78       602
           B       0.68      0.70      0.69       785
           A       0.89      0.72      0.80       793
           F       0.77      0.70      0.74       800
           G       0.71      0.75      0.73       780
           K       0.86      0.79      0.82       821
           M       0.79      0.97      0.87       798

    accuracy                           0.78      5379
   macro avg       0.78      0.78      0.78      5379
weighted avg       0.78      0.78      0.78      5379

2024-04-17 09:36:07,273 - INFO - [MainThread] - Epoch 12, Current Learning Rate: 0.001
2024-04-17 09:36:07,294 - INFO - [MainThread] - Best model saved at models/star_model_2024-04-17_09-08-59/best_fold_model_epoch_12.pt for this fold
