2024-04-18 14:09:12,456 - INFO - [MainThread] - Using device: cuda
2024-04-18 14:09:13,061 - INFO - [MainThread] - Starting fold 1
2024-04-18 14:09:13,176 - INFO - [MainThread] - Train class counts for fold 1: {'A': 3249, 'G': 3200, 'F': 3196, 'K': 3191, 'M': 3189, 'B': 3150, 'O': 2341}
2024-04-18 14:09:13,176 - INFO - [MainThread] - Validation class counts for fold 1: {'B': 850, 'M': 811, 'K': 809, 'F': 804, 'G': 800, 'A': 751, 'O': 555}
2024-04-18 14:11:20,120 - INFO - [MainThread] - Epoch 1, Training Loss: 0.8601, Training Accuracy: 67.61%
2024-04-18 14:11:42,476 - INFO - [MainThread] - Testing Loss: 0.9408, Testing Accuracy: 69.18%
2024-04-18 14:11:42,487 - INFO - [MainThread] - Testing Classification Report:
              precision    recall  f1-score   support

           O       0.93      0.46      0.62       555
           B       0.46      0.94      0.61       850
           A       0.87      0.59      0.71       751
           F       0.76      0.43      0.55       804
           G       0.72      0.58      0.64       800
           K       0.86      0.76      0.81       809
           M       0.78      0.98      0.87       811

    accuracy                           0.69      5380
   macro avg       0.77      0.68      0.69      5380
weighted avg       0.76      0.69      0.69      5380

2024-04-18 14:11:42,716 - INFO - [MainThread] - Epoch 1, Current Learning Rate: 0.001
2024-04-18 14:11:42,894 - INFO - [MainThread] - Best model saved at models/star_model_2024-04-18_14-09-10/best_fold_model_epoch_1.pt for this fold
2024-04-18 14:13:48,087 - INFO - [MainThread] - Epoch 2, Training Loss: 0.7063, Training Accuracy: 73.06%
2024-04-18 14:14:10,341 - INFO - [MainThread] - Testing Loss: 0.8354, Testing Accuracy: 73.46%
2024-04-18 14:14:10,351 - INFO - [MainThread] - Testing Classification Report:
              precision    recall  f1-score   support

           O       0.88      0.70      0.78       555
           B       0.52      0.92      0.67       850
           A       0.95      0.53      0.68       751
           F       0.79      0.52      0.63       804
           G       0.77      0.55      0.64       800
           K       0.78      0.88      0.83       809
           M       0.80      0.99      0.89       811

    accuracy                           0.73      5380
   macro avg       0.79      0.73      0.73      5380
weighted avg       0.78      0.73      0.73      5380

2024-04-18 14:14:10,503 - INFO - [MainThread] - Epoch 2, Current Learning Rate: 0.001
2024-04-18 14:14:10,658 - INFO - [MainThread] - Best model saved at models/star_model_2024-04-18_14-09-10/best_fold_model_epoch_2.pt for this fold
2024-04-18 14:16:24,302 - INFO - [MainThread] - Epoch 3, Training Loss: 0.6458, Training Accuracy: 75.73%
2024-04-18 14:16:47,803 - INFO - [MainThread] - Testing Loss: 0.7519, Testing Accuracy: 75.52%
2024-04-18 14:16:47,813 - INFO - [MainThread] - Testing Classification Report:
              precision    recall  f1-score   support

           O       0.97      0.63      0.76       555
           B       0.59      0.90      0.72       850
           A       0.79      0.71      0.75       751
           F       0.82      0.52      0.63       804
           G       0.82      0.63      0.71       800
           K       0.82      0.85      0.84       809
           M       0.73      1.00      0.84       811

    accuracy                           0.76      5380
   macro avg       0.79      0.75      0.75      5380
weighted avg       0.78      0.76      0.75      5380

2024-04-18 14:16:47,957 - INFO - [MainThread] - Epoch 3, Current Learning Rate: 0.001
2024-04-18 14:16:48,118 - INFO - [MainThread] - Best model saved at models/star_model_2024-04-18_14-09-10/best_fold_model_epoch_3.pt for this fold
2024-04-18 14:19:07,028 - INFO - [MainThread] - Epoch 4, Training Loss: 0.6076, Training Accuracy: 77.02%
2024-04-18 14:19:30,605 - INFO - [MainThread] - Testing Loss: 0.7075, Testing Accuracy: 75.69%
2024-04-18 14:19:30,615 - INFO - [MainThread] - Testing Classification Report:
              precision    recall  f1-score   support

           O       0.97      0.66      0.79       555
           B       0.59      0.93      0.72       850
           A       0.87      0.68      0.76       751
           F       0.70      0.67      0.68       804
           G       0.86      0.46      0.60       800
           K       0.83      0.86      0.84       809
           M       0.78      0.99      0.87       811

    accuracy                           0.76      5380
   macro avg       0.80      0.75      0.75      5380
weighted avg       0.79      0.76      0.75      5380

2024-04-18 14:19:30,775 - INFO - [MainThread] - Epoch 4, Current Learning Rate: 0.001
2024-04-18 14:19:30,929 - INFO - [MainThread] - Best model saved at models/star_model_2024-04-18_14-09-10/best_fold_model_epoch_4.pt for this fold
2024-04-18 14:21:49,508 - INFO - [MainThread] - Epoch 5, Training Loss: 0.5724, Training Accuracy: 78.38%
2024-04-18 14:22:14,490 - INFO - [MainThread] - Testing Loss: 0.6947, Testing Accuracy: 78.35%
2024-04-18 14:22:14,500 - INFO - [MainThread] - Testing Classification Report:
              precision    recall  f1-score   support

           O       0.98      0.63      0.77       555
           B       0.60      0.92      0.73       850
           A       0.79      0.73      0.76       751
           F       0.83      0.56      0.67       804
           G       0.78      0.78      0.78       800
           K       0.89      0.83      0.86       809
           M       0.86      0.98      0.91       811

    accuracy                           0.78      5380
   macro avg       0.82      0.77      0.78      5380
weighted avg       0.81      0.78      0.78      5380

2024-04-18 14:22:14,667 - INFO - [MainThread] - Epoch 5, Current Learning Rate: 0.001
2024-04-18 14:22:14,820 - INFO - [MainThread] - Best model saved at models/star_model_2024-04-18_14-09-10/best_fold_model_epoch_5.pt for this fold
2024-04-18 14:24:32,068 - INFO - [MainThread] - Epoch 6, Training Loss: 0.5460, Training Accuracy: 79.17%
2024-04-18 14:24:52,395 - INFO - [MainThread] - Testing Loss: 0.6884, Testing Accuracy: 80.02%
2024-04-18 14:24:52,404 - INFO - [MainThread] - Testing Classification Report:
              precision    recall  f1-score   support

           O       0.94      0.72      0.81       555
           B       0.66      0.88      0.76       850
           A       0.77      0.75      0.76       751
           F       0.81      0.63      0.71       804
           G       0.77      0.76      0.76       800
           K       0.89      0.85      0.87       809
           M       0.87      0.97      0.92       811

    accuracy                           0.80      5380
   macro avg       0.82      0.80      0.80      5380
weighted avg       0.81      0.80      0.80      5380

2024-04-18 14:24:52,560 - INFO - [MainThread] - Epoch 6, Current Learning Rate: 0.001
2024-04-18 14:24:52,711 - INFO - [MainThread] - Best model saved at models/star_model_2024-04-18_14-09-10/best_fold_model_epoch_6.pt for this fold
2024-04-18 14:27:07,800 - INFO - [MainThread] - Epoch 7, Training Loss: 0.5228, Training Accuracy: 80.06%
2024-04-18 14:27:29,847 - INFO - [MainThread] - Testing Loss: 0.6590, Testing Accuracy: 79.74%
2024-04-18 14:27:29,857 - INFO - [MainThread] - Testing Classification Report:
              precision    recall  f1-score   support

           O       0.97      0.70      0.81       555
           B       0.67      0.84      0.75       850
           A       0.89      0.69      0.78       751
           F       0.66      0.76      0.71       804
           G       0.77      0.79      0.78       800
           K       0.91      0.80      0.85       809
           M       0.90      0.95      0.93       811

    accuracy                           0.80      5380
   macro avg       0.82      0.79      0.80      5380
weighted avg       0.81      0.80      0.80      5380

2024-04-18 14:27:30,004 - INFO - [MainThread] - Epoch 7, Current Learning Rate: 0.001
2024-04-18 14:27:30,203 - INFO - [MainThread] - Best model saved at models/star_model_2024-04-18_14-09-10/best_fold_model_epoch_7.pt for this fold
2024-04-18 14:29:49,593 - INFO - [MainThread] - Epoch 8, Training Loss: 0.5049, Training Accuracy: 80.62%
2024-04-18 14:30:12,912 - INFO - [MainThread] - Testing Loss: 0.6875, Testing Accuracy: 79.13%
2024-04-18 14:30:12,922 - INFO - [MainThread] - Testing Classification Report:
              precision    recall  f1-score   support

           O       0.94      0.73      0.82       555
           B       0.60      0.93      0.73       850
           A       0.92      0.65      0.76       751
           F       0.79      0.66      0.72       804
           G       0.82      0.65      0.73       800
           K       0.87      0.89      0.88       809
           M       0.83      0.99      0.91       811

    accuracy                           0.79      5380
   macro avg       0.83      0.79      0.79      5380
weighted avg       0.82      0.79      0.79      5380

2024-04-18 14:30:13,069 - INFO - [MainThread] - Epoch 8, Current Learning Rate: 0.001
2024-04-18 14:32:33,453 - INFO - [MainThread] - Epoch 9, Training Loss: 0.4820, Training Accuracy: 81.59%
2024-04-18 14:32:58,058 - INFO - [MainThread] - Testing Loss: 0.7240, Testing Accuracy: 79.80%
2024-04-18 14:32:58,069 - INFO - [MainThread] - Testing Classification Report:
              precision    recall  f1-score   support

           O       0.93      0.72      0.81       555
           B       0.63      0.90      0.74       850
           A       0.87      0.69      0.77       751
           F       0.86      0.62      0.72       804
           G       0.79      0.75      0.77       800
           K       0.81      0.92      0.86       809
           M       0.88      0.96      0.92       811

    accuracy                           0.80      5380
   macro avg       0.82      0.79      0.80      5380
weighted avg       0.82      0.80      0.80      5380

2024-04-18 14:32:58,226 - INFO - [MainThread] - Epoch 9, Current Learning Rate: 0.001
2024-04-18 14:35:09,998 - INFO - [MainThread] - Epoch 10, Training Loss: 0.4639, Training Accuracy: 82.17%
2024-04-18 14:35:31,175 - INFO - [MainThread] - Testing Loss: 0.6745, Testing Accuracy: 81.54%
2024-04-18 14:35:31,184 - INFO - [MainThread] - Testing Classification Report:
              precision    recall  f1-score   support

           O       0.97      0.68      0.80       555
           B       0.65      0.91      0.76       850
           A       0.84      0.74      0.79       751
           F       0.76      0.73      0.75       804
           G       0.80      0.76      0.78       800
           K       0.88      0.89      0.88       809
           M       0.95      0.95      0.95       811

    accuracy                           0.82      5380
   macro avg       0.84      0.81      0.82      5380
weighted avg       0.83      0.82      0.82      5380

2024-04-18 14:35:31,325 - INFO - [MainThread] - Epoch 10, Current Learning Rate: 0.001
2024-04-18 14:37:38,621 - INFO - [MainThread] - Epoch 11, Training Loss: 0.4439, Training Accuracy: 83.11%
2024-04-18 14:37:58,156 - INFO - [MainThread] - Testing Loss: 0.7825, Testing Accuracy: 79.52%
2024-04-18 14:37:58,166 - INFO - [MainThread] - Testing Classification Report:
              precision    recall  f1-score   support

           O       0.95      0.70      0.80       555
           B       0.59      0.94      0.72       850
           A       0.91      0.65      0.76       751
           F       0.80      0.64      0.71       804
           G       0.81      0.70      0.75       800
           K       0.87      0.89      0.88       809
           M       0.88      0.99      0.93       811

    accuracy                           0.80      5380
   macro avg       0.83      0.79      0.80      5380
weighted avg       0.82      0.80      0.79      5380

2024-04-18 14:37:58,445 - INFO - [MainThread] - Epoch 11, Current Learning Rate: 0.001
2024-04-18 14:40:09,144 - INFO - [MainThread] - Epoch 12, Training Loss: 0.4228, Training Accuracy: 83.69%
2024-04-18 14:40:31,071 - INFO - [MainThread] - Testing Loss: 0.7481, Testing Accuracy: 79.22%
2024-04-18 14:40:31,080 - INFO - [MainThread] - Testing Classification Report:
              precision    recall  f1-score   support

           O       0.98      0.64      0.77       555
           B       0.62      0.93      0.74       850
           A       0.87      0.68      0.76       751
           F       0.78      0.69      0.73       804
           G       0.78      0.76      0.77       800
           K       0.94      0.79      0.86       809
           M       0.83      0.99      0.90       811

    accuracy                           0.79      5380
   macro avg       0.83      0.78      0.79      5380
weighted avg       0.82      0.79      0.79      5380

2024-04-18 14:40:31,217 - INFO - [MainThread] - Epoch 12, Current Learning Rate: 0.001
2024-04-18 14:42:42,470 - INFO - [MainThread] - Epoch 13, Training Loss: 0.4146, Training Accuracy: 84.12%
2024-04-18 14:43:04,421 - INFO - [MainThread] - Testing Loss: 0.6920, Testing Accuracy: 80.45%
2024-04-18 14:43:04,431 - INFO - [MainThread] - Testing Classification Report:
              precision    recall  f1-score   support

           O       0.95      0.65      0.77       555
           B       0.59      0.95      0.73       850
           A       0.88      0.68      0.77       751
           F       0.83      0.68      0.75       804
           G       0.77      0.82      0.79       800
           K       0.95      0.81      0.87       809
           M       0.93      0.97      0.95       811

    accuracy                           0.80      5380
   macro avg       0.84      0.80      0.81      5380
weighted avg       0.84      0.80      0.81      5380

2024-04-18 14:43:04,612 - INFO - [MainThread] - Epoch 13, Current Learning Rate: 0.0001
2024-04-18 14:43:04,614 - INFO - [MainThread] - Early stopping triggered after 13 epochs
2024-04-18 14:43:04,982 - INFO - [MainThread] - Starting fold 2
2024-04-18 14:43:04,988 - INFO - [MainThread] - Train class counts for fold 2: {'G': 3239, 'B': 3219, 'F': 3204, 'A': 3195, 'K': 3182, 'M': 3167, 'O': 2311}
2024-04-18 14:43:04,988 - INFO - [MainThread] - Validation class counts for fold 2: {'M': 833, 'K': 818, 'A': 805, 'F': 796, 'B': 781, 'G': 761, 'O': 585}
2024-04-18 14:45:10,512 - INFO - [MainThread] - Epoch 1, Training Loss: 0.8557, Training Accuracy: 68.07%
2024-04-18 14:45:33,713 - INFO - [MainThread] - Testing Loss: 0.9182, Testing Accuracy: 70.53%
2024-04-18 14:45:33,723 - INFO - [MainThread] - Testing Classification Report:
              precision    recall  f1-score   support

           O       0.91      0.66      0.76       585
           B       0.48      0.92      0.63       781
           A       0.90      0.60      0.72       805
           F       0.63      0.64      0.63       796
           G       0.83      0.37      0.52       761
           K       0.87      0.73      0.79       818
           M       0.75      0.98      0.85       833

    accuracy                           0.71      5379
   macro avg       0.77      0.70      0.70      5379
weighted avg       0.76      0.71      0.70      5379

2024-04-18 14:45:33,879 - INFO - [MainThread] - Epoch 1, Current Learning Rate: 0.001
2024-04-18 14:45:34,253 - INFO - [MainThread] - Best model saved at models/star_model_2024-04-18_14-09-10/best_fold_model_epoch_1.pt for this fold
2024-04-18 14:47:45,528 - INFO - [MainThread] - Epoch 2, Training Loss: 0.7039, Training Accuracy: 73.53%
2024-04-18 14:48:07,001 - INFO - [MainThread] - Testing Loss: 0.7627, Testing Accuracy: 74.46%
2024-04-18 14:48:07,011 - INFO - [MainThread] - Testing Classification Report:
              precision    recall  f1-score   support

           O       0.90      0.72      0.80       585
           B       0.56      0.90      0.69       781
           A       0.85      0.63      0.72       805
           F       0.76      0.54      0.63       796
           G       0.79      0.58      0.67       761
           K       0.80      0.84      0.82       818
           M       0.75      0.98      0.85       833

    accuracy                           0.74      5379
   macro avg       0.77      0.74      0.74      5379
weighted avg       0.77      0.74      0.74      5379

2024-04-18 14:48:07,154 - INFO - [MainThread] - Epoch 2, Current Learning Rate: 0.001
2024-04-18 14:48:07,534 - INFO - [MainThread] - Best model saved at models/star_model_2024-04-18_14-09-10/best_fold_model_epoch_2.pt for this fold
2024-04-18 14:50:15,483 - INFO - [MainThread] - Epoch 3, Training Loss: 0.6470, Training Accuracy: 75.68%
2024-04-18 14:50:37,102 - INFO - [MainThread] - Testing Loss: 0.8209, Testing Accuracy: 73.55%
2024-04-18 14:50:37,112 - INFO - [MainThread] - Testing Classification Report:
              precision    recall  f1-score   support

           O       0.92      0.71      0.80       585
           B       0.60      0.88      0.72       781
           A       0.78      0.65      0.71       805
           F       0.76      0.51      0.61       796
           G       0.80      0.57      0.67       761
           K       0.87      0.81      0.84       818
           M       0.65      0.99      0.79       833

    accuracy                           0.74      5379
   macro avg       0.77      0.73      0.73      5379
weighted avg       0.76      0.74      0.73      5379

2024-04-18 14:50:37,271 - INFO - [MainThread] - Epoch 3, Current Learning Rate: 0.001
2024-04-18 14:52:51,500 - INFO - [MainThread] - Epoch 4, Training Loss: 0.6085, Training Accuracy: 76.90%
2024-04-18 14:53:13,148 - INFO - [MainThread] - Testing Loss: 0.7055, Testing Accuracy: 75.26%
2024-04-18 14:53:13,159 - INFO - [MainThread] - Testing Classification Report:
              precision    recall  f1-score   support

           O       0.86      0.74      0.80       585
           B       0.65      0.83      0.73       781
           A       0.81      0.66      0.73       805
           F       0.72      0.61      0.66       796
           G       0.77      0.57      0.66       761
           K       0.84      0.85      0.85       818
           M       0.71      0.99      0.82       833

    accuracy                           0.75      5379
   macro avg       0.77      0.75      0.75      5379
weighted avg       0.76      0.75      0.75      5379

2024-04-18 14:53:13,317 - INFO - [MainThread] - Epoch 4, Current Learning Rate: 0.001
2024-04-18 14:53:13,683 - INFO - [MainThread] - Best model saved at models/star_model_2024-04-18_14-09-10/best_fold_model_epoch_4.pt for this fold
2024-04-18 14:55:17,883 - INFO - [MainThread] - Epoch 5, Training Loss: 0.5732, Training Accuracy: 78.02%
2024-04-18 14:55:39,486 - INFO - [MainThread] - Testing Loss: 0.6916, Testing Accuracy: 77.10%
2024-04-18 14:55:39,497 - INFO - [MainThread] - Testing Classification Report:
              precision    recall  f1-score   support

           O       0.95      0.71      0.81       585
           B       0.61      0.90      0.73       781
           A       0.91      0.63      0.74       805
           F       0.75      0.70      0.72       796
           G       0.78      0.55      0.65       761
           K       0.78      0.90      0.84       818
           M       0.80      0.98      0.88       833

    accuracy                           0.77      5379
   macro avg       0.80      0.77      0.77      5379
weighted avg       0.79      0.77      0.77      5379

2024-04-18 14:55:39,642 - INFO - [MainThread] - Epoch 5, Current Learning Rate: 0.001
2024-04-18 14:55:40,408 - INFO - [MainThread] - Best model saved at models/star_model_2024-04-18_14-09-10/best_fold_model_epoch_5.pt for this fold
2024-04-18 14:57:53,803 - INFO - [MainThread] - Epoch 6, Training Loss: 0.5466, Training Accuracy: 79.23%
2024-04-18 14:58:16,853 - INFO - [MainThread] - Testing Loss: 0.6803, Testing Accuracy: 77.67%
2024-04-18 14:58:16,863 - INFO - [MainThread] - Testing Classification Report:
              precision    recall  f1-score   support

           O       0.94      0.70      0.80       585
           B       0.60      0.92      0.73       781
           A       0.89      0.65      0.75       805
           F       0.73      0.68      0.70       796
           G       0.78      0.67      0.72       761
           K       0.93      0.81      0.87       818
           M       0.77      0.98      0.86       833

    accuracy                           0.78      5379
   macro avg       0.81      0.77      0.78      5379
weighted avg       0.80      0.78      0.78      5379

2024-04-18 14:58:17,218 - INFO - [MainThread] - Epoch 6, Current Learning Rate: 0.001
2024-04-18 14:58:19,663 - INFO - [MainThread] - Best model saved at models/star_model_2024-04-18_14-09-10/best_fold_model_epoch_6.pt for this fold
2024-04-18 15:00:29,103 - INFO - [MainThread] - Epoch 7, Training Loss: 0.5234, Training Accuracy: 79.96%
2024-04-18 15:00:51,224 - INFO - [MainThread] - Testing Loss: 0.6764, Testing Accuracy: 77.95%
2024-04-18 15:00:51,234 - INFO - [MainThread] - Testing Classification Report:
              precision    recall  f1-score   support

           O       0.97      0.63      0.76       585
           B       0.61      0.91      0.73       781
           A       0.81      0.68      0.74       805
           F       0.78      0.63      0.69       796
           G       0.78      0.75      0.76       761
           K       0.94      0.83      0.88       818
           M       0.77      0.99      0.87       833

    accuracy                           0.78      5379
   macro avg       0.81      0.77      0.78      5379
weighted avg       0.80      0.78      0.78      5379

2024-04-18 15:00:51,378 - INFO - [MainThread] - Epoch 7, Current Learning Rate: 0.001
2024-04-18 15:00:53,525 - INFO - [MainThread] - Best model saved at models/star_model_2024-04-18_14-09-10/best_fold_model_epoch_7.pt for this fold
2024-04-18 15:03:04,800 - INFO - [MainThread] - Epoch 8, Training Loss: 0.5014, Training Accuracy: 80.86%
2024-04-18 15:03:27,217 - INFO - [MainThread] - Testing Loss: 0.6362, Testing Accuracy: 80.67%
2024-04-18 15:03:27,228 - INFO - [MainThread] - Testing Classification Report:
              precision    recall  f1-score   support

           O       0.94      0.72      0.82       585
           B       0.63      0.90      0.74       781
           A       0.84      0.70      0.77       805
           F       0.72      0.73      0.73       796
           G       0.82      0.71      0.76       761
           K       0.88      0.90      0.89       818
           M       0.94      0.95      0.94       833

    accuracy                           0.81      5379
   macro avg       0.82      0.80      0.81      5379
weighted avg       0.82      0.81      0.81      5379

2024-04-18 15:03:27,368 - INFO - [MainThread] - Epoch 8, Current Learning Rate: 0.001
2024-04-18 15:03:27,518 - INFO - [MainThread] - Best model saved at models/star_model_2024-04-18_14-09-10/best_fold_model_epoch_8.pt for this fold
2024-04-18 15:05:37,988 - INFO - [MainThread] - Epoch 9, Training Loss: 0.4813, Training Accuracy: 81.64%
2024-04-18 15:05:59,305 - INFO - [MainThread] - Testing Loss: 0.6493, Testing Accuracy: 79.25%
2024-04-18 15:05:59,315 - INFO - [MainThread] - Testing Classification Report:
              precision    recall  f1-score   support

           O       0.95      0.65      0.77       585
           B       0.59      0.95      0.73       781
           A       0.91      0.67      0.77       805
           F       0.79      0.68      0.73       796
           G       0.78      0.77      0.77       761
           K       0.93      0.80      0.86       818
           M       0.83      0.99      0.90       833

    accuracy                           0.79      5379
   macro avg       0.82      0.79      0.79      5379
weighted avg       0.82      0.79      0.79      5379

2024-04-18 15:05:59,453 - INFO - [MainThread] - Epoch 9, Current Learning Rate: 0.001
2024-04-18 15:08:08,871 - INFO - [MainThread] - Epoch 10, Training Loss: 0.4633, Training Accuracy: 82.08%
2024-04-18 15:08:29,886 - INFO - [MainThread] - Testing Loss: 0.6602, Testing Accuracy: 78.42%
2024-04-18 15:08:29,897 - INFO - [MainThread] - Testing Classification Report:
              precision    recall  f1-score   support

           O       0.96      0.70      0.81       585
           B       0.60      0.93      0.73       781
           A       0.88      0.66      0.75       805
           F       0.75      0.68      0.71       796
           G       0.80      0.69      0.74       761
           K       0.91      0.83      0.87       818
           M       0.80      0.97      0.88       833

    accuracy                           0.78      5379
   macro avg       0.81      0.78      0.78      5379
weighted avg       0.81      0.78      0.78      5379

2024-04-18 15:08:30,048 - INFO - [MainThread] - Epoch 10, Current Learning Rate: 0.001
2024-04-18 15:10:37,561 - INFO - [MainThread] - Epoch 11, Training Loss: 0.4523, Training Accuracy: 82.67%
2024-04-18 15:10:58,421 - INFO - [MainThread] - Testing Loss: 0.7206, Testing Accuracy: 80.37%
2024-04-18 15:10:58,431 - INFO - [MainThread] - Testing Classification Report:
              precision    recall  f1-score   support

           O       0.96      0.71      0.82       585
           B       0.66      0.90      0.76       781
           A       0.92      0.66      0.77       805
           F       0.76      0.73      0.74       796
           G       0.74      0.75      0.75       761
           K       0.93      0.85      0.89       818
           M       0.81      0.98      0.89       833

    accuracy                           0.80      5379
   macro avg       0.83      0.80      0.80      5379
weighted avg       0.82      0.80      0.80      5379

2024-04-18 15:10:58,578 - INFO - [MainThread] - Epoch 11, Current Learning Rate: 0.001
2024-04-18 15:12:54,549 - INFO - [MainThread] - Epoch 12, Training Loss: 0.4245, Training Accuracy: 83.80%
2024-04-18 15:13:12,715 - INFO - [MainThread] - Testing Loss: 0.7345, Testing Accuracy: 78.81%
2024-04-18 15:13:12,725 - INFO - [MainThread] - Testing Classification Report:
              precision    recall  f1-score   support

           O       0.95      0.68      0.79       585
           B       0.65      0.86      0.74       781
           A       0.85      0.72      0.78       805
           F       0.80      0.68      0.74       796
           G       0.79      0.74      0.77       761
           K       0.92      0.81      0.86       818
           M       0.72      0.98      0.83       833

    accuracy                           0.79      5379
   macro avg       0.81      0.78      0.79      5379
weighted avg       0.81      0.79      0.79      5379

2024-04-18 15:13:12,866 - INFO - [MainThread] - Epoch 12, Current Learning Rate: 0.001
