2024-04-18 13:40:04,309 - INFO - [MainThread] - Using device: cuda
2024-04-18 13:40:04,750 - INFO - [MainThread] - Starting fold 1
2024-04-18 13:40:04,856 - INFO - [MainThread] - Train class counts for fold 1: {'B': 2442, 'G': 2408, 'F': 2403, 'M': 2390, 'K': 2388, 'A': 2388, 'O': 2297}
2024-04-18 13:40:04,856 - INFO - [MainThread] - Validation class counts for fold 1: {'K': 612, 'A': 612, 'M': 610, 'O': 599, 'F': 597, 'G': 592, 'B': 558}
2024-04-18 13:41:52,533 - INFO - [MainThread] - Epoch 1, Training Loss: 1.0181, Training Accuracy: 63.94%
2024-04-18 13:42:07,854 - INFO - [MainThread] - Testing Loss: 1.0652, Testing Accuracy: 60.05%
2024-04-18 13:42:07,863 - INFO - [MainThread] - Testing Classification Report:
              precision    recall  f1-score   support

           O       0.91      0.47      0.62       599
           B       0.52      0.46      0.49       558
           A       0.47      0.64      0.54       612
           F       0.42      0.79      0.55       597
           G       0.82      0.22      0.35       592
           K       0.83      0.73      0.78       612
           M       0.73      0.87      0.79       610

    accuracy                           0.60      4180
   macro avg       0.67      0.60      0.59      4180
weighted avg       0.67      0.60      0.59      4180

2024-04-18 13:42:08,078 - INFO - [MainThread] - Epoch 1, Current Learning Rate: 0.001
2024-04-18 13:42:08,278 - INFO - [MainThread] - Best model saved at models/star_model_2024-04-18_13-40-02/best_fold_model_epoch_1.pt for this fold
2024-04-18 13:43:54,407 - INFO - [MainThread] - Epoch 2, Training Loss: 0.8715, Training Accuracy: 68.79%
2024-04-18 13:44:11,442 - INFO - [MainThread] - Testing Loss: 0.8282, Testing Accuracy: 71.34%
2024-04-18 13:44:11,451 - INFO - [MainThread] - Testing Classification Report:
              precision    recall  f1-score   support

           O       0.92      0.68      0.78       599
           B       0.49      0.87      0.63       558
           A       0.81      0.65      0.72       612
           F       0.70      0.50      0.58       597
           G       0.73      0.61      0.66       592
           K       0.84      0.72      0.77       612
           M       0.74      0.97      0.84       610

    accuracy                           0.71      4180
   macro avg       0.75      0.71      0.71      4180
weighted avg       0.75      0.71      0.71      4180

2024-04-18 13:44:11,685 - INFO - [MainThread] - Epoch 2, Current Learning Rate: 0.001
2024-04-18 13:44:11,883 - INFO - [MainThread] - Best model saved at models/star_model_2024-04-18_13-40-02/best_fold_model_epoch_2.pt for this fold
2024-04-18 13:46:01,719 - INFO - [MainThread] - Epoch 3, Training Loss: 0.8195, Training Accuracy: 70.70%
2024-04-18 13:46:18,138 - INFO - [MainThread] - Testing Loss: 0.7762, Testing Accuracy: 74.64%
2024-04-18 13:46:18,146 - INFO - [MainThread] - Testing Classification Report:
              precision    recall  f1-score   support

           O       0.93      0.68      0.79       599
           B       0.49      0.92      0.64       558
           A       0.82      0.67      0.74       612
           F       0.70      0.66      0.68       597
           G       0.79      0.57      0.66       592
           K       0.87      0.78      0.83       612
           M       0.88      0.95      0.91       610

    accuracy                           0.75      4180
   macro avg       0.78      0.75      0.75      4180
weighted avg       0.79      0.75      0.75      4180

2024-04-18 13:46:18,294 - INFO - [MainThread] - Epoch 3, Current Learning Rate: 0.001
2024-04-18 13:46:18,489 - INFO - [MainThread] - Best model saved at models/star_model_2024-04-18_13-40-02/best_fold_model_epoch_3.pt for this fold
2024-04-18 13:48:06,217 - INFO - [MainThread] - Epoch 4, Training Loss: 0.7754, Training Accuracy: 72.43%
2024-04-18 13:48:24,198 - INFO - [MainThread] - Testing Loss: 0.7830, Testing Accuracy: 75.19%
2024-04-18 13:48:24,207 - INFO - [MainThread] - Testing Classification Report:
              precision    recall  f1-score   support

           O       0.96      0.64      0.76       599
           B       0.52      0.89      0.65       558
           A       0.70      0.76      0.73       612
           F       0.82      0.52      0.64       597
           G       0.77      0.68      0.72       592
           K       0.83      0.84      0.84       612
           M       0.90      0.93      0.91       610

    accuracy                           0.75      4180
   macro avg       0.78      0.75      0.75      4180
weighted avg       0.79      0.75      0.75      4180

2024-04-18 13:48:24,365 - INFO - [MainThread] - Epoch 4, Current Learning Rate: 0.001
2024-04-18 13:50:15,017 - INFO - [MainThread] - Epoch 5, Training Loss: 0.7317, Training Accuracy: 73.73%
2024-04-18 13:50:32,029 - INFO - [MainThread] - Testing Loss: 0.7370, Testing Accuracy: 77.75%
2024-04-18 13:50:32,038 - INFO - [MainThread] - Testing Classification Report:
              precision    recall  f1-score   support

           O       0.95      0.72      0.82       599
           B       0.58      0.91      0.71       558
           A       0.80      0.73      0.76       612
           F       0.77      0.59      0.67       597
           G       0.75      0.71      0.73       592
           K       0.87      0.81      0.84       612
           M       0.85      0.98      0.91       610

    accuracy                           0.78      4180
   macro avg       0.80      0.78      0.78      4180
weighted avg       0.80      0.78      0.78      4180

2024-04-18 13:50:32,190 - INFO - [MainThread] - Epoch 5, Current Learning Rate: 0.001
2024-04-18 13:50:32,350 - INFO - [MainThread] - Best model saved at models/star_model_2024-04-18_13-40-02/best_fold_model_epoch_5.pt for this fold
2024-04-18 13:52:22,801 - INFO - [MainThread] - Epoch 6, Training Loss: 0.7177, Training Accuracy: 74.58%
2024-04-18 13:52:39,947 - INFO - [MainThread] - Testing Loss: 0.7963, Testing Accuracy: 74.50%
2024-04-18 13:52:39,956 - INFO - [MainThread] - Testing Classification Report:
              precision    recall  f1-score   support

           O       0.98      0.58      0.73       599
           B       0.47      0.97      0.64       558
           A       0.91      0.66      0.76       612
           F       0.72      0.65      0.68       597
           G       0.80      0.57      0.67       592
           K       0.86      0.82      0.84       612
           M       0.86      0.96      0.91       610

    accuracy                           0.74      4180
   macro avg       0.80      0.75      0.75      4180
weighted avg       0.80      0.74      0.75      4180

2024-04-18 13:52:40,090 - INFO - [MainThread] - Epoch 6, Current Learning Rate: 0.001
2024-04-18 13:54:29,552 - INFO - [MainThread] - Epoch 7, Training Loss: 0.6921, Training Accuracy: 75.28%
2024-04-18 13:54:46,305 - INFO - [MainThread] - Testing Loss: 0.8161, Testing Accuracy: 77.39%
2024-04-18 13:54:46,314 - INFO - [MainThread] - Testing Classification Report:
              precision    recall  f1-score   support

           O       0.96      0.70      0.81       599
           B       0.54      0.94      0.68       558
           A       0.90      0.67      0.77       612
           F       0.74      0.68      0.71       597
           G       0.75      0.69      0.72       592
           K       0.90      0.78      0.84       612
           M       0.85      0.97      0.91       610

    accuracy                           0.77      4180
   macro avg       0.81      0.78      0.78      4180
weighted avg       0.81      0.77      0.78      4180

2024-04-18 13:54:46,445 - INFO - [MainThread] - Epoch 7, Current Learning Rate: 0.001
2024-04-18 13:56:39,793 - INFO - [MainThread] - Epoch 8, Training Loss: 0.6641, Training Accuracy: 76.20%
2024-04-18 13:56:57,361 - INFO - [MainThread] - Testing Loss: 0.8753, Testing Accuracy: 76.63%
2024-04-18 13:56:57,370 - INFO - [MainThread] - Testing Classification Report:
              precision    recall  f1-score   support

           O       0.97      0.66      0.78       599
           B       0.51      0.93      0.66       558
           A       0.84      0.71      0.77       612
           F       0.75      0.59      0.66       597
           G       0.77      0.70      0.74       592
           K       0.91      0.81      0.86       612
           M       0.86      0.97      0.91       610

    accuracy                           0.77      4180
   macro avg       0.80      0.77      0.77      4180
weighted avg       0.81      0.77      0.77      4180

2024-04-18 13:56:57,530 - INFO - [MainThread] - Epoch 8, Current Learning Rate: 0.001
2024-04-18 13:58:47,060 - INFO - [MainThread] - Epoch 9, Training Loss: 0.6527, Training Accuracy: 76.90%
2024-04-18 13:59:03,656 - INFO - [MainThread] - Testing Loss: 0.8952, Testing Accuracy: 72.75%
2024-04-18 13:59:03,664 - INFO - [MainThread] - Testing Classification Report:
              precision    recall  f1-score   support

           O       0.96      0.66      0.78       599
           B       0.41      0.96      0.58       558
           A       0.90      0.65      0.75       612
           F       0.84      0.52      0.64       597
           G       0.77      0.63      0.70       592
           K       0.89      0.75      0.81       612
           M       0.88      0.94      0.91       610

    accuracy                           0.73      4180
   macro avg       0.81      0.73      0.74      4180
weighted avg       0.81      0.73      0.74      4180

2024-04-18 13:59:03,797 - INFO - [MainThread] - Epoch 9, Current Learning Rate: 0.001
2024-04-18 14:00:53,281 - INFO - [MainThread] - Epoch 10, Training Loss: 0.6285, Training Accuracy: 77.40%
2024-04-18 14:01:10,231 - INFO - [MainThread] - Testing Loss: 0.8365, Testing Accuracy: 76.46%
2024-04-18 14:01:10,240 - INFO - [MainThread] - Testing Classification Report:
              precision    recall  f1-score   support

           O       0.96      0.61      0.74       599
           B       0.50      0.96      0.66       558
           A       0.92      0.65      0.76       612
           F       0.77      0.64      0.70       597
           G       0.77      0.70      0.73       592
           K       0.90      0.83      0.86       612
           M       0.85      0.97      0.91       610

    accuracy                           0.76      4180
   macro avg       0.81      0.77      0.77      4180
weighted avg       0.81      0.76      0.77      4180

2024-04-18 14:01:10,389 - INFO - [MainThread] - Epoch 10, Current Learning Rate: 0.001
2024-04-18 14:02:58,157 - INFO - [MainThread] - Epoch 11, Training Loss: 0.6273, Training Accuracy: 77.37%
2024-04-18 14:03:15,098 - INFO - [MainThread] - Testing Loss: 0.8174, Testing Accuracy: 74.64%
2024-04-18 14:03:15,106 - INFO - [MainThread] - Testing Classification Report:
              precision    recall  f1-score   support

           O       0.94      0.51      0.67       599
           B       0.44      0.97      0.61       558
           A       0.91      0.64      0.75       612
           F       0.83      0.59      0.69       597
           G       0.75      0.74      0.75       592
           K       0.92      0.81      0.86       612
           M       0.91      0.96      0.93       610

    accuracy                           0.75      4180
   macro avg       0.81      0.75      0.75      4180
weighted avg       0.82      0.75      0.75      4180

2024-04-18 14:03:15,240 - INFO - [MainThread] - Epoch 11, Current Learning Rate: 0.0001
2024-04-18 14:03:15,242 - INFO - [MainThread] - Early stopping triggered after 11 epochs
2024-04-18 14:03:15,695 - INFO - [MainThread] - Starting fold 2
2024-04-18 14:03:15,699 - INFO - [MainThread] - Train class counts for fold 2: {'M': 2436, 'K': 2427, 'F': 2396, 'G': 2391, 'A': 2365, 'B': 2354, 'O': 2348}
2024-04-18 14:03:15,699 - INFO - [MainThread] - Validation class counts for fold 2: {'B': 646, 'A': 635, 'G': 609, 'F': 604, 'K': 573, 'M': 564, 'O': 548}
