2024-04-12 14:42:50,564 - INFO - [MainThread] - Using device: cuda
2024-04-12 14:43:29,352 - INFO - [MainThread] - Epoch 1, Training Loss: 3.0073015689849854
2024-04-12 14:44:01,516 - INFO - [MainThread] - Training Loss: 27125.1665, Accuracy: 0.7418
2024-04-12 14:44:09,429 - INFO - [MainThread] - Testing Loss: 7247.0290, Accuracy: 0.7276
2024-04-12 14:44:09,436 - INFO - [MainThread] - Testing Classification Report:
              precision    recall  f1-score   support

           A       0.70      0.84      0.76       597
           F       0.75      0.58      0.65       600
           G       0.73      0.72      0.73       655
           K       0.63      0.66      0.65       588
           M       0.88      0.86      0.87       464

    accuracy                           0.73      2904
   macro avg       0.74      0.73      0.73      2904
weighted avg       0.73      0.73      0.73      2904

2024-04-12 14:44:46,210 - INFO - [MainThread] - Epoch 2, Training Loss: 8.58300700201653e-06
2024-04-12 14:45:20,494 - INFO - [MainThread] - Training Loss: 4033.3776, Accuracy: 0.7525
2024-04-12 14:45:28,134 - INFO - [MainThread] - Testing Loss: 1117.9437, Accuracy: 0.7300
2024-04-12 14:45:28,140 - INFO - [MainThread] - Testing Classification Report:
              precision    recall  f1-score   support

           A       0.67      0.76      0.71       597
           F       0.67      0.76      0.71       600
           G       0.85      0.67      0.75       655
           K       0.64      0.64      0.64       588
           M       0.89      0.86      0.88       464

    accuracy                           0.73      2904
   macro avg       0.74      0.74      0.74      2904
weighted avg       0.74      0.73      0.73      2904

2024-04-12 14:46:06,548 - INFO - [MainThread] - Epoch 3, Training Loss: 0.0010112497257068753
2024-04-12 14:46:37,977 - INFO - [MainThread] - Training Loss: 2223.1688, Accuracy: 0.7530
2024-04-12 14:46:45,853 - INFO - [MainThread] - Testing Loss: 603.1614, Accuracy: 0.7369
2024-04-12 14:46:45,859 - INFO - [MainThread] - Testing Classification Report:
              precision    recall  f1-score   support

           A       0.75      0.73      0.74       597
           F       0.80      0.60      0.69       600
           G       0.65      0.83      0.73       655
           K       0.71      0.60      0.65       588
           M       0.82      0.98      0.89       464

    accuracy                           0.74      2904
   macro avg       0.75      0.75      0.74      2904
weighted avg       0.74      0.74      0.73      2904

2024-04-12 14:47:27,474 - INFO - [MainThread] - Epoch 4, Training Loss: 0.41790395975112915
2024-04-12 14:48:04,009 - INFO - [MainThread] - Training Loss: 1696.7690, Accuracy: 0.7737
2024-04-12 14:48:13,047 - INFO - [MainThread] - Testing Loss: 447.1523, Accuracy: 0.7510
2024-04-12 14:48:13,053 - INFO - [MainThread] - Testing Classification Report:
              precision    recall  f1-score   support

           A       0.83      0.63      0.72       597
           F       0.69      0.77      0.73       600
           G       0.87      0.67      0.76       655
           K       0.59      0.84      0.69       588
           M       0.93      0.88      0.90       464

    accuracy                           0.75      2904
   macro avg       0.78      0.76      0.76      2904
weighted avg       0.78      0.75      0.75      2904

2024-04-12 14:48:48,129 - INFO - [MainThread] - Epoch 5, Training Loss: 0.019847046583890915
2024-04-12 14:49:24,473 - INFO - [MainThread] - Training Loss: 1729.9836, Accuracy: 0.7802
2024-04-12 14:49:31,922 - INFO - [MainThread] - Testing Loss: 463.1805, Accuracy: 0.7751
2024-04-12 14:49:31,929 - INFO - [MainThread] - Testing Classification Report:
              precision    recall  f1-score   support

           A       0.70      0.86      0.77       597
           F       0.73      0.71      0.72       600
           G       0.82      0.75      0.78       655
           K       0.75      0.64      0.69       588
           M       0.91      0.95      0.93       464

    accuracy                           0.78      2904
   macro avg       0.78      0.78      0.78      2904
weighted avg       0.78      0.78      0.77      2904

2024-04-12 14:50:08,830 - INFO - [MainThread] - Epoch 6, Training Loss: 0.2247268110513687
2024-04-12 14:50:42,772 - INFO - [MainThread] - Training Loss: 1594.2559, Accuracy: 0.7860
2024-04-12 14:50:50,567 - INFO - [MainThread] - Testing Loss: 440.0128, Accuracy: 0.7631
2024-04-12 14:50:50,574 - INFO - [MainThread] - Testing Classification Report:
              precision    recall  f1-score   support

           A       0.81      0.69      0.74       597
           F       0.61      0.84      0.71       600
           G       0.80      0.76      0.78       655
           K       0.78      0.65      0.71       588
           M       0.91      0.89      0.90       464

    accuracy                           0.76      2904
   macro avg       0.78      0.77      0.77      2904
weighted avg       0.78      0.76      0.76      2904

2024-04-12 14:51:27,497 - INFO - [MainThread] - Epoch 7, Training Loss: 1.319656491279602
2024-04-12 14:52:01,121 - INFO - [MainThread] - Training Loss: 2183.4329, Accuracy: 0.7420
2024-04-12 14:52:08,865 - INFO - [MainThread] - Testing Loss: 608.8736, Accuracy: 0.7118
2024-04-12 14:52:08,872 - INFO - [MainThread] - Testing Classification Report:
              precision    recall  f1-score   support

           A       0.67      0.89      0.76       597
           F       0.65      0.80      0.72       600
           G       0.96      0.38      0.55       655
           K       0.60      0.70      0.65       588
           M       0.93      0.86      0.89       464

    accuracy                           0.71      2904
   macro avg       0.76      0.72      0.71      2904
weighted avg       0.76      0.71      0.70      2904

2024-04-12 14:52:44,163 - INFO - [MainThread] - Epoch 8, Training Loss: 1.0863815546035767
2024-04-12 14:53:20,535 - INFO - [MainThread] - Training Loss: 1828.4964, Accuracy: 0.7643
2024-04-12 14:53:28,276 - INFO - [MainThread] - Testing Loss: 501.6826, Accuracy: 0.7576
2024-04-12 14:53:28,282 - INFO - [MainThread] - Testing Classification Report:
              precision    recall  f1-score   support

           A       0.63      0.95      0.76       597
           F       0.77      0.65      0.71       600
           G       0.84      0.70      0.76       655
           K       0.74      0.67      0.71       588
           M       0.94      0.83      0.89       464

    accuracy                           0.76      2904
   macro avg       0.78      0.76      0.76      2904
weighted avg       0.78      0.76      0.76      2904

2024-04-12 14:54:05,653 - INFO - [MainThread] - Epoch 9, Training Loss: 0.007668757811188698
2024-04-12 14:54:41,750 - INFO - [MainThread] - Training Loss: 1545.3307, Accuracy: 0.7908
2024-04-12 14:54:49,810 - INFO - [MainThread] - Testing Loss: 423.5033, Accuracy: 0.7755
2024-04-12 14:54:49,817 - INFO - [MainThread] - Testing Classification Report:
              precision    recall  f1-score   support

           A       0.86      0.67      0.75       597
           F       0.70      0.81      0.75       600
           G       0.85      0.71      0.77       655
           K       0.65      0.79      0.72       588
           M       0.91      0.92      0.91       464

    accuracy                           0.78      2904
   macro avg       0.79      0.78      0.78      2904
weighted avg       0.79      0.78      0.78      2904

2024-04-12 14:55:25,455 - INFO - [MainThread] - Epoch 10, Training Loss: 0.05727005377411842
2024-04-12 14:56:00,488 - INFO - [MainThread] - Training Loss: 1534.3430, Accuracy: 0.7940
2024-04-12 14:56:07,932 - INFO - [MainThread] - Testing Loss: 437.1943, Accuracy: 0.7638
2024-04-12 14:56:07,938 - INFO - [MainThread] - Testing Classification Report:
              precision    recall  f1-score   support

           A       0.78      0.76      0.77       597
           F       0.67      0.80      0.73       600
           G       0.83      0.65      0.73       655
           K       0.72      0.70      0.71       588
           M       0.85      0.97      0.91       464

    accuracy                           0.76      2904
   macro avg       0.77      0.77      0.77      2904
weighted avg       0.77      0.76      0.76      2904

