2024-04-18 00:36:59,684 - INFO - [MainThread] - Using device: cuda
2024-04-18 00:37:00,276 - INFO - [MainThread] - starClass
G    3500
F    3500
K    3500
B    3500
A    3500
M    3500
O    2896
Name: count, dtype: int64
2024-04-18 00:37:00,284 - INFO - [MainThread] - Starting fold 1
2024-04-18 00:37:00,403 - INFO - [MainThread] - Train class counts for fold 1: {'K': 2826, 'F': 2818, 'M': 2801, 'A': 2788, 'B': 2784, 'G': 2778, 'O': 2321}
2024-04-18 00:37:00,403 - INFO - [MainThread] - Validation class counts for fold 1: {'G': 722, 'B': 716, 'A': 712, 'M': 699, 'F': 682, 'K': 674, 'O': 575}
2024-04-18 00:39:11,471 - INFO - [MainThread] - Epoch 1, Training Loss: 1.0368, Training Accuracy: 62.45%
2024-04-18 00:39:26,819 - INFO - [MainThread] - Testing Loss: 0.7525, Testing Accuracy: 71.97%
2024-04-18 00:39:26,829 - INFO - [MainThread] - Testing Classification Report:
              precision    recall  f1-score   support

           O       0.87      0.71      0.78       575
           B       0.53      0.82      0.64       716
           A       0.71      0.71      0.71       712
           F       0.72      0.43      0.54       682
           G       0.77      0.56      0.65       722
           K       0.80      0.83      0.82       674
           M       0.79      0.98      0.87       699

    accuracy                           0.72      4780
   macro avg       0.74      0.72      0.72      4780
weighted avg       0.74      0.72      0.71      4780

2024-04-18 00:39:27,160 - INFO - [MainThread] - Epoch 1, Current Learning Rate: 0.001
2024-04-18 00:39:27,313 - INFO - [MainThread] - Best model saved at models/star_model_2024-04-18_00-36-59/best_fold_model_epoch_1.pt for this fold
2024-04-18 00:41:47,419 - INFO - [MainThread] - Epoch 2, Training Loss: 0.8776, Training Accuracy: 68.67%
2024-04-18 00:42:01,976 - INFO - [MainThread] - Testing Loss: 0.6801, Testing Accuracy: 73.64%
2024-04-18 00:42:01,985 - INFO - [MainThread] - Testing Classification Report:
              precision    recall  f1-score   support

           O       0.84      0.74      0.79       575
           B       0.60      0.81      0.69       716
           A       0.76      0.69      0.72       712
           F       0.59      0.71      0.65       682
           G       0.75      0.50      0.60       722
           K       0.78      0.82      0.80       674
           M       0.96      0.89      0.92       699

    accuracy                           0.74      4780
   macro avg       0.75      0.74      0.74      4780
weighted avg       0.75      0.74      0.74      4780

2024-04-18 00:42:02,141 - INFO - [MainThread] - Epoch 2, Current Learning Rate: 0.001
2024-04-18 00:42:02,290 - INFO - [MainThread] - Best model saved at models/star_model_2024-04-18_00-36-59/best_fold_model_epoch_2.pt for this fold
2024-04-18 00:44:15,629 - INFO - [MainThread] - Epoch 3, Training Loss: 0.8012, Training Accuracy: 70.99%
2024-04-18 00:44:30,189 - INFO - [MainThread] - Testing Loss: 0.6424, Testing Accuracy: 75.23%
2024-04-18 00:44:30,198 - INFO - [MainThread] - Testing Classification Report:
              precision    recall  f1-score   support

           O       0.83      0.75      0.79       575
           B       0.57      0.87      0.69       716
           A       0.81      0.68      0.74       712
           F       0.81      0.39      0.53       682
           G       0.71      0.75      0.73       722
           K       0.79      0.86      0.82       674
           M       0.90      0.96      0.93       699

    accuracy                           0.75      4780
   macro avg       0.77      0.75      0.75      4780
weighted avg       0.77      0.75      0.75      4780

2024-04-18 00:44:30,338 - INFO - [MainThread] - Epoch 3, Current Learning Rate: 0.001
2024-04-18 00:44:30,491 - INFO - [MainThread] - Best model saved at models/star_model_2024-04-18_00-36-59/best_fold_model_epoch_3.pt for this fold
2024-04-18 00:46:50,157 - INFO - [MainThread] - Epoch 4, Training Loss: 0.7721, Training Accuracy: 71.97%
2024-04-18 00:47:05,085 - INFO - [MainThread] - Testing Loss: 0.6044, Testing Accuracy: 76.36%
2024-04-18 00:47:05,094 - INFO - [MainThread] - Testing Classification Report:
              precision    recall  f1-score   support

           O       0.79      0.76      0.77       575
           B       0.67      0.71      0.69       716
           A       0.72      0.76      0.74       712
           F       0.75      0.56      0.64       682
           G       0.72      0.76      0.74       722
           K       0.89      0.83      0.86       674
           M       0.83      0.97      0.89       699

    accuracy                           0.76      4780
   macro avg       0.77      0.76      0.76      4780
weighted avg       0.76      0.76      0.76      4780

2024-04-18 00:47:05,241 - INFO - [MainThread] - Epoch 4, Current Learning Rate: 0.001
2024-04-18 00:47:05,414 - INFO - [MainThread] - Best model saved at models/star_model_2024-04-18_00-36-59/best_fold_model_epoch_4.pt for this fold
2024-04-18 00:49:24,988 - INFO - [MainThread] - Epoch 5, Training Loss: 0.7307, Training Accuracy: 73.51%
2024-04-18 00:49:39,029 - INFO - [MainThread] - Testing Loss: 0.5939, Testing Accuracy: 78.33%
2024-04-18 00:49:39,038 - INFO - [MainThread] - Testing Classification Report:
              precision    recall  f1-score   support

           O       0.88      0.76      0.82       575
           B       0.57      0.89      0.70       716
           A       0.83      0.67      0.74       712
           F       0.83      0.57      0.68       682
           G       0.76      0.79      0.77       722
           K       0.88      0.81      0.85       674
           M       0.91      0.98      0.94       699

    accuracy                           0.78      4780
   macro avg       0.81      0.78      0.78      4780
weighted avg       0.81      0.78      0.78      4780

2024-04-18 00:49:39,180 - INFO - [MainThread] - Epoch 5, Current Learning Rate: 0.001
2024-04-18 00:49:39,324 - INFO - [MainThread] - Best model saved at models/star_model_2024-04-18_00-36-59/best_fold_model_epoch_5.pt for this fold
2024-04-18 00:51:52,453 - INFO - [MainThread] - Epoch 6, Training Loss: 0.7102, Training Accuracy: 74.07%
2024-04-18 00:52:06,574 - INFO - [MainThread] - Testing Loss: 0.5656, Testing Accuracy: 78.68%
2024-04-18 00:52:06,583 - INFO - [MainThread] - Testing Classification Report:
              precision    recall  f1-score   support

           O       0.87      0.77      0.81       575
           B       0.62      0.87      0.72       716
           A       0.86      0.66      0.75       712
           F       0.78      0.62      0.69       682
           G       0.71      0.81      0.76       722
           K       0.89      0.80      0.84       674
           M       0.91      0.98      0.94       699

    accuracy                           0.79      4780
   macro avg       0.81      0.79      0.79      4780
weighted avg       0.80      0.79      0.79      4780

2024-04-18 00:52:06,722 - INFO - [MainThread] - Epoch 6, Current Learning Rate: 0.001
2024-04-18 00:52:06,865 - INFO - [MainThread] - Best model saved at models/star_model_2024-04-18_00-36-59/best_fold_model_epoch_6.pt for this fold
2024-04-18 00:54:23,543 - INFO - [MainThread] - Epoch 7, Training Loss: 0.6764, Training Accuracy: 75.62%
2024-04-18 00:54:37,999 - INFO - [MainThread] - Testing Loss: 0.5488, Testing Accuracy: 78.08%
2024-04-18 00:54:38,008 - INFO - [MainThread] - Testing Classification Report:
              precision    recall  f1-score   support

           O       0.84      0.80      0.82       575
           B       0.70      0.75      0.73       716
           A       0.74      0.75      0.75       712
           F       0.68      0.74      0.71       682
           G       0.78      0.63      0.70       722
           K       0.89      0.83      0.86       674
           M       0.86      0.97      0.91       699

    accuracy                           0.78      4780
   macro avg       0.78      0.78      0.78      4780
weighted avg       0.78      0.78      0.78      4780

2024-04-18 00:54:38,149 - INFO - [MainThread] - Epoch 7, Current Learning Rate: 0.001
2024-04-18 00:54:38,296 - INFO - [MainThread] - Best model saved at models/star_model_2024-04-18_00-36-59/best_fold_model_epoch_7.pt for this fold
2024-04-18 00:56:57,578 - INFO - [MainThread] - Epoch 8, Training Loss: 0.6707, Training Accuracy: 75.96%
2024-04-18 00:57:12,147 - INFO - [MainThread] - Testing Loss: 0.5573, Testing Accuracy: 78.85%
2024-04-18 00:57:12,157 - INFO - [MainThread] - Testing Classification Report:
              precision    recall  f1-score   support

           O       0.87      0.78      0.82       575
           B       0.68      0.77      0.72       716
           A       0.81      0.72      0.76       712
           F       0.77      0.67      0.72       682
           G       0.69      0.79      0.73       722
           K       0.85      0.84      0.85       674
           M       0.91      0.95      0.93       699

    accuracy                           0.79      4780
   macro avg       0.80      0.79      0.79      4780
weighted avg       0.79      0.79      0.79      4780

2024-04-18 00:57:12,317 - INFO - [MainThread] - Epoch 8, Current Learning Rate: 0.001
2024-04-18 00:59:31,821 - INFO - [MainThread] - Epoch 9, Training Loss: 0.6576, Training Accuracy: 76.37%
2024-04-18 00:59:47,322 - INFO - [MainThread] - Testing Loss: 0.5261, Testing Accuracy: 79.41%
2024-04-18 00:59:47,332 - INFO - [MainThread] - Testing Classification Report:
              precision    recall  f1-score   support

           O       0.88      0.79      0.83       575
           B       0.64      0.85      0.73       716
           A       0.89      0.69      0.77       712
           F       0.72      0.73      0.73       682
           G       0.77      0.72      0.74       722
           K       0.89      0.81      0.85       674
           M       0.87      0.98      0.92       699

    accuracy                           0.79      4780
   macro avg       0.81      0.79      0.80      4780
weighted avg       0.81      0.79      0.79      4780

2024-04-18 00:59:47,477 - INFO - [MainThread] - Epoch 9, Current Learning Rate: 0.001
2024-04-18 00:59:47,666 - INFO - [MainThread] - Best model saved at models/star_model_2024-04-18_00-36-59/best_fold_model_epoch_9.pt for this fold
