2024-04-18 13:16:27,174 - INFO - [MainThread] - Using device: cuda
2024-04-18 13:16:28,032 - INFO - [MainThread] - Starting fold 1
2024-04-18 13:16:28,039 - INFO - [MainThread] - Train class counts for fold 1: {'B': 3603, 'A': 3228, 'M': 3216, 'F': 3210, 'G': 3187, 'K': 3161, 'O': 2311}
2024-04-18 13:16:28,039 - INFO - [MainThread] - Validation class counts for fold 1: {'B': 897, 'K': 839, 'G': 813, 'F': 790, 'M': 784, 'A': 772, 'O': 585}
2024-04-18 13:17:52,482 - INFO - [MainThread] - Epoch 1, Training Loss: 0.8343, Training Accuracy: 68.95%
2024-04-18 13:18:10,696 - INFO - [MainThread] - Testing Loss: 0.8651, Testing Accuracy: 70.35%
2024-04-18 13:18:10,707 - INFO - [MainThread] - Testing Classification Report:
              precision    recall  f1-score   support

           O       0.87      0.75      0.80       585
           B       0.63      0.68      0.65       897
           A       0.69      0.63      0.66       772
           F       0.74      0.34      0.47       790
           G       0.53      0.85      0.65       813
           K       0.89      0.73      0.80       839
           M       0.80      0.95      0.87       784

    accuracy                           0.70      5480
   macro avg       0.73      0.70      0.70      5480
weighted avg       0.73      0.70      0.70      5480

2024-04-18 13:18:10,935 - INFO - [MainThread] - Epoch 1, Current Learning Rate: 0.005
2024-04-18 13:18:10,975 - INFO - [MainThread] - Best model saved at models/star_model_2024-04-18_13-16-25/best_fold_model_epoch_1.pt for this fold
2024-04-18 13:19:33,725 - INFO - [MainThread] - Epoch 2, Training Loss: 0.6901, Training Accuracy: 74.14%
2024-04-18 13:19:52,840 - INFO - [MainThread] - Testing Loss: 0.8435, Testing Accuracy: 70.55%
2024-04-18 13:19:52,850 - INFO - [MainThread] - Testing Classification Report:
              precision    recall  f1-score   support

           O       0.84      0.77      0.80       585
           B       0.53      0.84      0.65       897
           A       0.72      0.52      0.60       772
           F       0.90      0.22      0.36       790
           G       0.63      0.80      0.71       813
           K       0.85      0.82      0.83       839
           M       0.81      0.95      0.88       784

    accuracy                           0.71      5480
   macro avg       0.75      0.70      0.69      5480
weighted avg       0.75      0.71      0.69      5480

2024-04-18 13:19:53,082 - INFO - [MainThread] - Epoch 2, Current Learning Rate: 0.005
2024-04-18 13:19:53,124 - INFO - [MainThread] - Best model saved at models/star_model_2024-04-18_13-16-25/best_fold_model_epoch_2.pt for this fold
