2024-04-18 00:07:36,203 - INFO - [MainThread] - Using device: cuda
2024-04-18 00:07:36,824 - INFO - [MainThread] - starClass
G    3500
F    3500
K    3500
B    3500
A    3500
M    3500
O    2896
Name: count, dtype: int64
2024-04-18 00:07:36,831 - INFO - [MainThread] - Starting fold 1
2024-04-18 00:07:36,836 - INFO - [MainThread] - Train class counts for fold 1: {'K': 2826, 'F': 2818, 'M': 2801, 'A': 2788, 'B': 2784, 'G': 2778, 'O': 2321}
2024-04-18 00:07:36,836 - INFO - [MainThread] - Validation class counts for fold 1: {'G': 722, 'B': 716, 'A': 712, 'M': 699, 'F': 682, 'K': 674, 'O': 575}
2024-04-18 00:09:50,605 - INFO - [MainThread] - Epoch 1, Training Loss: 1.0171, Training Accuracy: 63.14%
2024-04-18 00:10:07,424 - INFO - [MainThread] - Testing Loss: 0.7390, Testing Accuracy: 72.38%
2024-04-18 00:10:07,434 - INFO - [MainThread] - Testing Classification Report:
              precision    recall  f1-score   support

           O       0.70      0.77      0.73       575
           B       0.54      0.79      0.64       716
           A       0.84      0.67      0.75       712
           F       0.77      0.36      0.49       682
           G       0.67      0.65      0.66       722
           K       0.77      0.87      0.81       674
           M       0.91      0.96      0.93       699

    accuracy                           0.72      4780
   macro avg       0.74      0.72      0.72      4780
weighted avg       0.74      0.72      0.72      4780

2024-04-18 00:10:07,747 - INFO - [MainThread] - Epoch 1, Current Learning Rate: 0.001
2024-04-18 00:10:07,921 - INFO - [MainThread] - Best model saved at models/star_model_2024-04-18_00-07-34/best_fold_model_epoch_1.pt for this fold
2024-04-18 00:12:24,596 - INFO - [MainThread] - Epoch 2, Training Loss: 0.8844, Training Accuracy: 68.42%
2024-04-18 00:12:39,904 - INFO - [MainThread] - Testing Loss: 0.6460, Testing Accuracy: 75.94%
2024-04-18 00:12:39,913 - INFO - [MainThread] - Testing Classification Report:
              precision    recall  f1-score   support

           O       0.78      0.78      0.78       575
           B       0.59      0.80      0.68       716
           A       0.83      0.69      0.75       712
           F       0.67      0.66      0.67       682
           G       0.76      0.63      0.69       722
           K       0.84      0.80      0.82       674
           M       0.91      0.97      0.94       699

    accuracy                           0.76      4780
   macro avg       0.77      0.76      0.76      4780
weighted avg       0.77      0.76      0.76      4780

2024-04-18 00:12:40,060 - INFO - [MainThread] - Epoch 2, Current Learning Rate: 0.001
2024-04-18 00:12:40,228 - INFO - [MainThread] - Best model saved at models/star_model_2024-04-18_00-07-34/best_fold_model_epoch_2.pt for this fold
2024-04-18 00:15:07,251 - INFO - [MainThread] - Epoch 3, Training Loss: 0.8102, Training Accuracy: 70.83%
2024-04-18 00:15:22,481 - INFO - [MainThread] - Testing Loss: 0.6622, Testing Accuracy: 75.08%
2024-04-18 00:15:22,490 - INFO - [MainThread] - Testing Classification Report:
              precision    recall  f1-score   support

           O       0.93      0.71      0.80       575
           B       0.59      0.89      0.71       716
           A       0.83      0.69      0.75       712
           F       0.76      0.46      0.57       682
           G       0.65      0.80      0.71       722
           K       0.86      0.77      0.81       674
           M       0.86      0.93      0.89       699

    accuracy                           0.75      4780
   macro avg       0.78      0.75      0.75      4780
weighted avg       0.77      0.75      0.75      4780

2024-04-18 00:15:22,641 - INFO - [MainThread] - Epoch 3, Current Learning Rate: 0.001
2024-04-18 00:17:48,837 - INFO - [MainThread] - Epoch 4, Training Loss: 0.7810, Training Accuracy: 72.13%
2024-04-18 00:18:03,710 - INFO - [MainThread] - Testing Loss: 0.6353, Testing Accuracy: 77.30%
2024-04-18 00:18:03,719 - INFO - [MainThread] - Testing Classification Report:
              precision    recall  f1-score   support

           O       0.87      0.75      0.81       575
           B       0.63      0.82      0.71       716
           A       0.87      0.69      0.77       712
           F       0.74      0.64      0.69       682
           G       0.67      0.81      0.73       722
           K       0.91      0.73      0.81       674
           M       0.86      0.97      0.91       699

    accuracy                           0.77      4780
   macro avg       0.79      0.77      0.77      4780
weighted avg       0.79      0.77      0.77      4780

2024-04-18 00:18:03,862 - INFO - [MainThread] - Epoch 4, Current Learning Rate: 0.001
2024-04-18 00:18:04,029 - INFO - [MainThread] - Best model saved at models/star_model_2024-04-18_00-07-34/best_fold_model_epoch_4.pt for this fold
2024-04-18 00:20:24,456 - INFO - [MainThread] - Epoch 5, Training Loss: 0.7478, Training Accuracy: 73.55%
2024-04-18 00:20:39,358 - INFO - [MainThread] - Testing Loss: 0.5784, Testing Accuracy: 78.45%
2024-04-18 00:20:39,367 - INFO - [MainThread] - Testing Classification Report:
              precision    recall  f1-score   support

           O       0.87      0.76      0.81       575
           B       0.59      0.87      0.70       716
           A       0.86      0.67      0.76       712
           F       0.77      0.64      0.70       682
           G       0.73      0.75      0.74       722
           K       0.90      0.81      0.85       674
           M       0.93      0.98      0.95       699

    accuracy                           0.78      4780
   macro avg       0.81      0.78      0.79      4780
weighted avg       0.80      0.78      0.79      4780

2024-04-18 00:20:39,528 - INFO - [MainThread] - Epoch 5, Current Learning Rate: 0.001
2024-04-18 00:20:39,700 - INFO - [MainThread] - Best model saved at models/star_model_2024-04-18_00-07-34/best_fold_model_epoch_5.pt for this fold
2024-04-18 00:23:04,940 - INFO - [MainThread] - Epoch 6, Training Loss: 0.7241, Training Accuracy: 74.23%
2024-04-18 00:23:19,826 - INFO - [MainThread] - Testing Loss: 0.5687, Testing Accuracy: 77.64%
2024-04-18 00:23:19,835 - INFO - [MainThread] - Testing Classification Report:
              precision    recall  f1-score   support

           O       0.82      0.82      0.82       575
           B       0.65      0.81      0.72       716
           A       0.78      0.67      0.72       712
           F       0.66      0.72      0.69       682
           G       0.74      0.67      0.70       722
           K       0.90      0.79      0.84       674
           M       0.94      0.97      0.95       699

    accuracy                           0.78      4780
   macro avg       0.79      0.78      0.78      4780
weighted avg       0.78      0.78      0.78      4780

2024-04-18 00:23:19,978 - INFO - [MainThread] - Epoch 6, Current Learning Rate: 0.001
2024-04-18 00:23:20,125 - INFO - [MainThread] - Best model saved at models/star_model_2024-04-18_00-07-34/best_fold_model_epoch_6.pt for this fold
2024-04-18 00:25:43,562 - INFO - [MainThread] - Epoch 7, Training Loss: 0.6988, Training Accuracy: 75.09%
2024-04-18 00:25:58,088 - INFO - [MainThread] - Testing Loss: 0.5471, Testing Accuracy: 79.85%
2024-04-18 00:25:58,097 - INFO - [MainThread] - Testing Classification Report:
              precision    recall  f1-score   support

           O       0.84      0.79      0.81       575
           B       0.63      0.87      0.73       716
           A       0.87      0.68      0.76       712
           F       0.78      0.67      0.72       682
           G       0.76      0.78      0.77       722
           K       0.90      0.81      0.86       674
           M       0.90      0.98      0.94       699

    accuracy                           0.80      4780
   macro avg       0.81      0.80      0.80      4780
weighted avg       0.81      0.80      0.80      4780

2024-04-18 00:25:58,237 - INFO - [MainThread] - Epoch 7, Current Learning Rate: 0.001
2024-04-18 00:25:58,385 - INFO - [MainThread] - Best model saved at models/star_model_2024-04-18_00-07-34/best_fold_model_epoch_7.pt for this fold
2024-04-18 00:28:17,726 - INFO - [MainThread] - Epoch 8, Training Loss: 0.6856, Training Accuracy: 75.46%
2024-04-18 00:28:33,039 - INFO - [MainThread] - Testing Loss: 0.6060, Testing Accuracy: 77.68%
2024-04-18 00:28:33,048 - INFO - [MainThread] - Testing Classification Report:
              precision    recall  f1-score   support

           O       0.89      0.78      0.83       575
           B       0.72      0.72      0.72       716
           A       0.83      0.73      0.78       712
           F       0.82      0.55      0.66       682
           G       0.60      0.89      0.72       722
           K       0.94      0.76      0.84       674
           M       0.82      0.99      0.90       699

    accuracy                           0.78      4780
   macro avg       0.80      0.78      0.78      4780
weighted avg       0.80      0.78      0.78      4780

2024-04-18 00:28:33,191 - INFO - [MainThread] - Epoch 8, Current Learning Rate: 0.001
2024-04-18 00:30:56,412 - INFO - [MainThread] - Epoch 9, Training Loss: 0.6627, Training Accuracy: 76.27%
2024-04-18 00:31:11,205 - INFO - [MainThread] - Testing Loss: 0.5431, Testing Accuracy: 80.04%
2024-04-18 00:31:11,215 - INFO - [MainThread] - Testing Classification Report:
              precision    recall  f1-score   support

           O       0.90      0.78      0.84       575
           B       0.64      0.87      0.74       716
           A       0.91      0.65      0.76       712
           F       0.77      0.70      0.73       682
           G       0.75      0.80      0.77       722
           K       0.83      0.88      0.85       674
           M       0.94      0.92      0.93       699

    accuracy                           0.80      4780
   macro avg       0.82      0.80      0.80      4780
weighted avg       0.82      0.80      0.80      4780

2024-04-18 00:31:11,357 - INFO - [MainThread] - Epoch 9, Current Learning Rate: 0.001
2024-04-18 00:31:11,497 - INFO - [MainThread] - Best model saved at models/star_model_2024-04-18_00-07-34/best_fold_model_epoch_9.pt for this fold
2024-04-18 00:33:36,501 - INFO - [MainThread] - Epoch 10, Training Loss: 0.6559, Training Accuracy: 76.84%
2024-04-18 00:33:51,743 - INFO - [MainThread] - Testing Loss: 0.5262, Testing Accuracy: 79.96%
2024-04-18 00:33:51,752 - INFO - [MainThread] - Testing Classification Report:
              precision    recall  f1-score   support

           O       0.85      0.78      0.81       575
           B       0.64      0.82      0.71       716
           A       0.78      0.72      0.75       712
           F       0.75      0.73      0.74       682
           G       0.79      0.74      0.77       722
           K       0.91      0.84      0.88       674
           M       0.94      0.97      0.96       699

    accuracy                           0.80      4780
   macro avg       0.81      0.80      0.80      4780
weighted avg       0.81      0.80      0.80      4780

2024-04-18 00:33:51,897 - INFO - [MainThread] - Epoch 10, Current Learning Rate: 0.001
2024-04-18 00:33:52,040 - INFO - [MainThread] - Best model saved at models/star_model_2024-04-18_00-07-34/best_fold_model_epoch_10.pt for this fold
2024-04-18 00:36:12,333 - INFO - [MainThread] - Epoch 11, Training Loss: 0.6313, Training Accuracy: 77.47%
2024-04-18 00:36:27,135 - INFO - [MainThread] - Testing Loss: 0.5659, Testing Accuracy: 79.12%
2024-04-18 00:36:27,144 - INFO - [MainThread] - Testing Classification Report:
              precision    recall  f1-score   support

           O       0.90      0.76      0.83       575
           B       0.58      0.92      0.72       716
           A       0.89      0.66      0.76       712
           F       0.75      0.71      0.73       682
           G       0.77      0.74      0.75       722
           K       0.94      0.76      0.84       674
           M       0.91      0.97      0.94       699

    accuracy                           0.79      4780
   macro avg       0.82      0.79      0.80      4780
weighted avg       0.82      0.79      0.79      4780

2024-04-18 00:36:27,426 - INFO - [MainThread] - Epoch 11, Current Learning Rate: 0.001
