2024-04-16 12:38:00,773 - INFO - [MainThread] - Using device: cuda
2024-04-16 12:38:00,944 - INFO - [MainThread] - Starting fold 1
2024-04-16 12:38:00,950 - INFO - [MainThread] - Train class counts for fold 1: {'G': 3220, 'B': 3215, 'A': 3206, 'M': 3202, 'F': 3200, 'K': 3179, 'O': 2294}
2024-04-16 12:38:00,950 - INFO - [MainThread] - Validation class counts for fold 1: {'K': 821, 'F': 800, 'M': 798, 'A': 793, 'B': 785, 'G': 780, 'O': 602}
2024-04-16 12:39:50,471 - INFO - [MainThread] - Epoch 1, Training Loss: 1.3212, Training Accuracy: 52.31%
2024-04-16 12:40:08,684 - INFO - [MainThread] - Testing Loss: 1.0540, Testing Accuracy: 60.77%
2024-04-16 12:40:08,695 - INFO - [MainThread] - Testing Classification Report:
              precision    recall  f1-score   support

           O       0.49      0.80      0.61       602
           B       0.47      0.60      0.53       785
           A       0.60      0.59      0.59       793
           F       0.42      0.41      0.41       800
           G       0.74      0.20      0.32       780
           K       0.79      0.80      0.80       821
           M       0.89      0.89      0.89       798

    accuracy                           0.61      5379
   macro avg       0.63      0.61      0.59      5379
weighted avg       0.63      0.61      0.59      5379

2024-04-16 12:40:08,915 - INFO - [MainThread] - Epoch 1, Current Learning Rate: 0.01
2024-04-16 12:40:08,936 - INFO - [MainThread] - Best model saved at models/star_model_2024-04-16_12-37-59/best_fold_model_epoch_1.pt for this fold
2024-04-16 12:41:59,977 - INFO - [MainThread] - Epoch 2, Training Loss: 1.0490, Training Accuracy: 61.09%
2024-04-16 12:42:18,682 - INFO - [MainThread] - Testing Loss: 0.9154, Testing Accuracy: 67.43%
2024-04-16 12:42:18,692 - INFO - [MainThread] - Testing Classification Report:
              precision    recall  f1-score   support

           O       0.83      0.70      0.76       602
           B       0.56      0.71      0.62       785
           A       0.87      0.58      0.69       793
           F       0.48      0.55      0.51       800
           G       0.50      0.51      0.51       780
           K       0.82      0.74      0.78       821
           M       0.83      0.94      0.88       798

    accuracy                           0.67      5379
   macro avg       0.70      0.67      0.68      5379
weighted avg       0.69      0.67      0.68      5379

2024-04-16 12:42:18,934 - INFO - [MainThread] - Epoch 2, Current Learning Rate: 0.01
2024-04-16 12:42:18,955 - INFO - [MainThread] - Best model saved at models/star_model_2024-04-16_12-37-59/best_fold_model_epoch_2.pt for this fold
2024-04-16 12:44:11,548 - INFO - [MainThread] - Epoch 3, Training Loss: 0.9549, Training Accuracy: 64.73%
2024-04-16 12:44:30,638 - INFO - [MainThread] - Testing Loss: 0.8466, Testing Accuracy: 68.62%
2024-04-16 12:44:30,648 - INFO - [MainThread] - Testing Classification Report:
              precision    recall  f1-score   support

           O       0.82      0.73      0.77       602
           B       0.55      0.78      0.65       785
           A       0.84      0.64      0.72       793
           F       0.48      0.61      0.54       800
           G       0.73      0.26      0.38       780
           K       0.72      0.85      0.78       821
           M       0.84      0.93      0.89       798

    accuracy                           0.69      5379
   macro avg       0.71      0.69      0.68      5379
weighted avg       0.71      0.69      0.67      5379

2024-04-16 12:44:30,807 - INFO - [MainThread] - Epoch 3, Current Learning Rate: 0.01
2024-04-16 12:44:30,828 - INFO - [MainThread] - Best model saved at models/star_model_2024-04-16_12-37-59/best_fold_model_epoch_3.pt for this fold
2024-04-16 12:46:16,588 - INFO - [MainThread] - Epoch 4, Training Loss: 0.8942, Training Accuracy: 67.22%
2024-04-16 12:46:34,219 - INFO - [MainThread] - Testing Loss: 0.8347, Testing Accuracy: 69.88%
2024-04-16 12:46:34,229 - INFO - [MainThread] - Testing Classification Report:
              precision    recall  f1-score   support

           O       0.83      0.74      0.78       602
           B       0.55      0.79      0.65       785
           A       0.81      0.68      0.74       793
           F       0.82      0.22      0.34       800
           G       0.53      0.78      0.63       780
           K       0.81      0.75      0.78       821
           M       0.81      0.94      0.87       798

    accuracy                           0.70      5379
   macro avg       0.74      0.70      0.69      5379
weighted avg       0.74      0.70      0.68      5379

2024-04-16 12:46:34,369 - INFO - [MainThread] - Epoch 4, Current Learning Rate: 0.01
2024-04-16 12:46:34,389 - INFO - [MainThread] - Best model saved at models/star_model_2024-04-16_12-37-59/best_fold_model_epoch_4.pt for this fold
2024-04-16 12:48:25,137 - INFO - [MainThread] - Epoch 5, Training Loss: 0.8430, Training Accuracy: 69.04%
2024-04-16 12:48:43,767 - INFO - [MainThread] - Testing Loss: 0.8207, Testing Accuracy: 69.21%
2024-04-16 12:48:43,777 - INFO - [MainThread] - Testing Classification Report:
              precision    recall  f1-score   support

           O       0.70      0.78      0.74       602
           B       0.61      0.55      0.58       785
           A       0.90      0.55      0.69       793
           F       0.46      0.78      0.58       800
           G       0.70      0.47      0.56       780
           K       0.82      0.80      0.81       821
           M       0.89      0.92      0.91       798

    accuracy                           0.69      5379
   macro avg       0.73      0.69      0.69      5379
weighted avg       0.73      0.69      0.69      5379

2024-04-16 12:48:43,918 - INFO - [MainThread] - Epoch 5, Current Learning Rate: 0.01
2024-04-16 12:48:43,939 - INFO - [MainThread] - Best model saved at models/star_model_2024-04-16_12-37-59/best_fold_model_epoch_5.pt for this fold
2024-04-16 12:50:34,604 - INFO - [MainThread] - Epoch 6, Training Loss: 0.8008, Training Accuracy: 70.32%
2024-04-16 12:50:52,658 - INFO - [MainThread] - Testing Loss: 0.8171, Testing Accuracy: 73.19%
2024-04-16 12:50:52,668 - INFO - [MainThread] - Testing Classification Report:
              precision    recall  f1-score   support

           O       0.94      0.62      0.74       602
           B       0.55      0.80      0.65       785
           A       0.84      0.70      0.77       793
           F       0.65      0.64      0.64       800
           G       0.68      0.63      0.66       780
           K       0.79      0.76      0.77       821
           M       0.84      0.95      0.89       798

    accuracy                           0.73      5379
   macro avg       0.76      0.73      0.73      5379
weighted avg       0.75      0.73      0.73      5379

2024-04-16 12:50:52,809 - INFO - [MainThread] - Epoch 6, Current Learning Rate: 0.01
2024-04-16 12:50:52,829 - INFO - [MainThread] - Best model saved at models/star_model_2024-04-16_12-37-59/best_fold_model_epoch_6.pt for this fold
2024-04-16 12:52:39,987 - INFO - [MainThread] - Epoch 7, Training Loss: 0.7611, Training Accuracy: 71.77%
2024-04-16 12:52:57,874 - INFO - [MainThread] - Testing Loss: 0.7306, Testing Accuracy: 73.62%
2024-04-16 12:52:57,885 - INFO - [MainThread] - Testing Classification Report:
              precision    recall  f1-score   support

           O       0.84      0.76      0.80       602
           B       0.60      0.76      0.67       785
           A       0.84      0.71      0.77       793
           F       0.60      0.70      0.65       800
           G       0.79      0.40      0.53       780
           K       0.74      0.89      0.81       821
           M       0.86      0.93      0.89       798

    accuracy                           0.74      5379
   macro avg       0.75      0.74      0.73      5379
weighted avg       0.75      0.74      0.73      5379

2024-04-16 12:52:58,026 - INFO - [MainThread] - Epoch 7, Current Learning Rate: 0.01
2024-04-16 12:52:58,047 - INFO - [MainThread] - Best model saved at models/star_model_2024-04-16_12-37-59/best_fold_model_epoch_7.pt for this fold
2024-04-16 12:54:50,062 - INFO - [MainThread] - Epoch 8, Training Loss: 0.7338, Training Accuracy: 72.84%
2024-04-16 12:55:08,697 - INFO - [MainThread] - Testing Loss: 0.7171, Testing Accuracy: 73.45%
2024-04-16 12:55:08,707 - INFO - [MainThread] - Testing Classification Report:
              precision    recall  f1-score   support

           O       0.75      0.77      0.76       602
           B       0.54      0.85      0.66       785
           A       0.93      0.67      0.78       793
           F       0.63      0.73      0.68       800
           G       0.83      0.35      0.49       780
           K       0.80      0.84      0.82       821
           M       0.89      0.92      0.91       798

    accuracy                           0.73      5379
   macro avg       0.77      0.73      0.73      5379
weighted avg       0.77      0.73      0.73      5379

2024-04-16 12:55:08,852 - INFO - [MainThread] - Epoch 8, Current Learning Rate: 0.01
2024-04-16 12:55:08,872 - INFO - [MainThread] - Best model saved at models/star_model_2024-04-16_12-37-59/best_fold_model_epoch_8.pt for this fold
2024-04-16 12:57:01,812 - INFO - [MainThread] - Epoch 9, Training Loss: 0.7023, Training Accuracy: 74.05%
2024-04-16 12:57:20,393 - INFO - [MainThread] - Testing Loss: 0.6654, Testing Accuracy: 76.87%
2024-04-16 12:57:20,403 - INFO - [MainThread] - Testing Classification Report:
              precision    recall  f1-score   support

           O       0.74      0.79      0.76       602
           B       0.61      0.83      0.70       785
           A       0.94      0.64      0.76       793
           F       0.70      0.74      0.72       800
           G       0.72      0.71      0.72       780
           K       0.86      0.77      0.82       821
           M       0.91      0.90      0.91       798

    accuracy                           0.77      5379
   macro avg       0.79      0.77      0.77      5379
weighted avg       0.79      0.77      0.77      5379

2024-04-16 12:57:20,542 - INFO - [MainThread] - Epoch 9, Current Learning Rate: 0.01
2024-04-16 12:57:20,563 - INFO - [MainThread] - Best model saved at models/star_model_2024-04-16_12-37-59/best_fold_model_epoch_9.pt for this fold
2024-04-16 12:59:06,996 - INFO - [MainThread] - Epoch 10, Training Loss: 0.6777, Training Accuracy: 74.93%
2024-04-16 12:59:24,923 - INFO - [MainThread] - Testing Loss: 0.8805, Testing Accuracy: 71.43%
2024-04-16 12:59:24,933 - INFO - [MainThread] - Testing Classification Report:
              precision    recall  f1-score   support

           O       0.90      0.71      0.79       602
           B       0.65      0.72      0.69       785
           A       0.93      0.62      0.75       793
           F       0.68      0.48      0.57       800
           G       0.53      0.82      0.64       780
           K       0.67      0.89      0.77       821
           M       0.94      0.75      0.83       798

    accuracy                           0.71      5379
   macro avg       0.76      0.71      0.72      5379
weighted avg       0.75      0.71      0.72      5379

2024-04-16 12:59:25,076 - INFO - [MainThread] - Epoch 10, Current Learning Rate: 0.01
2024-04-16 13:01:15,529 - INFO - [MainThread] - Epoch 11, Training Loss: 0.6589, Training Accuracy: 75.45%
2024-04-16 13:01:34,142 - INFO - [MainThread] - Testing Loss: 0.7026, Testing Accuracy: 75.98%
2024-04-16 13:01:34,152 - INFO - [MainThread] - Testing Classification Report:
              precision    recall  f1-score   support

           O       0.78      0.75      0.77       602
           B       0.61      0.78      0.69       785
           A       0.92      0.65      0.76       793
           F       0.76      0.59      0.66       800
           G       0.62      0.80      0.70       780
           K       0.84      0.83      0.84       821
           M       0.89      0.92      0.91       798

    accuracy                           0.76      5379
   macro avg       0.78      0.76      0.76      5379
weighted avg       0.78      0.76      0.76      5379

2024-04-16 13:01:34,425 - INFO - [MainThread] - Epoch 11, Current Learning Rate: 0.01
2024-04-16 13:03:41,482 - INFO - [MainThread] - Epoch 12, Training Loss: 0.6408, Training Accuracy: 76.03%
2024-04-16 13:04:04,300 - INFO - [MainThread] - Testing Loss: 0.6452, Testing Accuracy: 75.65%
2024-04-16 13:04:04,310 - INFO - [MainThread] - Testing Classification Report:
              precision    recall  f1-score   support

           O       0.82      0.74      0.78       602
           B       0.62      0.80      0.70       785
           A       0.90      0.71      0.79       793
           F       0.63      0.79      0.70       800
           G       0.76      0.50      0.60       780
           K       0.78      0.85      0.81       821
           M       0.91      0.89      0.90       798

    accuracy                           0.76      5379
   macro avg       0.77      0.75      0.76      5379
weighted avg       0.77      0.76      0.76      5379

2024-04-16 13:04:04,448 - INFO - [MainThread] - Epoch 12, Current Learning Rate: 0.01
2024-04-16 13:04:04,469 - INFO - [MainThread] - Best model saved at models/star_model_2024-04-16_12-37-59/best_fold_model_epoch_12.pt for this fold
2024-04-16 13:06:10,862 - INFO - [MainThread] - Epoch 13, Training Loss: 0.6212, Training Accuracy: 77.04%
2024-04-16 13:06:33,941 - INFO - [MainThread] - Testing Loss: 0.6440, Testing Accuracy: 77.23%
2024-04-16 13:06:33,951 - INFO - [MainThread] - Testing Classification Report:
              precision    recall  f1-score   support

           O       0.93      0.62      0.74       602
           B       0.54      0.91      0.68       785
           A       0.89      0.70      0.78       793
           F       0.77      0.70      0.73       800
           G       0.76      0.71      0.73       780
           K       0.85      0.84      0.85       821
           M       0.93      0.89      0.91       798

    accuracy                           0.77      5379
   macro avg       0.81      0.77      0.77      5379
weighted avg       0.80      0.77      0.78      5379

2024-04-16 13:06:34,089 - INFO - [MainThread] - Epoch 13, Current Learning Rate: 0.01
2024-04-16 13:06:34,110 - INFO - [MainThread] - Best model saved at models/star_model_2024-04-16_12-37-59/best_fold_model_epoch_13.pt for this fold
2024-04-16 13:08:39,126 - INFO - [MainThread] - Epoch 14, Training Loss: 0.6129, Training Accuracy: 77.27%
2024-04-16 13:09:01,673 - INFO - [MainThread] - Testing Loss: 0.6133, Testing Accuracy: 77.93%
2024-04-16 13:09:01,683 - INFO - [MainThread] - Testing Classification Report:
              precision    recall  f1-score   support

           O       0.91      0.73      0.81       602
           B       0.59      0.91      0.71       785
           A       0.90      0.72      0.80       793
           F       0.70      0.77      0.73       800
           G       0.85      0.50      0.63       780
           K       0.83      0.87      0.85       821
           M       0.87      0.94      0.91       798

    accuracy                           0.78      5379
   macro avg       0.81      0.78      0.78      5379
weighted avg       0.80      0.78      0.78      5379

2024-04-16 13:09:01,821 - INFO - [MainThread] - Epoch 14, Current Learning Rate: 0.01
2024-04-16 13:09:01,842 - INFO - [MainThread] - Best model saved at models/star_model_2024-04-16_12-37-59/best_fold_model_epoch_14.pt for this fold
2024-04-16 13:11:06,175 - INFO - [MainThread] - Epoch 15, Training Loss: 0.5946, Training Accuracy: 77.93%
2024-04-16 13:11:29,131 - INFO - [MainThread] - Testing Loss: 0.6312, Testing Accuracy: 77.82%
2024-04-16 13:11:29,141 - INFO - [MainThread] - Testing Classification Report:
              precision    recall  f1-score   support

           O       0.81      0.77      0.79       602
           B       0.65      0.80      0.72       785
           A       0.92      0.68      0.78       793
           F       0.80      0.68      0.73       800
           G       0.62      0.83      0.71       780
           K       0.85      0.81      0.83       821
           M       0.94      0.88      0.90       798

    accuracy                           0.78      5379
   macro avg       0.80      0.78      0.78      5379
weighted avg       0.80      0.78      0.78      5379

2024-04-16 13:11:29,278 - INFO - [MainThread] - Epoch 15, Current Learning Rate: 0.01
2024-04-16 13:13:29,752 - INFO - [MainThread] - Epoch 16, Training Loss: 0.5824, Training Accuracy: 78.52%
2024-04-16 13:13:52,095 - INFO - [MainThread] - Testing Loss: 0.6063, Testing Accuracy: 78.32%
2024-04-16 13:13:52,105 - INFO - [MainThread] - Testing Classification Report:
              precision    recall  f1-score   support

           O       0.65      0.83      0.73       602
           B       0.66      0.73      0.69       785
           A       0.91      0.71      0.80       793
           F       0.75      0.76      0.76       800
           G       0.77      0.69      0.73       780
           K       0.89      0.81      0.84       821
           M       0.87      0.96      0.91       798

    accuracy                           0.78      5379
   macro avg       0.79      0.78      0.78      5379
weighted avg       0.79      0.78      0.78      5379

2024-04-16 13:13:52,244 - INFO - [MainThread] - Epoch 16, Current Learning Rate: 0.01
2024-04-16 13:13:52,265 - INFO - [MainThread] - Best model saved at models/star_model_2024-04-16_12-37-59/best_fold_model_epoch_16.pt for this fold
2024-04-16 13:15:36,639 - INFO - [MainThread] - Epoch 17, Training Loss: 0.5651, Training Accuracy: 78.92%
2024-04-16 13:15:54,626 - INFO - [MainThread] - Testing Loss: 0.6434, Testing Accuracy: 78.03%
2024-04-16 13:15:54,636 - INFO - [MainThread] - Testing Classification Report:
              precision    recall  f1-score   support

           O       0.91      0.65      0.75       602
           B       0.59      0.86      0.70       785
           A       0.92      0.73      0.81       793
           F       0.80      0.70      0.75       800
           G       0.72      0.70      0.71       780
           K       0.81      0.87      0.84       821
           M       0.88      0.92      0.90       798

    accuracy                           0.78      5379
   macro avg       0.80      0.78      0.78      5379
weighted avg       0.80      0.78      0.78      5379

2024-04-16 13:15:54,776 - INFO - [MainThread] - Epoch 17, Current Learning Rate: 0.01
2024-04-16 13:17:39,009 - INFO - [MainThread] - Epoch 18, Training Loss: 0.5562, Training Accuracy: 78.97%
2024-04-16 13:17:56,924 - INFO - [MainThread] - Testing Loss: 0.5804, Testing Accuracy: 79.25%
2024-04-16 13:17:56,934 - INFO - [MainThread] - Testing Classification Report:
              precision    recall  f1-score   support

           O       0.93      0.73      0.82       602
           B       0.61      0.87      0.72       785
           A       0.95      0.66      0.78       793
           F       0.75      0.77      0.76       800
           G       0.74      0.70      0.72       780
           K       0.84      0.87      0.85       821
           M       0.89      0.93      0.91       798

    accuracy                           0.79      5379
   macro avg       0.82      0.79      0.79      5379
weighted avg       0.81      0.79      0.79      5379

2024-04-16 13:17:57,078 - INFO - [MainThread] - Epoch 18, Current Learning Rate: 0.01
2024-04-16 13:17:57,099 - INFO - [MainThread] - Best model saved at models/star_model_2024-04-16_12-37-59/best_fold_model_epoch_18.pt for this fold
2024-04-16 13:19:44,051 - INFO - [MainThread] - Epoch 19, Training Loss: 0.5427, Training Accuracy: 79.63%
2024-04-16 13:20:02,338 - INFO - [MainThread] - Testing Loss: 0.5959, Testing Accuracy: 78.40%
2024-04-16 13:20:02,349 - INFO - [MainThread] - Testing Classification Report:
              precision    recall  f1-score   support

           O       0.86      0.77      0.81       602
           B       0.57      0.87      0.69       785
           A       0.95      0.60      0.73       793
           F       0.79      0.73      0.76       800
           G       0.70      0.80      0.74       780
           K       0.88      0.81      0.85       821
           M       0.95      0.91      0.93       798

    accuracy                           0.78      5379
   macro avg       0.81      0.78      0.79      5379
weighted avg       0.81      0.78      0.79      5379

2024-04-16 13:20:02,494 - INFO - [MainThread] - Epoch 19, Current Learning Rate: 0.01
2024-04-16 13:21:52,731 - INFO - [MainThread] - Epoch 20, Training Loss: 0.5330, Training Accuracy: 79.80%
2024-04-16 13:22:10,743 - INFO - [MainThread] - Testing Loss: 0.5491, Testing Accuracy: 80.00%
2024-04-16 13:22:10,753 - INFO - [MainThread] - Testing Classification Report:
              precision    recall  f1-score   support

           O       0.85      0.80      0.82       602
           B       0.63      0.86      0.73       785
           A       0.92      0.71      0.80       793
           F       0.81      0.75      0.78       800
           G       0.84      0.65      0.73       780
           K       0.86      0.85      0.85       821
           M       0.80      0.98      0.88       798

    accuracy                           0.80      5379
   macro avg       0.82      0.80      0.80      5379
weighted avg       0.82      0.80      0.80      5379

2024-04-16 13:22:10,895 - INFO - [MainThread] - Epoch 20, Current Learning Rate: 0.01
2024-04-16 13:22:10,916 - INFO - [MainThread] - Best model saved at models/star_model_2024-04-16_12-37-59/best_fold_model_epoch_20.pt for this fold
2024-04-16 13:23:57,369 - INFO - [MainThread] - Epoch 21, Training Loss: 0.5234, Training Accuracy: 80.05%
2024-04-16 13:24:14,757 - INFO - [MainThread] - Testing Loss: 0.5491, Testing Accuracy: 80.28%
2024-04-16 13:24:14,767 - INFO - [MainThread] - Testing Classification Report:
              precision    recall  f1-score   support

           O       0.86      0.77      0.81       602
           B       0.67      0.78      0.72       785
           A       0.87      0.74      0.80       793
           F       0.82      0.72      0.77       800
           G       0.68      0.78      0.73       780
           K       0.86      0.88      0.87       821
           M       0.92      0.94      0.93       798

    accuracy                           0.80      5379
   macro avg       0.81      0.80      0.80      5379
weighted avg       0.81      0.80      0.80      5379

2024-04-16 13:24:15,034 - INFO - [MainThread] - Epoch 21, Current Learning Rate: 0.01
2024-04-16 13:24:15,054 - INFO - [MainThread] - Best model saved at models/star_model_2024-04-16_12-37-59/best_fold_model_epoch_21.pt for this fold
2024-04-16 13:26:20,918 - INFO - [MainThread] - Epoch 22, Training Loss: 0.5092, Training Accuracy: 80.61%
2024-04-16 13:26:43,792 - INFO - [MainThread] - Testing Loss: 0.5639, Testing Accuracy: 79.38%
2024-04-16 13:26:43,802 - INFO - [MainThread] - Testing Classification Report:
              precision    recall  f1-score   support

           O       0.77      0.80      0.79       602
           B       0.66      0.83      0.74       785
           A       0.94      0.69      0.80       793
           F       0.74      0.73      0.73       800
           G       0.70      0.81      0.75       780
           K       0.89      0.78      0.83       821
           M       0.94      0.92      0.93       798

    accuracy                           0.79      5379
   macro avg       0.81      0.79      0.80      5379
weighted avg       0.81      0.79      0.80      5379

2024-04-16 13:26:43,945 - INFO - [MainThread] - Epoch 22, Current Learning Rate: 0.01
2024-04-16 13:28:49,333 - INFO - [MainThread] - Epoch 23, Training Loss: 0.4975, Training Accuracy: 81.22%
2024-04-16 13:29:12,170 - INFO - [MainThread] - Testing Loss: 0.5866, Testing Accuracy: 78.75%
2024-04-16 13:29:12,180 - INFO - [MainThread] - Testing Classification Report:
              precision    recall  f1-score   support

           O       0.85      0.78      0.81       602
           B       0.65      0.75      0.70       785
           A       0.82      0.78      0.80       793
           F       0.69      0.77      0.73       800
           G       0.73      0.63      0.67       780
           K       0.87      0.88      0.87       821
           M       0.95      0.92      0.94       798

    accuracy                           0.79      5379
   macro avg       0.79      0.79      0.79      5379
weighted avg       0.79      0.79      0.79      5379

2024-04-16 13:29:12,320 - INFO - [MainThread] - Epoch 23, Current Learning Rate: 0.01
2024-04-16 13:31:19,433 - INFO - [MainThread] - Epoch 24, Training Loss: 0.4894, Training Accuracy: 81.39%
2024-04-16 13:31:42,520 - INFO - [MainThread] - Testing Loss: 0.5222, Testing Accuracy: 81.11%
2024-04-16 13:31:42,530 - INFO - [MainThread] - Testing Classification Report:
              precision    recall  f1-score   support

           O       0.71      0.82      0.76       602
           B       0.63      0.84      0.72       785
           A       0.96      0.68      0.79       793
           F       0.85      0.73      0.79       800
           G       0.78      0.77      0.77       780
           K       0.88      0.89      0.89       821
           M       0.96      0.94      0.95       798

    accuracy                           0.81      5379
   macro avg       0.82      0.81      0.81      5379
weighted avg       0.83      0.81      0.81      5379

2024-04-16 13:31:42,690 - INFO - [MainThread] - Epoch 24, Current Learning Rate: 0.01
2024-04-16 13:31:42,713 - INFO - [MainThread] - Best model saved at models/star_model_2024-04-16_12-37-59/best_fold_model_epoch_24.pt for this fold
2024-04-16 13:33:43,227 - INFO - [MainThread] - Epoch 25, Training Loss: 0.4816, Training Accuracy: 81.48%
2024-04-16 13:34:05,066 - INFO - [MainThread] - Testing Loss: 0.5378, Testing Accuracy: 80.22%
2024-04-16 13:34:05,076 - INFO - [MainThread] - Testing Classification Report:
              precision    recall  f1-score   support

           O       0.88      0.76      0.82       602
           B       0.61      0.89      0.72       785
           A       0.91      0.73      0.81       793
           F       0.77      0.77      0.77       800
           G       0.78      0.61      0.69       780
           K       0.83      0.92      0.87       821
           M       0.98      0.92      0.95       798

    accuracy                           0.80      5379
   macro avg       0.82      0.80      0.80      5379
weighted avg       0.82      0.80      0.80      5379

2024-04-16 13:34:05,214 - INFO - [MainThread] - Epoch 25, Current Learning Rate: 0.01
2024-04-16 13:35:52,072 - INFO - [MainThread] - Epoch 26, Training Loss: 0.4732, Training Accuracy: 81.94%
2024-04-16 13:36:09,745 - INFO - [MainThread] - Testing Loss: 0.5458, Testing Accuracy: 80.81%
2024-04-16 13:36:09,755 - INFO - [MainThread] - Testing Classification Report:
              precision    recall  f1-score   support

           O       0.81      0.76      0.79       602
           B       0.67      0.84      0.74       785
           A       0.87      0.77      0.81       793
           F       0.85      0.68      0.75       800
           G       0.68      0.87      0.76       780
           K       0.89      0.84      0.86       821
           M       0.99      0.89      0.94       798

    accuracy                           0.81      5379
   macro avg       0.82      0.81      0.81      5379
weighted avg       0.82      0.81      0.81      5379

2024-04-16 13:36:09,917 - INFO - [MainThread] - Epoch 26, Current Learning Rate: 0.01
2024-04-16 13:37:59,188 - INFO - [MainThread] - Epoch 27, Training Loss: 0.4661, Training Accuracy: 82.10%
2024-04-16 13:38:17,860 - INFO - [MainThread] - Testing Loss: 0.6027, Testing Accuracy: 79.40%
2024-04-16 13:38:17,871 - INFO - [MainThread] - Testing Classification Report:
              precision    recall  f1-score   support

           O       0.77      0.77      0.77       602
           B       0.64      0.84      0.72       785
           A       0.94      0.67      0.79       793
           F       0.73      0.81      0.77       800
           G       0.81      0.65      0.72       780
           K       0.80      0.93      0.86       821
           M       0.99      0.87      0.93       798

    accuracy                           0.79      5379
   macro avg       0.81      0.79      0.79      5379
weighted avg       0.81      0.79      0.80      5379

2024-04-16 13:38:18,013 - INFO - [MainThread] - Epoch 27, Current Learning Rate: 0.01
2024-04-16 13:40:03,206 - INFO - [MainThread] - Epoch 28, Training Loss: 0.4583, Training Accuracy: 82.26%
2024-04-16 13:40:21,065 - INFO - [MainThread] - Testing Loss: 0.4941, Testing Accuracy: 82.12%
2024-04-16 13:40:21,075 - INFO - [MainThread] - Testing Classification Report:
              precision    recall  f1-score   support

           O       0.84      0.79      0.82       602
           B       0.65      0.87      0.75       785
           A       0.91      0.72      0.80       793
           F       0.79      0.77      0.78       800
           G       0.76      0.77      0.77       780
           K       0.91      0.87      0.89       821
           M       0.96      0.94      0.95       798

    accuracy                           0.82      5379
   macro avg       0.83      0.82      0.82      5379
weighted avg       0.83      0.82      0.82      5379

2024-04-16 13:40:21,214 - INFO - [MainThread] - Epoch 28, Current Learning Rate: 0.01
2024-04-16 13:40:21,235 - INFO - [MainThread] - Best model saved at models/star_model_2024-04-16_12-37-59/best_fold_model_epoch_28.pt for this fold
2024-04-16 13:42:08,796 - INFO - [MainThread] - Epoch 29, Training Loss: 0.4515, Training Accuracy: 82.45%
2024-04-16 13:42:26,471 - INFO - [MainThread] - Testing Loss: 0.5227, Testing Accuracy: 81.24%
2024-04-16 13:42:26,482 - INFO - [MainThread] - Testing Classification Report:
              precision    recall  f1-score   support

           O       0.83      0.79      0.81       602
           B       0.63      0.86      0.73       785
           A       0.89      0.74      0.81       793
           F       0.80      0.71      0.76       800
           G       0.75      0.79      0.77       780
           K       0.90      0.85      0.88       821
           M       0.97      0.93      0.95       798

    accuracy                           0.81      5379
   macro avg       0.83      0.81      0.81      5379
weighted avg       0.83      0.81      0.81      5379

2024-04-16 13:42:26,625 - INFO - [MainThread] - Epoch 29, Current Learning Rate: 0.01
2024-04-16 13:44:16,640 - INFO - [MainThread] - Epoch 30, Training Loss: 0.4461, Training Accuracy: 82.64%
2024-04-16 13:44:34,630 - INFO - [MainThread] - Testing Loss: 0.5071, Testing Accuracy: 81.24%
2024-04-16 13:44:34,641 - INFO - [MainThread] - Testing Classification Report:
              precision    recall  f1-score   support

           O       0.82      0.77      0.80       602
           B       0.68      0.84      0.75       785
           A       0.87      0.77      0.82       793
           F       0.75      0.79      0.77       800
           G       0.75      0.77      0.76       780
           K       0.90      0.85      0.87       821
           M       0.99      0.88      0.93       798

    accuracy                           0.81      5379
   macro avg       0.82      0.81      0.81      5379
weighted avg       0.82      0.81      0.82      5379

2024-04-16 13:44:34,785 - INFO - [MainThread] - Epoch 30, Current Learning Rate: 0.01
2024-04-16 13:46:38,898 - INFO - [MainThread] - Epoch 31, Training Loss: 0.4390, Training Accuracy: 83.16%
2024-04-16 13:47:01,065 - INFO - [MainThread] - Testing Loss: 0.5490, Testing Accuracy: 79.38%
2024-04-16 13:47:01,075 - INFO - [MainThread] - Testing Classification Report:
              precision    recall  f1-score   support

           O       0.72      0.81      0.76       602
           B       0.65      0.85      0.73       785
           A       0.90      0.74      0.81       793
           F       0.70      0.82      0.75       800
           G       0.83      0.55      0.66       780
           K       0.88      0.86      0.87       821
           M       0.97      0.92      0.95       798

    accuracy                           0.79      5379
   macro avg       0.81      0.79      0.79      5379
weighted avg       0.81      0.79      0.79      5379

2024-04-16 13:47:01,216 - INFO - [MainThread] - Epoch 31, Current Learning Rate: 0.01
2024-04-16 13:49:05,386 - INFO - [MainThread] - Epoch 32, Training Loss: 0.4332, Training Accuracy: 83.42%
2024-04-16 13:49:27,518 - INFO - [MainThread] - Testing Loss: 0.5179, Testing Accuracy: 81.09%
2024-04-16 13:49:27,528 - INFO - [MainThread] - Testing Classification Report:
              precision    recall  f1-score   support

           O       0.88      0.75      0.81       602
           B       0.63      0.89      0.74       785
           A       0.97      0.66      0.78       793
           F       0.80      0.74      0.77       800
           G       0.71      0.85      0.77       780
           K       0.88      0.84      0.86       821
           M       0.98      0.92      0.95       798

    accuracy                           0.81      5379
   macro avg       0.84      0.81      0.81      5379
weighted avg       0.84      0.81      0.81      5379

2024-04-16 13:49:27,674 - INFO - [MainThread] - Epoch 32, Current Learning Rate: 0.01
2024-04-16 13:51:32,192 - INFO - [MainThread] - Epoch 33, Training Loss: 0.4279, Training Accuracy: 83.40%
2024-04-16 13:51:54,661 - INFO - [MainThread] - Testing Loss: 0.5815, Testing Accuracy: 78.97%
2024-04-16 13:51:54,672 - INFO - [MainThread] - Testing Classification Report:
              precision    recall  f1-score   support

           O       0.87      0.78      0.82       602
           B       0.70      0.69      0.70       785
           A       0.82      0.72      0.76       793
           F       0.65      0.83      0.73       800
           G       0.70      0.76      0.73       780
           K       0.89      0.84      0.86       821
           M       0.99      0.90      0.94       798

    accuracy                           0.79      5379
   macro avg       0.80      0.79      0.79      5379
weighted avg       0.80      0.79      0.79      5379

2024-04-16 13:51:54,828 - INFO - [MainThread] - Epoch 33, Current Learning Rate: 0.01
2024-04-16 13:53:57,890 - INFO - [MainThread] - Epoch 34, Training Loss: 0.4145, Training Accuracy: 83.82%
2024-04-16 13:54:20,021 - INFO - [MainThread] - Testing Loss: 0.4715, Testing Accuracy: 81.93%
2024-04-16 13:54:20,031 - INFO - [MainThread] - Testing Classification Report:
              precision    recall  f1-score   support

           O       0.84      0.81      0.83       602
           B       0.71      0.78      0.75       785
           A       0.85      0.77      0.81       793
           F       0.78      0.76      0.77       800
           G       0.76      0.75      0.76       780
           K       0.84      0.89      0.87       821
           M       0.96      0.96      0.96       798

    accuracy                           0.82      5379
   macro avg       0.82      0.82      0.82      5379
weighted avg       0.82      0.82      0.82      5379

2024-04-16 13:54:20,168 - INFO - [MainThread] - Epoch 34, Current Learning Rate: 0.01
2024-04-16 13:54:20,189 - INFO - [MainThread] - Best model saved at models/star_model_2024-04-16_12-37-59/best_fold_model_epoch_34.pt for this fold
2024-04-16 13:56:09,654 - INFO - [MainThread] - Epoch 35, Training Loss: 0.4106, Training Accuracy: 84.04%
2024-04-16 13:56:28,625 - INFO - [MainThread] - Testing Loss: 0.5229, Testing Accuracy: 80.91%
2024-04-16 13:56:28,635 - INFO - [MainThread] - Testing Classification Report:
              precision    recall  f1-score   support

           O       0.80      0.81      0.80       602
           B       0.65      0.85      0.73       785
           A       0.90      0.71      0.79       793
           F       0.78      0.75      0.77       800
           G       0.79      0.73      0.76       780
           K       0.89      0.85      0.87       821
           M       0.91      0.96      0.94       798

    accuracy                           0.81      5379
   macro avg       0.82      0.81      0.81      5379
weighted avg       0.82      0.81      0.81      5379

2024-04-16 13:56:28,791 - INFO - [MainThread] - Epoch 35, Current Learning Rate: 0.01
2024-04-16 13:58:18,351 - INFO - [MainThread] - Epoch 36, Training Loss: 0.4036, Training Accuracy: 84.43%
2024-04-16 13:58:36,791 - INFO - [MainThread] - Testing Loss: 0.5002, Testing Accuracy: 81.45%
2024-04-16 13:58:36,801 - INFO - [MainThread] - Testing Classification Report:
              precision    recall  f1-score   support

           O       0.86      0.77      0.81       602
           B       0.73      0.69      0.71       785
           A       0.77      0.81      0.79       793
           F       0.75      0.77      0.76       800
           G       0.76      0.77      0.77       780
           K       0.87      0.92      0.89       821
           M       0.97      0.95      0.96       798

    accuracy                           0.81      5379
   macro avg       0.82      0.81      0.81      5379
weighted avg       0.81      0.81      0.81      5379

2024-04-16 13:58:36,950 - INFO - [MainThread] - Epoch 36, Current Learning Rate: 0.01
2024-04-16 14:00:28,942 - INFO - [MainThread] - Epoch 37, Training Loss: 0.3992, Training Accuracy: 84.43%
2024-04-16 14:00:47,916 - INFO - [MainThread] - Testing Loss: 0.5095, Testing Accuracy: 81.07%
2024-04-16 14:00:47,926 - INFO - [MainThread] - Testing Classification Report:
              precision    recall  f1-score   support

           O       0.72      0.84      0.78       602
           B       0.70      0.75      0.72       785
           A       0.82      0.79      0.80       793
           F       0.77      0.76      0.77       800
           G       0.85      0.67      0.75       780
           K       0.85      0.91      0.88       821
           M       0.97      0.95      0.96       798

    accuracy                           0.81      5379
   macro avg       0.81      0.81      0.81      5379
weighted avg       0.82      0.81      0.81      5379

2024-04-16 14:00:48,069 - INFO - [MainThread] - Epoch 37, Current Learning Rate: 0.01
2024-04-16 14:02:32,411 - INFO - [MainThread] - Epoch 38, Training Loss: 0.3968, Training Accuracy: 84.51%
2024-04-16 14:02:49,582 - INFO - [MainThread] - Testing Loss: 0.5604, Testing Accuracy: 80.96%
2024-04-16 14:02:49,592 - INFO - [MainThread] - Testing Classification Report:
              precision    recall  f1-score   support

           O       0.86      0.76      0.81       602
           B       0.67      0.84      0.74       785
           A       0.88      0.75      0.81       793
           F       0.86      0.66      0.75       800
           G       0.70      0.80      0.75       780
           K       0.81      0.93      0.87       821
           M       0.99      0.91      0.95       798

    accuracy                           0.81      5379
   macro avg       0.82      0.81      0.81      5379
weighted avg       0.82      0.81      0.81      5379

2024-04-16 14:02:49,737 - INFO - [MainThread] - Epoch 38, Current Learning Rate: 0.01
2024-04-16 14:04:36,739 - INFO - [MainThread] - Epoch 39, Training Loss: 0.3841, Training Accuracy: 85.26%
2024-04-16 14:04:53,727 - INFO - [MainThread] - Testing Loss: 0.5203, Testing Accuracy: 81.60%
2024-04-16 14:04:53,737 - INFO - [MainThread] - Testing Classification Report:
              precision    recall  f1-score   support

           O       0.75      0.84      0.79       602
           B       0.66      0.84      0.74       785
           A       0.93      0.70      0.80       793
           F       0.83      0.70      0.76       800
           G       0.74      0.82      0.78       780
           K       0.89      0.90      0.89       821
           M       0.99      0.91      0.95       798

    accuracy                           0.82      5379
   macro avg       0.83      0.82      0.82      5379
weighted avg       0.83      0.82      0.82      5379

2024-04-16 14:04:53,881 - INFO - [MainThread] - Epoch 39, Current Learning Rate: 0.01
2024-04-16 14:06:38,788 - INFO - [MainThread] - Epoch 40, Training Loss: 0.3774, Training Accuracy: 85.33%
2024-04-16 14:06:57,069 - INFO - [MainThread] - Testing Loss: 0.4824, Testing Accuracy: 81.50%
2024-04-16 14:06:57,079 - INFO - [MainThread] - Testing Classification Report:
              precision    recall  f1-score   support

           O       0.70      0.85      0.77       602
           B       0.69      0.81      0.75       785
           A       0.87      0.75      0.81       793
           F       0.82      0.69      0.75       800
           G       0.77      0.77      0.77       780
           K       0.90      0.89      0.89       821
           M       0.97      0.96      0.96       798

    accuracy                           0.82      5379
   macro avg       0.82      0.82      0.81      5379
weighted avg       0.82      0.82      0.82      5379

2024-04-16 14:06:57,350 - INFO - [MainThread] - Epoch 40, Current Learning Rate: 0.001
2024-04-16 14:08:58,268 - INFO - [MainThread] - Epoch 41, Training Loss: 0.3109, Training Accuracy: 88.02%
2024-04-16 14:09:19,460 - INFO - [MainThread] - Testing Loss: 0.4470, Testing Accuracy: 83.38%
2024-04-16 14:09:19,470 - INFO - [MainThread] - Testing Classification Report:
              precision    recall  f1-score   support

           O       0.79      0.82      0.80       602
           B       0.72      0.79      0.76       785
           A       0.87      0.77      0.82       793
           F       0.81      0.75      0.78       800
           G       0.77      0.83      0.80       780
           K       0.90      0.91      0.90       821
           M       0.98      0.96      0.97       798

    accuracy                           0.83      5379
   macro avg       0.83      0.83      0.83      5379
weighted avg       0.84      0.83      0.83      5379

2024-04-16 14:09:19,609 - INFO - [MainThread] - Epoch 41, Current Learning Rate: 0.001
2024-04-16 14:09:19,630 - INFO - [MainThread] - Best model saved at models/star_model_2024-04-16_12-37-59/best_fold_model_epoch_41.pt for this fold
2024-04-16 14:11:21,734 - INFO - [MainThread] - Epoch 42, Training Loss: 0.2872, Training Accuracy: 88.72%
2024-04-16 14:11:43,721 - INFO - [MainThread] - Testing Loss: 0.4993, Testing Accuracy: 82.34%
2024-04-16 14:11:43,732 - INFO - [MainThread] - Testing Classification Report:
              precision    recall  f1-score   support

           O       0.76      0.82      0.79       602
           B       0.72      0.76      0.74       785
           A       0.84      0.77      0.80       793
           F       0.80      0.76      0.78       800
           G       0.76      0.81      0.79       780
           K       0.90      0.89      0.89       821
           M       0.98      0.96      0.97       798

    accuracy                           0.82      5379
   macro avg       0.82      0.82      0.82      5379
weighted avg       0.83      0.82      0.82      5379

2024-04-16 14:11:43,873 - INFO - [MainThread] - Epoch 42, Current Learning Rate: 0.001
2024-04-16 14:13:42,784 - INFO - [MainThread] - Epoch 43, Training Loss: 0.2809, Training Accuracy: 89.08%
2024-04-16 14:14:03,720 - INFO - [MainThread] - Testing Loss: 0.4706, Testing Accuracy: 83.31%
2024-04-16 14:14:03,730 - INFO - [MainThread] - Testing Classification Report:
              precision    recall  f1-score   support

           O       0.83      0.79      0.81       602
           B       0.70      0.85      0.77       785
           A       0.87      0.75      0.80       793
           F       0.80      0.75      0.78       800
           G       0.78      0.81      0.80       780
           K       0.91      0.90      0.91       821
           M       0.97      0.96      0.97       798

    accuracy                           0.83      5379
   macro avg       0.84      0.83      0.83      5379
weighted avg       0.84      0.83      0.83      5379

2024-04-16 14:14:03,869 - INFO - [MainThread] - Epoch 43, Current Learning Rate: 0.001
2024-04-16 14:15:44,277 - INFO - [MainThread] - Epoch 44, Training Loss: 0.2718, Training Accuracy: 89.43%
2024-04-16 14:16:01,270 - INFO - [MainThread] - Testing Loss: 0.5239, Testing Accuracy: 82.45%
2024-04-16 14:16:01,280 - INFO - [MainThread] - Testing Classification Report:
              precision    recall  f1-score   support

           O       0.75      0.82      0.78       602
           B       0.70      0.80      0.75       785
           A       0.87      0.76      0.81       793
           F       0.85      0.70      0.77       800
           G       0.76      0.80      0.78       780
           K       0.87      0.93      0.90       821
           M       0.99      0.95      0.97       798

    accuracy                           0.82      5379
   macro avg       0.83      0.82      0.82      5379
weighted avg       0.83      0.82      0.82      5379

2024-04-16 14:16:01,422 - INFO - [MainThread] - Epoch 44, Current Learning Rate: 0.001
2024-04-16 14:17:57,648 - INFO - [MainThread] - Epoch 45, Training Loss: 0.2665, Training Accuracy: 89.84%
2024-04-16 14:18:16,654 - INFO - [MainThread] - Testing Loss: 0.4719, Testing Accuracy: 82.99%
2024-04-16 14:18:16,664 - INFO - [MainThread] - Testing Classification Report:
              precision    recall  f1-score   support

           O       0.78      0.82      0.80       602
           B       0.72      0.79      0.76       785
           A       0.85      0.77      0.81       793
           F       0.83      0.73      0.77       800
           G       0.76      0.82      0.79       780
           K       0.90      0.91      0.90       821
           M       0.98      0.96      0.97       798

    accuracy                           0.83      5379
   macro avg       0.83      0.83      0.83      5379
weighted avg       0.83      0.83      0.83      5379

2024-04-16 14:18:16,804 - INFO - [MainThread] - Epoch 45, Current Learning Rate: 0.001
2024-04-16 14:19:58,934 - INFO - [MainThread] - Epoch 46, Training Loss: 0.2624, Training Accuracy: 89.75%
2024-04-16 14:20:16,490 - INFO - [MainThread] - Testing Loss: 0.5019, Testing Accuracy: 82.58%
2024-04-16 14:20:16,500 - INFO - [MainThread] - Testing Classification Report:
              precision    recall  f1-score   support

           O       0.84      0.77      0.80       602
           B       0.71      0.80      0.75       785
           A       0.86      0.76      0.81       793
           F       0.78      0.76      0.77       800
           G       0.75      0.80      0.78       780
           K       0.89      0.90      0.90       821
           M       0.98      0.96      0.97       798

    accuracy                           0.83      5379
   macro avg       0.83      0.82      0.83      5379
weighted avg       0.83      0.83      0.83      5379

2024-04-16 14:20:16,643 - INFO - [MainThread] - Epoch 46, Current Learning Rate: 0.001
2024-04-16 14:22:03,573 - INFO - [MainThread] - Epoch 47, Training Loss: 0.2596, Training Accuracy: 89.93%
2024-04-16 14:22:21,270 - INFO - [MainThread] - Testing Loss: 0.4647, Testing Accuracy: 83.25%
2024-04-16 14:22:21,280 - INFO - [MainThread] - Testing Classification Report:
              precision    recall  f1-score   support

           O       0.78      0.82      0.80       602
           B       0.70      0.83      0.76       785
           A       0.85      0.76      0.80       793
           F       0.81      0.75      0.78       800
           G       0.82      0.78      0.80       780
           K       0.91      0.91      0.91       821
           M       0.98      0.96      0.97       798

    accuracy                           0.83      5379
   macro avg       0.83      0.83      0.83      5379
weighted avg       0.84      0.83      0.83      5379

2024-04-16 14:22:21,423 - INFO - [MainThread] - Epoch 47, Current Learning Rate: 0.0001
2024-04-16 14:24:08,482 - INFO - [MainThread] - Epoch 48, Training Loss: 0.2442, Training Accuracy: 90.66%
2024-04-16 14:24:26,122 - INFO - [MainThread] - Testing Loss: 0.4804, Testing Accuracy: 83.32%
2024-04-16 14:24:26,132 - INFO - [MainThread] - Testing Classification Report:
              precision    recall  f1-score   support

           O       0.80      0.81      0.80       602
           B       0.71      0.83      0.76       785
           A       0.88      0.75      0.81       793
           F       0.82      0.74      0.78       800
           G       0.76      0.83      0.79       780
           K       0.90      0.91      0.91       821
           M       0.98      0.96      0.97       798

    accuracy                           0.83      5379
   macro avg       0.84      0.83      0.83      5379
weighted avg       0.84      0.83      0.83      5379

2024-04-16 14:24:26,272 - INFO - [MainThread] - Epoch 48, Current Learning Rate: 0.0001
2024-04-16 14:26:10,873 - INFO - [MainThread] - Epoch 49, Training Loss: 0.2425, Training Accuracy: 90.78%
2024-04-16 14:26:28,541 - INFO - [MainThread] - Testing Loss: 0.5036, Testing Accuracy: 83.01%
2024-04-16 14:26:28,551 - INFO - [MainThread] - Testing Classification Report:
              precision    recall  f1-score   support

           O       0.74      0.83      0.78       602
           B       0.72      0.80      0.76       785
           A       0.86      0.76      0.81       793
           F       0.81      0.75      0.78       800
           G       0.79      0.81      0.79       780
           K       0.91      0.90      0.90       821
           M       0.98      0.97      0.97       798

    accuracy                           0.83      5379
   macro avg       0.83      0.83      0.83      5379
weighted avg       0.83      0.83      0.83      5379

2024-04-16 14:26:28,819 - INFO - [MainThread] - Epoch 49, Current Learning Rate: 0.0001
2024-04-16 14:28:15,179 - INFO - [MainThread] - Epoch 50, Training Loss: 0.2405, Training Accuracy: 90.83%
2024-04-16 14:28:33,110 - INFO - [MainThread] - Testing Loss: 0.5009, Testing Accuracy: 83.01%
2024-04-16 14:28:33,120 - INFO - [MainThread] - Testing Classification Report:
              precision    recall  f1-score   support

           O       0.79      0.81      0.80       602
           B       0.71      0.81      0.75       785
           A       0.86      0.76      0.81       793
           F       0.80      0.76      0.78       800
           G       0.77      0.81      0.79       780
           K       0.90      0.90      0.90       821
           M       0.98      0.96      0.97       798

    accuracy                           0.83      5379
   macro avg       0.83      0.83      0.83      5379
weighted avg       0.83      0.83      0.83      5379

2024-04-16 14:28:33,258 - INFO - [MainThread] - Epoch 50, Current Learning Rate: 0.0001
2024-04-16 14:28:33,582 - INFO - [MainThread] - Starting fold 2
2024-04-16 14:28:33,587 - INFO - [MainThread] - Train class counts for fold 2: {'B': 3224, 'K': 3205, 'F': 3205, 'G': 3200, 'M': 3183, 'A': 3168, 'O': 2331}
2024-04-16 14:28:33,587 - INFO - [MainThread] - Validation class counts for fold 2: {'A': 831, 'M': 817, 'G': 800, 'F': 795, 'K': 795, 'B': 776, 'O': 565}
2024-04-16 14:30:22,040 - INFO - [MainThread] - Epoch 1, Training Loss: 1.3253, Training Accuracy: 52.64%
2024-04-16 14:30:40,482 - INFO - [MainThread] - Testing Loss: 0.9453, Testing Accuracy: 64.94%
2024-04-16 14:30:40,493 - INFO - [MainThread] - Testing Classification Report:
              precision    recall  f1-score   support

           O       0.61      0.73      0.66       565
           B       0.55      0.57      0.56       776
           A       0.71      0.68      0.69       831
           F       0.49      0.26      0.34       795
           G       0.53      0.54      0.53       800
           K       0.67      0.86      0.75       795
           M       0.88      0.92      0.90       817

    accuracy                           0.65      5379
   macro avg       0.63      0.65      0.64      5379
weighted avg       0.64      0.65      0.64      5379

2024-04-16 14:30:40,633 - INFO - [MainThread] - Epoch 1, Current Learning Rate: 0.01
2024-04-16 14:30:40,673 - INFO - [MainThread] - Best model saved at models/star_model_2024-04-16_12-37-59/best_fold_model_epoch_1.pt for this fold
2024-04-16 14:32:29,180 - INFO - [MainThread] - Epoch 2, Training Loss: 1.0165, Training Accuracy: 62.00%
2024-04-16 14:32:47,748 - INFO - [MainThread] - Testing Loss: 1.0233, Testing Accuracy: 65.07%
2024-04-16 14:32:47,759 - INFO - [MainThread] - Testing Classification Report:
              precision    recall  f1-score   support

           O       0.96      0.49      0.65       565
           B       0.54      0.77      0.63       776
           A       0.63      0.71      0.67       831
           F       0.76      0.06      0.11       795
           G       0.52      0.75      0.62       800
           K       0.78      0.75      0.77       795
           M       0.74      0.96      0.84       817

    accuracy                           0.65      5379
   macro avg       0.70      0.64      0.61      5379
weighted avg       0.69      0.65      0.61      5379

2024-04-16 14:32:47,912 - INFO - [MainThread] - Epoch 2, Current Learning Rate: 0.01
2024-04-16 14:34:53,814 - INFO - [MainThread] - Epoch 3, Training Loss: 0.9550, Training Accuracy: 64.21%
2024-04-16 14:35:16,366 - INFO - [MainThread] - Testing Loss: 0.9162, Testing Accuracy: 65.61%
2024-04-16 14:35:16,376 - INFO - [MainThread] - Testing Classification Report:
              precision    recall  f1-score   support

           O       0.73      0.73      0.73       565
           B       0.54      0.80      0.64       776
           A       0.64      0.68      0.66       831
           F       0.46      0.33      0.38       795
           G       0.58      0.26      0.36       800
           K       0.73      0.85      0.79       795
           M       0.86      0.96      0.91       817

    accuracy                           0.66      5379
   macro avg       0.65      0.66      0.64      5379
weighted avg       0.65      0.66      0.63      5379

2024-04-16 14:35:16,519 - INFO - [MainThread] - Epoch 3, Current Learning Rate: 0.01
2024-04-16 14:35:16,554 - INFO - [MainThread] - Best model saved at models/star_model_2024-04-16_12-37-59/best_fold_model_epoch_3.pt for this fold
2024-04-16 14:37:05,645 - INFO - [MainThread] - Epoch 4, Training Loss: 0.9031, Training Accuracy: 66.04%
2024-04-16 14:37:24,908 - INFO - [MainThread] - Testing Loss: 0.8677, Testing Accuracy: 67.30%
2024-04-16 14:37:24,919 - INFO - [MainThread] - Testing Classification Report:
              precision    recall  f1-score   support

           O       0.77      0.70      0.73       565
           B       0.59      0.65      0.62       776
           A       0.71      0.72      0.72       831
           F       0.69      0.22      0.33       795
           G       0.49      0.79      0.61       800
           K       0.71      0.80      0.75       795
           M       0.92      0.83      0.87       817

    accuracy                           0.67      5379
   macro avg       0.70      0.67      0.66      5379
weighted avg       0.70      0.67      0.66      5379

2024-04-16 14:37:25,058 - INFO - [MainThread] - Epoch 4, Current Learning Rate: 0.01
2024-04-16 14:37:25,117 - INFO - [MainThread] - Best model saved at models/star_model_2024-04-16_12-37-59/best_fold_model_epoch_4.pt for this fold
2024-04-16 14:39:20,491 - INFO - [MainThread] - Epoch 5, Training Loss: 0.8602, Training Accuracy: 68.01%
2024-04-16 14:39:39,072 - INFO - [MainThread] - Testing Loss: 0.8549, Testing Accuracy: 69.08%
2024-04-16 14:39:39,082 - INFO - [MainThread] - Testing Classification Report:
              precision    recall  f1-score   support

           O       0.66      0.76      0.71       565
           B       0.58      0.74      0.65       776
           A       0.84      0.68      0.75       831
           F       0.50      0.67      0.57       795
           G       0.64      0.33      0.43       800
           K       0.83      0.71      0.76       795
           M       0.85      0.96      0.90       817

    accuracy                           0.69      5379
   macro avg       0.70      0.69      0.68      5379
weighted avg       0.70      0.69      0.68      5379

2024-04-16 14:39:39,221 - INFO - [MainThread] - Epoch 5, Current Learning Rate: 0.01
2024-04-16 14:39:39,259 - INFO - [MainThread] - Best model saved at models/star_model_2024-04-16_12-37-59/best_fold_model_epoch_5.pt for this fold
2024-04-16 14:41:24,518 - INFO - [MainThread] - Epoch 6, Training Loss: 0.8128, Training Accuracy: 69.85%
2024-04-16 14:41:41,225 - INFO - [MainThread] - Testing Loss: 0.8388, Testing Accuracy: 70.48%
2024-04-16 14:41:41,235 - INFO - [MainThread] - Testing Classification Report:
              precision    recall  f1-score   support

           O       0.90      0.69      0.78       565
           B       0.58      0.70      0.64       776
           A       0.82      0.72      0.76       831
           F       0.50      0.64      0.56       795
           G       0.64      0.58      0.61       800
           K       0.76      0.73      0.74       795
           M       0.91      0.87      0.89       817

    accuracy                           0.70      5379
   macro avg       0.73      0.70      0.71      5379
weighted avg       0.73      0.70      0.71      5379

2024-04-16 14:41:41,392 - INFO - [MainThread] - Epoch 6, Current Learning Rate: 0.01
2024-04-16 14:41:41,432 - INFO - [MainThread] - Best model saved at models/star_model_2024-04-16_12-37-59/best_fold_model_epoch_6.pt for this fold
2024-04-16 14:43:26,862 - INFO - [MainThread] - Epoch 7, Training Loss: 0.7762, Training Accuracy: 71.75%
2024-04-16 14:43:45,154 - INFO - [MainThread] - Testing Loss: 0.8072, Testing Accuracy: 71.95%
2024-04-16 14:43:45,165 - INFO - [MainThread] - Testing Classification Report:
              precision    recall  f1-score   support

           O       0.86      0.70      0.77       565
           B       0.58      0.77      0.66       776
           A       0.91      0.65      0.76       831
           F       0.66      0.38      0.48       795
           G       0.59      0.71      0.65       800
           K       0.71      0.87      0.78       795
           M       0.86      0.95      0.90       817

    accuracy                           0.72      5379
   macro avg       0.74      0.72      0.71      5379
weighted avg       0.74      0.72      0.71      5379

2024-04-16 14:43:45,304 - INFO - [MainThread] - Epoch 7, Current Learning Rate: 0.01
2024-04-16 14:43:45,343 - INFO - [MainThread] - Best model saved at models/star_model_2024-04-16_12-37-59/best_fold_model_epoch_7.pt for this fold
2024-04-16 14:45:29,410 - INFO - [MainThread] - Epoch 8, Training Loss: 0.7475, Training Accuracy: 72.82%
2024-04-16 14:45:46,525 - INFO - [MainThread] - Testing Loss: 0.7537, Testing Accuracy: 74.51%
2024-04-16 14:45:46,535 - INFO - [MainThread] - Testing Classification Report:
              precision    recall  f1-score   support

           O       0.82      0.72      0.77       565
           B       0.60      0.78      0.68       776
           A       0.86      0.71      0.78       831
           F       0.73      0.57      0.64       795
           G       0.68      0.62      0.65       800
           K       0.79      0.85      0.82       795
           M       0.80      0.96      0.87       817

    accuracy                           0.75      5379
   macro avg       0.75      0.74      0.74      5379
weighted avg       0.75      0.75      0.74      5379

2024-04-16 14:45:46,814 - INFO - [MainThread] - Epoch 8, Current Learning Rate: 0.01
2024-04-16 14:45:46,869 - INFO - [MainThread] - Best model saved at models/star_model_2024-04-16_12-37-59/best_fold_model_epoch_8.pt for this fold
2024-04-16 14:47:28,980 - INFO - [MainThread] - Epoch 9, Training Loss: 0.7197, Training Accuracy: 73.87%
2024-04-16 14:47:45,983 - INFO - [MainThread] - Testing Loss: 0.7464, Testing Accuracy: 73.71%
2024-04-16 14:47:45,994 - INFO - [MainThread] - Testing Classification Report:
              precision    recall  f1-score   support

           O       0.83      0.74      0.78       565
           B       0.58      0.83      0.68       776
           A       0.95      0.63      0.75       831
           F       0.64      0.71      0.67       795
           G       0.71      0.64      0.67       800
           K       0.72      0.83      0.77       795
           M       0.94      0.78      0.85       817

    accuracy                           0.74      5379
   macro avg       0.77      0.74      0.74      5379
weighted avg       0.77      0.74      0.74      5379

2024-04-16 14:47:46,137 - INFO - [MainThread] - Epoch 9, Current Learning Rate: 0.01
2024-04-16 14:47:46,176 - INFO - [MainThread] - Best model saved at models/star_model_2024-04-16_12-37-59/best_fold_model_epoch_9.pt for this fold
2024-04-16 14:49:27,838 - INFO - [MainThread] - Epoch 10, Training Loss: 0.7047, Training Accuracy: 74.14%
2024-04-16 14:49:44,834 - INFO - [MainThread] - Testing Loss: 0.7262, Testing Accuracy: 74.29%
2024-04-16 14:49:44,845 - INFO - [MainThread] - Testing Classification Report:
              precision    recall  f1-score   support

           O       0.81      0.77      0.79       565
           B       0.60      0.77      0.67       776
           A       0.90      0.70      0.79       831
           F       0.71      0.50      0.59       795
           G       0.59      0.76      0.66       800
           K       0.81      0.79      0.80       795
           M       0.91      0.91      0.91       817

    accuracy                           0.74      5379
   macro avg       0.76      0.74      0.74      5379
weighted avg       0.76      0.74      0.74      5379

2024-04-16 14:49:44,989 - INFO - [MainThread] - Epoch 10, Current Learning Rate: 0.01
2024-04-16 14:49:45,010 - INFO - [MainThread] - Best model saved at models/star_model_2024-04-16_12-37-59/best_fold_model_epoch_10.pt for this fold
2024-04-16 14:51:27,230 - INFO - [MainThread] - Epoch 11, Training Loss: 0.6819, Training Accuracy: 74.82%
2024-04-16 14:51:44,315 - INFO - [MainThread] - Testing Loss: 0.6761, Testing Accuracy: 75.83%
2024-04-16 14:51:44,325 - INFO - [MainThread] - Testing Classification Report:
              precision    recall  f1-score   support

           O       0.81      0.75      0.78       565
           B       0.59      0.80      0.68       776
           A       0.93      0.70      0.80       831
           F       0.66      0.71      0.68       795
           G       0.67      0.65      0.66       800
           K       0.85      0.77      0.81       795
           M       0.92      0.93      0.92       817

    accuracy                           0.76      5379
   macro avg       0.78      0.76      0.76      5379
weighted avg       0.78      0.76      0.76      5379

2024-04-16 14:51:44,482 - INFO - [MainThread] - Epoch 11, Current Learning Rate: 0.01
2024-04-16 14:51:44,503 - INFO - [MainThread] - Best model saved at models/star_model_2024-04-16_12-37-59/best_fold_model_epoch_11.pt for this fold
2024-04-16 14:53:25,917 - INFO - [MainThread] - Epoch 12, Training Loss: 0.6615, Training Accuracy: 75.40%
2024-04-16 14:53:42,521 - INFO - [MainThread] - Testing Loss: 0.6468, Testing Accuracy: 77.04%
2024-04-16 14:53:42,531 - INFO - [MainThread] - Testing Classification Report:
              precision    recall  f1-score   support

           O       0.84      0.74      0.79       565
           B       0.59      0.87      0.70       776
           A       0.93      0.67      0.78       831
           F       0.75      0.65      0.70       795
           G       0.74      0.67      0.70       800
           K       0.76      0.90      0.83       795
           M       0.94      0.89      0.91       817

    accuracy                           0.77      5379
   macro avg       0.79      0.77      0.77      5379
weighted avg       0.79      0.77      0.77      5379

2024-04-16 14:53:42,670 - INFO - [MainThread] - Epoch 12, Current Learning Rate: 0.01
2024-04-16 14:53:42,708 - INFO - [MainThread] - Best model saved at models/star_model_2024-04-16_12-37-59/best_fold_model_epoch_12.pt for this fold
2024-04-16 14:55:29,684 - INFO - [MainThread] - Epoch 13, Training Loss: 0.6376, Training Accuracy: 76.75%
2024-04-16 14:55:47,013 - INFO - [MainThread] - Testing Loss: 0.6972, Testing Accuracy: 77.06%
2024-04-16 14:55:47,023 - INFO - [MainThread] - Testing Classification Report:
              precision    recall  f1-score   support

           O       0.87      0.72      0.79       565
           B       0.64      0.75      0.69       776
           A       0.86      0.74      0.80       831
           F       0.70      0.68      0.69       795
           G       0.72      0.70      0.71       800
           K       0.77      0.86      0.81       795
           M       0.89      0.92      0.90       817

    accuracy                           0.77      5379
   macro avg       0.78      0.77      0.77      5379
weighted avg       0.78      0.77      0.77      5379

2024-04-16 14:55:47,167 - INFO - [MainThread] - Epoch 13, Current Learning Rate: 0.01
2024-04-16 14:57:32,274 - INFO - [MainThread] - Epoch 14, Training Loss: 0.6181, Training Accuracy: 76.79%
2024-04-16 14:57:50,177 - INFO - [MainThread] - Testing Loss: 0.6422, Testing Accuracy: 76.95%
2024-04-16 14:57:50,187 - INFO - [MainThread] - Testing Classification Report:
              precision    recall  f1-score   support

           O       0.71      0.78      0.75       565
           B       0.60      0.81      0.69       776
           A       0.94      0.67      0.78       831
           F       0.71      0.74      0.72       795
           G       0.74      0.64      0.69       800
           K       0.83      0.85      0.84       795
           M       0.95      0.90      0.93       817

    accuracy                           0.77      5379
   macro avg       0.78      0.77      0.77      5379
weighted avg       0.79      0.77      0.77      5379

2024-04-16 14:57:50,326 - INFO - [MainThread] - Epoch 14, Current Learning Rate: 0.01
2024-04-16 14:57:50,364 - INFO - [MainThread] - Best model saved at models/star_model_2024-04-16_12-37-59/best_fold_model_epoch_14.pt for this fold
