2024-04-17 18:40:31,876 - INFO - [MainThread] - Using device: cuda
2024-04-17 18:40:32,761 - INFO - [MainThread] - Starting fold 1
2024-04-17 18:40:32,768 - INFO - [MainThread] - Train class counts for fold 1: {'B': 4027, 'G': 4022, 'A': 4001, 'F': 3983, 'M': 3197, 'K': 3169, 'O': 2317}
2024-04-17 18:40:32,768 - INFO - [MainThread] - Validation class counts for fold 1: {'F': 1017, 'A': 999, 'G': 978, 'B': 973, 'K': 831, 'M': 803, 'O': 579}
2024-04-17 18:42:42,530 - INFO - [MainThread] - Epoch 1, Training Loss: 1.1158, Training Accuracy: 59.35%
2024-04-17 18:43:04,071 - INFO - [MainThread] - Testing Loss: 0.8936, Testing Accuracy: 68.22%
2024-04-17 18:43:04,083 - INFO - [MainThread] - Testing Classification Report:
              precision    recall  f1-score   support

           O       0.78      0.76      0.77       579
           B       0.55      0.74      0.63       973
           A       0.73      0.61      0.66       999
           F       0.68      0.48      0.56      1017
           G       0.73      0.52      0.61       978
           K       0.74      0.84      0.79       831
           M       0.68      0.93      0.79       803

    accuracy                           0.68      6180
   macro avg       0.70      0.70      0.69      6180
weighted avg       0.69      0.68      0.68      6180

2024-04-17 18:43:04,349 - INFO - [MainThread] - Epoch 1, Current Learning Rate: 0.01
2024-04-17 18:43:04,430 - INFO - [MainThread] - Best model saved at models/star_model_2024-04-17_18-40-30/best_fold_model_epoch_1.pt for this fold
2024-04-17 18:45:26,289 - INFO - [MainThread] - Epoch 2, Training Loss: 0.9462, Training Accuracy: 65.57%
2024-04-17 18:45:46,742 - INFO - [MainThread] - Testing Loss: 0.8139, Testing Accuracy: 70.40%
2024-04-17 18:45:46,753 - INFO - [MainThread] - Testing Classification Report:
              precision    recall  f1-score   support

           O       0.88      0.70      0.78       579
           B       0.50      0.87      0.63       973
           A       0.64      0.67      0.65       999
           F       0.74      0.42      0.54      1017
           G       0.73      0.61      0.67       978
           K       0.90      0.75      0.82       831
           M       0.88      0.98      0.92       803

    accuracy                           0.70      6180
   macro avg       0.75      0.71      0.72      6180
weighted avg       0.74      0.70      0.70      6180

2024-04-17 18:45:47,006 - INFO - [MainThread] - Epoch 2, Current Learning Rate: 0.01
2024-04-17 18:45:47,087 - INFO - [MainThread] - Best model saved at models/star_model_2024-04-17_18-40-30/best_fold_model_epoch_2.pt for this fold
2024-04-17 18:47:56,783 - INFO - [MainThread] - Epoch 3, Training Loss: 0.8994, Training Accuracy: 67.15%
2024-04-17 18:48:17,719 - INFO - [MainThread] - Testing Loss: 0.7654, Testing Accuracy: 72.17%
2024-04-17 18:48:17,730 - INFO - [MainThread] - Testing Classification Report:
              precision    recall  f1-score   support

           O       0.79      0.79      0.79       579
           B       0.56      0.84      0.68       973
           A       0.70      0.65      0.67       999
           F       0.89      0.31      0.46      1017
           G       0.64      0.81      0.71       978
           K       0.87      0.79      0.83       831
           M       0.88      0.96      0.92       803

    accuracy                           0.72      6180
   macro avg       0.76      0.74      0.72      6180
weighted avg       0.76      0.72      0.71      6180

2024-04-17 18:48:17,895 - INFO - [MainThread] - Epoch 3, Current Learning Rate: 0.01
2024-04-17 18:48:17,978 - INFO - [MainThread] - Best model saved at models/star_model_2024-04-17_18-40-30/best_fold_model_epoch_3.pt for this fold
2024-04-17 18:50:35,458 - INFO - [MainThread] - Epoch 4, Training Loss: 0.8541, Training Accuracy: 69.21%
2024-04-17 18:50:54,625 - INFO - [MainThread] - Testing Loss: 0.7244, Testing Accuracy: 73.87%
2024-04-17 18:50:54,636 - INFO - [MainThread] - Testing Classification Report:
              precision    recall  f1-score   support

           O       0.94      0.72      0.81       579
           B       0.57      0.88      0.69       973
           A       0.85      0.61      0.71       999
           F       0.91      0.43      0.58      1017
           G       0.67      0.80      0.73       978
           K       0.80      0.84      0.82       831
           M       0.77      0.95      0.85       803

    accuracy                           0.74      6180
   macro avg       0.79      0.75      0.74      6180
weighted avg       0.78      0.74      0.73      6180

2024-04-17 18:50:54,795 - INFO - [MainThread] - Epoch 4, Current Learning Rate: 0.01
2024-04-17 18:50:54,874 - INFO - [MainThread] - Best model saved at models/star_model_2024-04-17_18-40-30/best_fold_model_epoch_4.pt for this fold
2024-04-17 18:53:18,184 - INFO - [MainThread] - Epoch 5, Training Loss: 0.8177, Training Accuracy: 70.29%
2024-04-17 18:53:36,930 - INFO - [MainThread] - Testing Loss: 0.7236, Testing Accuracy: 73.75%
2024-04-17 18:53:36,941 - INFO - [MainThread] - Testing Classification Report:
              precision    recall  f1-score   support

           O       0.81      0.78      0.79       579
           B       0.56      0.84      0.67       973
           A       0.95      0.49      0.65       999
           F       0.82      0.53      0.64      1017
           G       0.64      0.83      0.72       978
           K       0.75      0.86      0.80       831
           M       0.95      0.92      0.93       803

    accuracy                           0.74      6180
   macro avg       0.78      0.75      0.75      6180
weighted avg       0.78      0.74      0.73      6180

2024-04-17 18:53:37,083 - INFO - [MainThread] - Epoch 5, Current Learning Rate: 0.01
2024-04-17 18:53:37,172 - INFO - [MainThread] - Best model saved at models/star_model_2024-04-17_18-40-30/best_fold_model_epoch_5.pt for this fold
2024-04-17 18:56:02,546 - INFO - [MainThread] - Epoch 6, Training Loss: 0.8121, Training Accuracy: 70.43%
2024-04-17 18:56:21,752 - INFO - [MainThread] - Testing Loss: 0.6570, Testing Accuracy: 75.06%
2024-04-17 18:56:21,764 - INFO - [MainThread] - Testing Classification Report:
              precision    recall  f1-score   support

           O       0.94      0.73      0.82       579
           B       0.62      0.77      0.69       973
           A       0.68      0.69      0.68       999
           F       0.84      0.57      0.68      1017
           G       0.69      0.82      0.75       978
           K       0.93      0.74      0.82       831
           M       0.77      0.98      0.86       803

    accuracy                           0.75      6180
   macro avg       0.78      0.76      0.76      6180
weighted avg       0.77      0.75      0.75      6180

2024-04-17 18:56:21,906 - INFO - [MainThread] - Epoch 6, Current Learning Rate: 0.01
2024-04-17 18:56:21,990 - INFO - [MainThread] - Best model saved at models/star_model_2024-04-17_18-40-30/best_fold_model_epoch_6.pt for this fold
2024-04-17 18:58:37,620 - INFO - [MainThread] - Epoch 7, Training Loss: 0.7913, Training Accuracy: 71.30%
2024-04-17 18:58:56,782 - INFO - [MainThread] - Testing Loss: 0.7031, Testing Accuracy: 73.06%
2024-04-17 18:58:56,793 - INFO - [MainThread] - Testing Classification Report:
              precision    recall  f1-score   support

           O       0.90      0.75      0.82       579
           B       0.56      0.87      0.68       973
           A       0.94      0.55      0.69       999
           F       0.80      0.45      0.58      1017
           G       0.57      0.86      0.69       978
           K       0.81      0.81      0.81       831
           M       0.95      0.90      0.93       803

    accuracy                           0.73      6180
   macro avg       0.79      0.74      0.74      6180
weighted avg       0.78      0.73      0.73      6180

2024-04-17 18:58:56,947 - INFO - [MainThread] - Epoch 7, Current Learning Rate: 0.01
2024-04-17 19:01:17,714 - INFO - [MainThread] - Epoch 8, Training Loss: 0.7763, Training Accuracy: 71.68%
2024-04-17 19:01:37,105 - INFO - [MainThread] - Testing Loss: 0.6533, Testing Accuracy: 75.97%
2024-04-17 19:01:37,117 - INFO - [MainThread] - Testing Classification Report:
              precision    recall  f1-score   support

           O       0.94      0.71      0.81       579
           B       0.64      0.87      0.74       973
           A       0.81      0.67      0.74       999
           F       0.80      0.54      0.65      1017
           G       0.63      0.89      0.74       978
           K       0.97      0.67      0.79       831
           M       0.82      0.99      0.90       803

    accuracy                           0.76      6180
   macro avg       0.80      0.76      0.77      6180
weighted avg       0.79      0.76      0.76      6180

2024-04-17 19:01:37,262 - INFO - [MainThread] - Epoch 8, Current Learning Rate: 0.01
2024-04-17 19:01:37,342 - INFO - [MainThread] - Best model saved at models/star_model_2024-04-17_18-40-30/best_fold_model_epoch_8.pt for this fold
2024-04-17 19:03:59,263 - INFO - [MainThread] - Epoch 9, Training Loss: 0.7568, Training Accuracy: 72.18%
2024-04-17 19:04:18,229 - INFO - [MainThread] - Testing Loss: 0.6063, Testing Accuracy: 77.80%
2024-04-17 19:04:18,240 - INFO - [MainThread] - Testing Classification Report:
              precision    recall  f1-score   support

           O       0.92      0.74      0.82       579
           B       0.61      0.85      0.71       973
           A       0.81      0.68      0.74       999
           F       0.84      0.65      0.73      1017
           G       0.69      0.82      0.75       978
           K       0.84      0.82      0.83       831
           M       0.96      0.90      0.93       803

    accuracy                           0.78      6180
   macro avg       0.81      0.78      0.79      6180
weighted avg       0.80      0.78      0.78      6180

2024-04-17 19:04:18,381 - INFO - [MainThread] - Epoch 9, Current Learning Rate: 0.01
2024-04-17 19:04:18,459 - INFO - [MainThread] - Best model saved at models/star_model_2024-04-17_18-40-30/best_fold_model_epoch_9.pt for this fold
2024-04-17 19:06:34,314 - INFO - [MainThread] - Epoch 10, Training Loss: 0.7470, Training Accuracy: 73.04%
2024-04-17 19:06:53,138 - INFO - [MainThread] - Testing Loss: 0.5830, Testing Accuracy: 78.14%
2024-04-17 19:06:53,148 - INFO - [MainThread] - Testing Classification Report:
              precision    recall  f1-score   support

           O       0.90      0.79      0.84       579
           B       0.58      0.91      0.71       973
           A       0.85      0.64      0.73       999
           F       0.81      0.67      0.74      1017
           G       0.76      0.75      0.76       978
           K       0.93      0.78      0.85       831
           M       0.88      0.96      0.92       803

    accuracy                           0.78      6180
   macro avg       0.82      0.79      0.79      6180
weighted avg       0.81      0.78      0.78      6180

2024-04-17 19:06:53,287 - INFO - [MainThread] - Epoch 10, Current Learning Rate: 0.01
2024-04-17 19:06:53,364 - INFO - [MainThread] - Best model saved at models/star_model_2024-04-17_18-40-30/best_fold_model_epoch_10.pt for this fold
2024-04-17 19:09:15,711 - INFO - [MainThread] - Epoch 11, Training Loss: 0.7426, Training Accuracy: 72.64%
2024-04-17 19:09:34,838 - INFO - [MainThread] - Testing Loss: 0.6214, Testing Accuracy: 77.59%
2024-04-17 19:09:34,849 - INFO - [MainThread] - Testing Classification Report:
              precision    recall  f1-score   support

           O       0.94      0.76      0.84       579
           B       0.59      0.90      0.71       973
           A       0.90      0.61      0.73       999
           F       0.84      0.64      0.73      1017
           G       0.71      0.79      0.75       978
           K       0.84      0.81      0.83       831
           M       0.88      0.95      0.91       803

    accuracy                           0.78      6180
   macro avg       0.81      0.78      0.79      6180
weighted avg       0.80      0.78      0.78      6180

2024-04-17 19:09:34,994 - INFO - [MainThread] - Epoch 11, Current Learning Rate: 0.01
2024-04-17 19:12:07,581 - INFO - [MainThread] - Epoch 12, Training Loss: 0.7347, Training Accuracy: 73.05%
2024-04-17 19:12:29,926 - INFO - [MainThread] - Testing Loss: 0.6120, Testing Accuracy: 77.96%
2024-04-17 19:12:29,937 - INFO - [MainThread] - Testing Classification Report:
              precision    recall  f1-score   support

           O       0.82      0.85      0.83       579
           B       0.63      0.85      0.72       973
           A       0.89      0.63      0.74       999
           F       0.82      0.63      0.72      1017
           G       0.67      0.85      0.75       978
           K       0.86      0.80      0.83       831
           M       0.96      0.91      0.94       803

    accuracy                           0.78      6180
   macro avg       0.81      0.79      0.79      6180
weighted avg       0.80      0.78      0.78      6180

2024-04-17 19:12:30,075 - INFO - [MainThread] - Epoch 12, Current Learning Rate: 0.01
2024-04-17 19:14:42,763 - INFO - [MainThread] - Epoch 13, Training Loss: 0.7282, Training Accuracy: 73.37%
2024-04-17 19:15:04,674 - INFO - [MainThread] - Testing Loss: 0.5865, Testing Accuracy: 78.14%
2024-04-17 19:15:04,685 - INFO - [MainThread] - Testing Classification Report:
              precision    recall  f1-score   support

           O       0.91      0.77      0.84       579
           B       0.58      0.91      0.71       973
           A       0.92      0.57      0.71       999
           F       0.83      0.65      0.73      1017
           G       0.72      0.84      0.77       978
           K       0.91      0.80      0.85       831
           M       0.88      0.96      0.92       803

    accuracy                           0.78      6180
   macro avg       0.82      0.79      0.79      6180
weighted avg       0.81      0.78      0.78      6180

2024-04-17 19:15:04,821 - INFO - [MainThread] - Epoch 13, Current Learning Rate: 0.01
2024-04-17 19:17:25,018 - INFO - [MainThread] - Epoch 14, Training Loss: 0.7246, Training Accuracy: 73.71%
2024-04-17 19:17:47,143 - INFO - [MainThread] - Testing Loss: 0.5797, Testing Accuracy: 78.19%
2024-04-17 19:17:47,154 - INFO - [MainThread] - Testing Classification Report:
              precision    recall  f1-score   support

           O       0.86      0.80      0.83       579
           B       0.67      0.79      0.73       973
           A       0.79      0.70      0.74       999
           F       0.81      0.68      0.74      1017
           G       0.70      0.72      0.71       978
           K       0.83      0.88      0.85       831
           M       0.89      0.97      0.93       803

    accuracy                           0.78      6180
   macro avg       0.79      0.79      0.79      6180
weighted avg       0.78      0.78      0.78      6180

2024-04-17 19:17:47,292 - INFO - [MainThread] - Epoch 14, Current Learning Rate: 0.01
2024-04-17 19:17:47,372 - INFO - [MainThread] - Best model saved at models/star_model_2024-04-17_18-40-30/best_fold_model_epoch_14.pt for this fold
2024-04-17 19:20:04,842 - INFO - [MainThread] - Epoch 15, Training Loss: 0.7205, Training Accuracy: 73.92%
2024-04-17 19:20:27,250 - INFO - [MainThread] - Testing Loss: 0.6566, Testing Accuracy: 75.45%
2024-04-17 19:20:27,261 - INFO - [MainThread] - Testing Classification Report:
              precision    recall  f1-score   support

           O       0.94      0.75      0.83       579
           B       0.69      0.79      0.73       973
           A       0.87      0.64      0.74       999
           F       0.84      0.55      0.66      1017
           G       0.53      0.96      0.68       978
           K       0.97      0.66      0.78       831
           M       0.90      0.97      0.93       803

    accuracy                           0.75      6180
   macro avg       0.82      0.76      0.77      6180
weighted avg       0.81      0.75      0.76      6180

2024-04-17 19:20:27,408 - INFO - [MainThread] - Epoch 15, Current Learning Rate: 0.01
2024-04-17 19:22:33,738 - INFO - [MainThread] - Epoch 16, Training Loss: 0.7066, Training Accuracy: 74.26%
2024-04-17 19:22:58,630 - INFO - [MainThread] - Testing Loss: 0.6083, Testing Accuracy: 77.82%
2024-04-17 19:22:58,641 - INFO - [MainThread] - Testing Classification Report:
              precision    recall  f1-score   support

           O       0.95      0.75      0.84       579
           B       0.55      0.94      0.70       973
           A       0.81      0.64      0.72       999
           F       0.89      0.57      0.69      1017
           G       0.73      0.80      0.76       978
           K       0.91      0.83      0.87       831
           M       0.97      0.95      0.96       803

    accuracy                           0.78      6180
   macro avg       0.83      0.78      0.79      6180
weighted avg       0.82      0.78      0.78      6180

2024-04-17 19:22:58,773 - INFO - [MainThread] - Epoch 16, Current Learning Rate: 0.01
