2024-04-01 15:35:04,417 - INFO - Combining datasets...
2024-04-01 15:35:06,890 - INFO - x range: -3.58971 to 10019.67013
2024-04-01 15:35:06,890 - INFO - y range: -10019.04903 to 5.773019999999999
2024-04-01 15:35:06,890 - INFO - Mean 'u-g': 2.369535849	Median 'u-g': 1.2118199999999995
2024-04-01 15:35:06,891 - INFO - Mean 'g-r': -3.2092114389999997	Median 'g-r': 0.7091750000000001
2024-04-01 15:35:06,895 - INFO - Combined DataFrame stats:
                u-g           g-r
count  10000.000000  10000.000000
mean       2.369536     -3.209211
std      100.188549    200.346869
min       -3.589710 -10019.049030
25%        0.565425      0.186915
50%        1.211820      0.709175
75%        1.958630      1.354035
max    10019.670130      5.773020
2024-04-01 15:35:06,896 - INFO - Combined DataFrame stats:
    class      u-g      g-r
0  GALAXY  4.93165  1.74958
1  GALAXY  1.14409  0.65768
2  GALAXY  1.81583  1.21367
3  GALAXY  0.67811  0.92357
4  GALAXY  2.95084  0.99048
2024-04-01 15:35:06,904 - INFO - Training session initiated...
