2024-03-29 15:17:38,199 - INFO - Processing PhotoMetric data initiated.....2024-03-29_15-17-38
2024-03-29 15:17:38,199 - INFO - Processing PhotoMetric data for: GALAXY
2024-03-29 15:17:38,203 - INFO - Total Files for class GALAXY: 6
2024-03-29 15:17:38,203 - INFO - Reading and Appending file 'data/raw/photometricDataExtract/galaxy/photometric_data_batch_GALAXY_1.csv' for class 'GALAXY'....
2024-03-29 15:17:38,543 - INFO - Reading and Appending file 'data/raw/photometricDataExtract/galaxy/photometric_data_batch_GALAXY_1.csv' for class 'GALAXY' done....
2024-03-29 15:17:38,543 - INFO - Reading and Appending file 'data/raw/photometricDataExtract/galaxy/photometric_data_batch_GALAXY_2.csv' for class 'GALAXY'....
2024-03-29 15:17:38,930 - INFO - Reading and Appending file 'data/raw/photometricDataExtract/galaxy/photometric_data_batch_GALAXY_2.csv' for class 'GALAXY' done....
2024-03-29 15:17:38,930 - INFO - Reading and Appending file 'data/raw/photometricDataExtract/galaxy/photometric_data_batch_GALAXY_3.csv' for class 'GALAXY'....
2024-03-29 15:17:39,298 - INFO - Reading and Appending file 'data/raw/photometricDataExtract/galaxy/photometric_data_batch_GALAXY_3.csv' for class 'GALAXY' done....
2024-03-29 15:17:39,298 - INFO - Reading and Appending file 'data/raw/photometricDataExtract/galaxy/photometric_data_batch_GALAXY_4.csv' for class 'GALAXY'....
2024-03-29 15:17:39,670 - INFO - Reading and Appending file 'data/raw/photometricDataExtract/galaxy/photometric_data_batch_GALAXY_4.csv' for class 'GALAXY' done....
2024-03-29 15:17:39,670 - INFO - Reading and Appending file 'data/raw/photometricDataExtract/galaxy/photometric_data_batch_GALAXY_5.csv' for class 'GALAXY'....
2024-03-29 15:17:40,034 - INFO - Reading and Appending file 'data/raw/photometricDataExtract/galaxy/photometric_data_batch_GALAXY_5.csv' for class 'GALAXY' done....
2024-03-29 15:17:40,034 - INFO - Reading and Appending file 'data/raw/photometricDataExtract/galaxy/photometric_data_batch_GALAXY_6.csv' for class 'GALAXY'....
2024-03-29 15:17:40,240 - INFO - Reading and Appending file 'data/raw/photometricDataExtract/galaxy/photometric_data_batch_GALAXY_6.csv' for class 'GALAXY' done....
2024-03-29 15:17:40,304 - INFO - Writing Combination File data/processed/photoMetricData/...
2024-03-29 15:17:52,141 - INFO - Written Combination File data/processed/photoMetricData/...
2024-03-29 15:17:52,152 - INFO - Processing PhotoMetric data done for: GALAXY
2024-03-29 15:17:52,152 - INFO - Processing PhotoMetric data for: STAR
2024-03-29 15:17:52,158 - INFO - Total Files for class STAR: 2
2024-03-29 15:17:52,158 - INFO - Reading and Appending file 'data/raw/photometricDataExtract/star/photometric_data_batch_STAR_1.csv' for class 'STAR'....
2024-03-29 15:17:52,479 - INFO - Reading and Appending file 'data/raw/photometricDataExtract/star/photometric_data_batch_STAR_1.csv' for class 'STAR' done....
2024-03-29 15:17:52,479 - INFO - Reading and Appending file 'data/raw/photometricDataExtract/star/photometric_data_batch_STAR_2.csv' for class 'STAR'....
2024-03-29 15:17:52,765 - INFO - Reading and Appending file 'data/raw/photometricDataExtract/star/photometric_data_batch_STAR_2.csv' for class 'STAR' done....
2024-03-29 15:17:52,779 - INFO - Writing Combination File data/processed/photoMetricData/...
2024-03-29 15:17:56,810 - INFO - Written Combination File data/processed/photoMetricData/...
2024-03-29 15:17:56,815 - INFO - Processing PhotoMetric data done for: STAR
2024-03-29 15:17:56,815 - INFO - Processing PhotoMetric data for: QSO
2024-03-29 15:17:56,819 - INFO - Total Files for class QSO: 2
2024-03-29 15:17:56,819 - INFO - Reading and Appending file 'data/raw/photometricDataExtract/qso/photometric_data_batch_QSO_1.csv' for class 'QSO'....
2024-03-29 15:17:57,137 - INFO - Reading and Appending file 'data/raw/photometricDataExtract/qso/photometric_data_batch_QSO_1.csv' for class 'QSO' done....
2024-03-29 15:17:57,137 - INFO - Reading and Appending file 'data/raw/photometricDataExtract/qso/photometric_data_batch_QSO_2.csv' for class 'QSO'....
2024-03-29 15:17:57,361 - INFO - Reading and Appending file 'data/raw/photometricDataExtract/qso/photometric_data_batch_QSO_2.csv' for class 'QSO' done....
2024-03-29 15:17:57,373 - INFO - Writing Combination File data/processed/photoMetricData/...
2024-03-29 15:18:01,047 - INFO - Written Combination File data/processed/photoMetricData/...
2024-03-29 15:18:01,052 - INFO - Processing PhotoMetric data done for: QSO
2024-03-29 15:18:01,052 - INFO - Processing PhotoMetric data completed.....2024-03-29_15-18-01
