2024-04-12 10:35:56,851 - INFO - [MainThread] -                  objid            specobjid class         ra       dec         u         g         r         i         z  plate    mjd  fiberid  elodieTEff
0  1237645879562862699   445958098402699264  STAR  15.896126  1.264845  20.14134  19.28787  19.04397  18.96897  18.79573    396  51816      370        6500
1  1237645941286502503  7633614117920856064  STAR  38.037922 -1.042981  19.35777  20.15456  24.80203  17.77139  18.46624   6780  56267       46        6537
2  1237645941286568042  7634843921793964032  STAR  38.051960 -1.036208  24.63467  21.49866  21.45066  19.92876  21.05994   6781  56274      424        6537
3  1237645941291614227  1705795582662043648  STAR  49.627485 -1.041769  17.65612  16.17133  15.58940  15.37850  15.26744   1515  52932      208        5426
4  1237645941824356481  1204744279872792576  STAR  40.272105 -0.642510  19.23401  17.53330  16.87430  16.63157  16.49762   1070  52591      114        5169
2024-04-12 10:35:56,873 - INFO - [MainThread] - Combining both Star Data CSV Files
2024-04-12 10:35:56,873 - INFO - [MainThread] -                  objid            specobjid class         ra       dec         u         g         r         i         z  plate    mjd  fiberid  elodieTEff
0  1237645879562862699   445958098402699264  STAR  15.896126  1.264845  20.14134  19.28787  19.04397  18.96897  18.79573    396  51816      370        6500
1  1237645941286502503  7633614117920856064  STAR  38.037922 -1.042981  19.35777  20.15456  24.80203  17.77139  18.46624   6780  56267       46        6537
2  1237645941286568042  7634843921793964032  STAR  38.051960 -1.036208  24.63467  21.49866  21.45066  19.92876  21.05994   6781  56274      424        6537
3  1237645941291614227  1705795582662043648  STAR  49.627485 -1.041769  17.65612  16.17133  15.58940  15.37850  15.26744   1515  52932      208        5426
4  1237645941824356481  1204744279872792576  STAR  40.272105 -0.642510  19.23401  17.53330  16.87430  16.63157  16.49762   1070  52591      114        5169
2024-04-12 10:35:57,066 - INFO - [MainThread] - Spectral Class Demography for Combined Dataframe independent of Master File Datapoints
2024-04-12 10:35:57,066 - INFO - [MainThread] - spectral_class
K    417064
F    242985
G    189496
A     84248
M      2475
B       894
Name: count, dtype: int64
2024-04-12 10:35:57,067 - INFO - [MainThread] - Spectral Class Demography for Master File Datapoints
2024-04-12 10:35:57,067 - INFO - [MainThread] - StarClass
K    9539
F    7444
G    5145
A    2787
M      43
B      42
Name: count, dtype: int64
